{"meta": {"format": 3, "version": "7.9.2", "timestamp": "2026-04-21T21:49:56.278952", "branch_coverage": true, "show_contexts": false}, "files": {"src/case_systems/case_category.py": {"executed_lines": [1, 14, 16, 17, 18, 19, 20, 22, 25, 26, 32, 33, 34, 35, 36, 37, 38, 39, 42, 43, 46, 47, 48, 51, 54, 55, 56, 65, 66, 67, 68, 70, 71, 72, 77, 78, 81, 82, 83, 96, 97, 98, 100, 102, 103, 105, 111, 112, 115, 116, 119, 120, 122, 128, 129, 132, 134, 151, 152, 155, 156, 157, 160, 161, 163, 165, 167, 169, 171, 185, 186, 187, 188, 189, 190, 191, 192, 193, 194, 196, 197, 199, 200, 202, 207, 213, 214, 216, 228, 229, 230, 231, 237, 241, 242, 243, 244, 245, 246, 248, 251, 252, 254, 268, 271, 275, 277, 282, 295, 303, 308, 314, 315, 319, 320, 323, 324, 325, 326, 327, 328, 329, 330, 332, 333, 336, 342, 343, 344, 345, 346, 347, 348, 349, 352, 364, 365, 366, 367, 370, 373, 376, 379, 380, 383, 385, 392, 394, 401, 403, 410, 422], "summary": {"covered_lines": 148, "num_statements": 158, "percent_covered": 92.07920792079207, "percent_covered_display": "92.08", "missing_lines": 10, "excluded_lines": 0, "num_branches": 44, "num_partial_branches": 6, "covered_branches": 38, "missing_branches": 6}, "missing_lines": [203, 206, 208, 212, 232, 233, 234, 238, 247, 249], "excluded_lines": [], "executed_branches": [[71, -70], [71, 72], [111, 112], [111, 115], [115, 116], [115, 119], [128, 129], [128, 132], [151, 152], [151, 155], [186, 187], [186, 188], [188, 189], [188, 213], [189, 188], [189, 190], [190, 191], [190, 192], [192, 189], [192, 193], [193, 194], [193, 196], [202, 207], [207, 192], [228, 229], [228, 237], [231, 228], [237, 241], [241, 242], [241, 251], [246, 248], [248, 241], [319, 320], [319, 323], [343, 344], [343, 345], [365, 366], [365, 367]], "missing_branches": [[202, 203], [207, 208], [231, 232], [237, 238], [246, 247], [248, 249]], "functions": {"Morphism.__post_init__": {"executed_lines": [71, 72], "summary": {"covered_lines": 2, "num_statements": 2, "percent_covered": 100.0, "percent_covered_display": "100.00", "missing_lines": 0, "excluded_lines": 0, "num_branches": 2, "num_partial_branches": 0, "covered_branches": 2, "missing_branches": 0}, "missing_lines": [], "excluded_lines": [], "executed_branches": [[71, -70], [71, 72]], "missing_branches": []}, "Morphism.__repr__": {"executed_lines": [78], "summary": {"covered_lines": 1, "num_statements": 1, "percent_covered": 100.0, "percent_covered_display": "100.00", "missing_lines": 0, "excluded_lines": 0, "num_branches": 0, "num_partial_branches": 0, "covered_branches": 0, "missing_branches": 0}, "missing_lines": [], "excluded_lines": [], "executed_branches": [], "missing_branches": []}, "CaseCategory.add_role": {"executed_lines": [102, 103], "summary": {"covered_lines": 2, "num_statements": 2, "percent_covered": 100.0, "percent_covered_display": "100.00", "missing_lines": 0, "excluded_lines": 0, "num_branches": 0, "num_partial_branches": 0, "covered_branches": 0, "missing_branches": 0}, "missing_lines": [], "excluded_lines": [], "executed_branches": [], "missing_branches": []}, "CaseCategory.add_morphism": {"executed_lines": [111, 112, 115, 116, 119, 120], "summary": {"covered_lines": 6, "num_statements": 6, "percent_covered": 100.0, "percent_covered_display": "100.00", "missing_lines": 0, "excluded_lines": 0, "num_branches": 4, "num_partial_branches": 0, "covered_branches": 4, "missing_branches": 0}, "missing_lines": [], "excluded_lines": [], "executed_branches": [[111, 112], [111, 115], [115, 116], [115, 119]], "missing_branches": []}, "CaseCategory.identity": {"executed_lines": [128, 129, 132], "summary": {"covered_lines": 3, "num_statements": 3, "percent_covered": 100.0, "percent_covered_display": "100.00", "missing_lines": 0, "excluded_lines": 0, "num_branches": 2, "num_partial_branches": 0, "covered_branches": 2, "missing_branches": 0}, "missing_lines": [], "excluded_lines": [], "executed_branches": [[128, 129], [128, 132]], "missing_branches": []}, "CaseCategory.compose": {"executed_lines": [151, 152, 155, 156, 157, 160, 161], "summary": {"covered_lines": 7, "num_statements": 7, "percent_covered": 100.0, "percent_covered_display": "100.00", "missing_lines": 0, "excluded_lines": 0, "num_branches": 2, "num_partial_branches": 0, "covered_branches": 2, "missing_branches": 0}, "missing_lines": [], "excluded_lines": [], "executed_branches": [[151, 152], [151, 155]], "missing_branches": []}, "CaseCategory.get_morphisms_from": {"executed_lines": [165], "summary": {"covered_lines": 1, "num_statements": 1, "percent_covered": 100.0, "percent_covered_display": "100.00", "missing_lines": 0, "excluded_lines": 0, "num_branches": 0, "num_partial_branches": 0, "covered_branches": 0, "missing_branches": 0}, "missing_lines": [], "excluded_lines": [], "executed_branches": [], "missing_branches": []}, "CaseCategory.get_morphisms_to": {"executed_lines": [169], "summary": {"covered_lines": 1, "num_statements": 1, "percent_covered": 100.0, "percent_covered_display": "100.00", "missing_lines": 0, "excluded_lines": 0, "num_branches": 0, "num_partial_branches": 0, "covered_branches": 0, "missing_branches": 0}, "missing_lines": [], "excluded_lines": [], "executed_branches": [], "missing_branches": []}, "CaseCategory.associativity_holds": {"executed_lines": [185, 186, 187, 188, 189, 190, 191, 192, 193, 194, 196, 197, 199, 200, 202, 207, 213, 214], "summary": {"covered_lines": 18, "num_statements": 22, "percent_covered": 84.21052631578948, "percent_covered_display": "84.21", "missing_lines": 4, "excluded_lines": 0, "num_branches": 16, "num_partial_branches": 2, "covered_branches": 14, "missing_branches": 2}, "missing_lines": [203, 206, 208, 212], "excluded_lines": [], "executed_branches": [[186, 187], [186, 188], [188, 189], [188, 213], [189, 188], [189, 190], [190, 191], [190, 192], [192, 189], [192, 193], [193, 194], [193, 196], [202, 207], [207, 192]], "missing_branches": [[202, 203], [207, 208]]}, "CaseCategory.is_well_formed": {"executed_lines": [228, 229, 230, 231, 237, 241, 242, 243, 244, 245, 246, 248, 251, 252], "summary": {"covered_lines": 14, "num_statements": 20, "percent_covered": 68.75, "percent_covered_display": "68.75", "missing_lines": 6, "excluded_lines": 0, "num_branches": 12, "num_partial_branches": 4, "covered_branches": 8, "missing_branches": 4}, "missing_lines": [232, 233, 234, 238, 247, 249], "excluded_lines": [], "executed_branches": [[228, 229], [228, 237], [231, 228], [237, 241], [241, 242], [241, 251], [246, 248], [248, 241]], "missing_branches": [[231, 232], [237, 238], [246, 247], [248, 249]]}, "CaseCategory.assess_daif_surprisal": {"executed_lines": [268, 271, 275, 277], "summary": {"covered_lines": 4, "num_statements": 4, "percent_covered": 100.0, "percent_covered_display": "100.00", "missing_lines": 0, "excluded_lines": 0, "num_branches": 0, "num_partial_branches": 0, "covered_branches": 0, "missing_branches": 0}, "missing_lines": [], "excluded_lines": [], "executed_branches": [], "missing_branches": []}, "CaseCategory.detect_prompt_injection": {"executed_lines": [295, 303], "summary": {"covered_lines": 2, "num_statements": 2, "percent_covered": 100.0, "percent_covered_display": "100.00", "missing_lines": 0, "excluded_lines": 0, "num_branches": 0, "num_partial_branches": 0, "covered_branches": 0, "missing_branches": 0}, "missing_lines": [], "excluded_lines": [], "executed_branches": [], "missing_branches": []}, "standard_case_category": {"executed_lines": [314, 315, 319, 320, 323, 324, 325, 326, 327, 328, 329, 330, 332, 333], "summary": {"covered_lines": 14, "num_statements": 14, "percent_covered": 100.0, "percent_covered_display": "100.00", "missing_lines": 0, "excluded_lines": 0, "num_branches": 2, "num_partial_branches": 0, "covered_branches": 2, "missing_branches": 0}, "missing_lines": [], "excluded_lines": [], "executed_branches": [[319, 320], [319, 323]], "missing_branches": []}, "minimal_case_category": {"executed_lines": [342, 343, 344, 345, 346, 347, 348, 349], "summary": {"covered_lines": 8, "num_statements": 8, "percent_covered": 100.0, "percent_covered_display": "100.00", "missing_lines": 0, "excluded_lines": 0, "num_branches": 2, "num_partial_branches": 0, "covered_branches": 2, "missing_branches": 0}, "missing_lines": [], "excluded_lines": [], "executed_branches": [[343, 344], [343, 345]], "missing_branches": []}, "introductory_case_category": {"executed_lines": [364, 365, 366, 367, 370, 373, 376, 379, 380], "summary": {"covered_lines": 9, "num_statements": 9, "percent_covered": 100.0, "percent_covered_display": "100.00", "missing_lines": 0, "excluded_lines": 0, "num_branches": 2, "num_partial_branches": 0, "covered_branches": 2, "missing_branches": 0}, "missing_lines": [], "excluded_lines": [], "executed_branches": [[365, 366], [365, 367]], "missing_branches": []}, "accusative_alignment": {"executed_lines": [385], "summary": {"covered_lines": 1, "num_statements": 1, "percent_covered": 100.0, "percent_covered_display": "100.00", "missing_lines": 0, "excluded_lines": 0, "num_branches": 0, "num_partial_branches": 0, "covered_branches": 0, "missing_branches": 0}, "missing_lines": [], "excluded_lines": [], "executed_branches": [], "missing_branches": []}, "ergative_alignment": {"executed_lines": [394], "summary": {"covered_lines": 1, "num_statements": 1, "percent_covered": 100.0, "percent_covered_display": "100.00", "missing_lines": 0, "excluded_lines": 0, "num_branches": 0, "num_partial_branches": 0, "covered_branches": 0, "missing_branches": 0}, "missing_lines": [], "excluded_lines": [], "executed_branches": [], "missing_branches": []}, "tripartite_alignment": {"executed_lines": [403], "summary": {"covered_lines": 1, "num_statements": 1, "percent_covered": 100.0, "percent_covered_display": "100.00", "missing_lines": 0, "excluded_lines": 0, "num_branches": 0, "num_partial_branches": 0, "covered_branches": 0, "missing_branches": 0}, "missing_lines": [], "excluded_lines": [], "executed_branches": [], "missing_branches": []}, "active_stative_alignment": {"executed_lines": [422], "summary": {"covered_lines": 1, "num_statements": 1, "percent_covered": 100.0, "percent_covered_display": "100.00", "missing_lines": 0, "excluded_lines": 0, "num_branches": 0, "num_partial_branches": 0, "covered_branches": 0, "missing_branches": 0}, "missing_lines": [], "excluded_lines": [], "executed_branches": [], "missing_branches": []}, "": {"executed_lines": [1, 14, 16, 17, 18, 19, 20, 22, 25, 26, 32, 33, 34, 35, 36, 37, 38, 39, 42, 43, 46, 47, 48, 51, 54, 55, 56, 65, 66, 67, 68, 70, 77, 81, 82, 83, 96, 97, 98, 100, 105, 122, 134, 163, 167, 171, 216, 254, 282, 308, 336, 352, 383, 392, 401, 410], "summary": {"covered_lines": 52, "num_statements": 52, "percent_covered": 100.0, "percent_covered_display": "100.00", "missing_lines": 0, "excluded_lines": 0, "num_branches": 0, "num_partial_branches": 0, "covered_branches": 0, "missing_branches": 0}, "missing_lines": [], "excluded_lines": [], "executed_branches": [], "missing_branches": []}}, "classes": {"CaseRole": {"executed_lines": [], "summary": {"covered_lines": 0, "num_statements": 0, "percent_covered": 100.0, "percent_covered_display": "100.00", "missing_lines": 0, "excluded_lines": 0, "num_branches": 0, "num_partial_branches": 0, "covered_branches": 0, "missing_branches": 0}, "missing_lines": [], "excluded_lines": [], "executed_branches": [], "missing_branches": []}, "Morphism": {"executed_lines": [71, 72, 78], "summary": {"covered_lines": 3, "num_statements": 3, "percent_covered": 100.0, "percent_covered_display": "100.00", "missing_lines": 0, "excluded_lines": 0, "num_branches": 2, "num_partial_branches": 0, "covered_branches": 2, "missing_branches": 0}, "missing_lines": [], "excluded_lines": [], "executed_branches": [[71, -70], [71, 72]], "missing_branches": []}, "CaseCategory": {"executed_lines": [102, 103, 111, 112, 115, 116, 119, 120, 128, 129, 132, 151, 152, 155, 156, 157, 160, 161, 165, 169, 185, 186, 187, 188, 189, 190, 191, 192, 193, 194, 196, 197, 199, 200, 202, 207, 213, 214, 228, 229, 230, 231, 237, 241, 242, 243, 244, 245, 246, 248, 251, 252, 268, 271, 275, 277, 295, 303], "summary": {"covered_lines": 58, "num_statements": 68, "percent_covered": 84.61538461538461, "percent_covered_display": "84.62", "missing_lines": 10, "excluded_lines": 0, "num_branches": 36, "num_partial_branches": 6, "covered_branches": 30, "missing_branches": 6}, "missing_lines": [203, 206, 208, 212, 232, 233, 234, 238, 247, 249], "excluded_lines": [], "executed_branches": [[111, 112], [111, 115], [115, 116], [115, 119], [128, 129], [128, 132], [151, 152], [151, 155], [186, 187], [186, 188], [188, 189], [188, 213], [189, 188], [189, 190], [190, 191], [190, 192], [192, 189], [192, 193], [193, 194], [193, 196], [202, 207], [207, 192], [228, 229], [228, 237], [231, 228], [237, 241], [241, 242], [241, 251], [246, 248], [248, 241]], "missing_branches": [[202, 203], [207, 208], [231, 232], [237, 238], [246, 247], [248, 249]]}, "": {"executed_lines": [1, 14, 16, 17, 18, 19, 20, 22, 25, 26, 32, 33, 34, 35, 36, 37, 38, 39, 42, 43, 46, 47, 48, 51, 54, 55, 56, 65, 66, 67, 68, 70, 77, 81, 82, 83, 96, 97, 98, 100, 105, 122, 134, 163, 167, 171, 216, 254, 282, 308, 314, 315, 319, 320, 323, 324, 325, 326, 327, 328, 329, 330, 332, 333, 336, 342, 343, 344, 345, 346, 347, 348, 349, 352, 364, 365, 366, 367, 370, 373, 376, 379, 380, 383, 385, 392, 394, 401, 403, 410, 422], "summary": {"covered_lines": 87, "num_statements": 87, "percent_covered": 100.0, "percent_covered_display": "100.00", "missing_lines": 0, "excluded_lines": 0, "num_branches": 6, "num_partial_branches": 0, "covered_branches": 6, "missing_branches": 0}, "missing_lines": [], "excluded_lines": [], "executed_branches": [[319, 320], [319, 323], [343, 344], [343, 345], [365, 366], [365, 367]], "missing_branches": []}}}, "src/case_systems/fluid_s.py": {"executed_lines": [1, 20, 21, 22, 23, 25, 27, 30, 31, 32, 33, 36, 37, 38, 52, 53, 54, 55, 56, 58, 60, 61, 64, 69, 87, 89, 90, 91, 93, 94, 95, 98, 100, 103, 105, 118, 119, 121, 123, 126, 131, 142, 144, 153, 160, 165, 166, 168, 174, 177, 178, 179, 180, 181, 182, 185, 198, 200, 207, 217, 218, 219, 220, 223, 239, 240, 241, 242, 243], "summary": {"covered_lines": 66, "num_statements": 66, "percent_covered": 100.0, "percent_covered_display": "100.00", "missing_lines": 0, "excluded_lines": 0, "num_branches": 22, "num_partial_branches": 0, "covered_branches": 22, "missing_branches": 0}, "missing_lines": [], "excluded_lines": [], "executed_branches": [[60, 61], [60, 64], [87, 89], [87, 98], [89, 90], [89, 93], [98, 100], [98, 103], [118, 119], [118, 121], [121, 123], [121, 126], [178, 179], [178, 182], [179, 178], [179, 180], [180, 179], [180, 181], [239, 240], [239, 241], [241, 242], [241, 243]], "missing_branches": [], "functions": {"FluidSFunctor.__post_init__": {"executed_lines": [60, 61, 64], "summary": {"covered_lines": 3, "num_statements": 3, "percent_covered": 100.0, "percent_covered_display": "100.00", "missing_lines": 0, "excluded_lines": 0, "num_branches": 2, "num_partial_branches": 0, "covered_branches": 2, "missing_branches": 0}, "missing_lines": [], "excluded_lines": [], "executed_branches": [[60, 61], [60, 64]], "missing_branches": []}, "FluidSFunctor.map_object": {"executed_lines": [87, 89, 90, 91, 93, 94, 95, 98, 100, 103], "summary": {"covered_lines": 10, "num_statements": 10, "percent_covered": 100.0, "percent_covered_display": "100.00", "missing_lines": 0, "excluded_lines": 0, "num_branches": 6, "num_partial_branches": 0, "covered_branches": 6, "missing_branches": 0}, "missing_lines": [], "excluded_lines": [], "executed_branches": [[87, 89], [87, 98], [89, 90], [89, 93], [98, 100], [98, 103]], "missing_branches": []}, "FluidSFunctor.map_object_in_context": {"executed_lines": [118, 119, 121, 123, 126], "summary": {"covered_lines": 5, "num_statements": 5, "percent_covered": 100.0, "percent_covered_display": "100.00", "missing_lines": 0, "excluded_lines": 0, "num_branches": 4, "num_partial_branches": 0, "covered_branches": 4, "missing_branches": 0}, "missing_lines": [], "excluded_lines": [], "executed_branches": [[118, 119], [118, 121], [121, 123], [121, 126]], "missing_branches": []}, "FluidSFunctor.split_probability": {"executed_lines": [142], "summary": {"covered_lines": 1, "num_statements": 1, "percent_covered": 100.0, "percent_covered_display": "100.00", "missing_lines": 0, "excluded_lines": 0, "num_branches": 0, "num_partial_branches": 0, "covered_branches": 0, "missing_branches": 0}, "missing_lines": [], "excluded_lines": [], "executed_branches": [], "missing_branches": []}, "FluidSFunctor.map_morphism": {"executed_lines": [153], "summary": {"covered_lines": 1, "num_statements": 1, "percent_covered": 100.0, "percent_covered_display": "100.00", "missing_lines": 0, "excluded_lines": 0, "num_branches": 0, "num_partial_branches": 0, "covered_branches": 0, "missing_branches": 0}, "missing_lines": [], "excluded_lines": [], "executed_branches": [], "missing_branches": []}, "FluidSFunctor.preserves_identity": {"executed_lines": [165, 166], "summary": {"covered_lines": 2, "num_statements": 2, "percent_covered": 100.0, "percent_covered_display": "100.00", "missing_lines": 0, "excluded_lines": 0, "num_branches": 0, "num_partial_branches": 0, "covered_branches": 0, "missing_branches": 0}, "missing_lines": [], "excluded_lines": [], "executed_branches": [], "missing_branches": []}, "FluidSFunctor.kernel": {"executed_lines": [174, 177, 178, 179, 180, 181, 182], "summary": {"covered_lines": 7, "num_statements": 7, "percent_covered": 100.0, "percent_covered_display": "100.00", "missing_lines": 0, "excluded_lines": 0, "num_branches": 6, "num_partial_branches": 0, "covered_branches": 6, "missing_branches": 0}, "missing_lines": [], "excluded_lines": [], "executed_branches": [[178, 179], [178, 182], [179, 178], [179, 180], [180, 179], [180, 181]], "missing_branches": []}, "create_fluid_s_functor": {"executed_lines": [198, 200], "summary": {"covered_lines": 2, "num_statements": 2, "percent_covered": 100.0, "percent_covered_display": "100.00", "missing_lines": 0, "excluded_lines": 0, "num_branches": 0, "num_partial_branches": 0, "covered_branches": 0, "missing_branches": 0}, "missing_lines": [], "excluded_lines": [], "executed_branches": [], "missing_branches": []}, "bats_fluid_s": {"executed_lines": [217, 218, 219, 220], "summary": {"covered_lines": 4, "num_statements": 4, "percent_covered": 100.0, "percent_covered_display": "100.00", "missing_lines": 0, "excluded_lines": 0, "num_branches": 0, "num_partial_branches": 0, "covered_branches": 0, "missing_branches": 0}, "missing_lines": [], "excluded_lines": [], "executed_branches": [], "missing_branches": []}, "fluid_s_enriched_weight": {"executed_lines": [239, 240, 241, 242, 243], "summary": {"covered_lines": 5, "num_statements": 5, "percent_covered": 100.0, "percent_covered_display": "100.00", "missing_lines": 0, "excluded_lines": 0, "num_branches": 4, "num_partial_branches": 0, "covered_branches": 4, "missing_branches": 0}, "missing_lines": [], "excluded_lines": [], "executed_branches": [[239, 240], [239, 241], [241, 242], [241, 243]], "missing_branches": []}, "": {"executed_lines": [1, 20, 21, 22, 23, 25, 27, 30, 31, 32, 33, 36, 37, 38, 52, 53, 54, 55, 56, 58, 69, 105, 131, 144, 160, 168, 185, 207, 223], "summary": {"covered_lines": 26, "num_statements": 26, "percent_covered": 100.0, "percent_covered_display": "100.00", "missing_lines": 0, "excluded_lines": 0, "num_branches": 0, "num_partial_branches": 0, "covered_branches": 0, "missing_branches": 0}, "missing_lines": [], "excluded_lines": [], "executed_branches": [], "missing_branches": []}}, "classes": {"VolitionContext": {"executed_lines": [], "summary": {"covered_lines": 0, "num_statements": 0, "percent_covered": 100.0, "percent_covered_display": "100.00", "missing_lines": 0, "excluded_lines": 0, "num_branches": 0, "num_partial_branches": 0, "covered_branches": 0, "missing_branches": 0}, "missing_lines": [], "excluded_lines": [], "executed_branches": [], "missing_branches": []}, "FluidSFunctor": {"executed_lines": [60, 61, 64, 87, 89, 90, 91, 93, 94, 95, 98, 100, 103, 118, 119, 121, 123, 126, 142, 153, 165, 166, 174, 177, 178, 179, 180, 181, 182], "summary": {"covered_lines": 29, "num_statements": 29, "percent_covered": 100.0, "percent_covered_display": "100.00", "missing_lines": 0, "excluded_lines": 0, "num_branches": 18, "num_partial_branches": 0, "covered_branches": 18, "missing_branches": 0}, "missing_lines": [], "excluded_lines": [], "executed_branches": [[60, 61], [60, 64], [87, 89], [87, 98], [89, 90], [89, 93], [98, 100], [98, 103], [118, 119], [118, 121], [121, 123], [121, 126], [178, 179], [178, 182], [179, 178], [179, 180], [180, 179], [180, 181]], "missing_branches": []}, "": {"executed_lines": [1, 20, 21, 22, 23, 25, 27, 30, 31, 32, 33, 36, 37, 38, 52, 53, 54, 55, 56, 58, 69, 105, 131, 144, 160, 168, 185, 198, 200, 207, 217, 218, 219, 220, 223, 239, 240, 241, 242, 243], "summary": {"covered_lines": 37, "num_statements": 37, "percent_covered": 100.0, "percent_covered_display": "100.00", "missing_lines": 0, "excluded_lines": 0, "num_branches": 4, "num_partial_branches": 0, "covered_branches": 4, "missing_branches": 0}, "missing_lines": [], "excluded_lines": [], "executed_branches": [[239, 240], [239, 241], [241, 242], [241, 243]], "missing_branches": []}}}, "src/case_systems/functor.py": {"executed_lines": [1, 11, 13, 14, 15, 17, 26, 29, 30, 31, 44, 45, 46, 47, 49, 61, 62, 65, 67, 78, 79, 80, 87, 93, 94, 95, 96, 100, 101, 105, 107, 117, 118, 121, 125, 131, 132, 133, 144, 146, 151, 152, 154, 156, 159, 166, 167, 168, 171, 172, 173, 180, 188, 194, 195, 198, 203, 204, 205, 206, 207, 208, 210, 211, 217, 218, 221, 222, 223, 238, 258, 259, 260, 261, 262, 266, 269, 270, 275, 278, 279, 280, 281, 282, 291, 295], "summary": {"covered_lines": 83, "num_statements": 85, "percent_covered": 97.19626168224299, "percent_covered_display": "97.20", "missing_lines": 2, "excluded_lines": 0, "num_branches": 22, "num_partial_branches": 1, "covered_branches": 21, "missing_branches": 1}, "missing_lines": [283, 289], "excluded_lines": [], "executed_branches": [[61, 62], [61, 65], [100, 101], [100, 105], [132, 133], [132, 144], [167, 168], [167, 171], [172, 173], [172, 180], [205, 206], [205, 207], [207, 208], [207, 210], [269, 270], [269, 278], [279, 280], [279, 291], [280, 279], [280, 281], [282, 279]], "missing_branches": [[282, 283]], "functions": {"AlignmentFunctor.map_object": {"executed_lines": [61, 62, 65], "summary": {"covered_lines": 3, "num_statements": 3, "percent_covered": 100.0, "percent_covered_display": "100.00", "missing_lines": 0, "excluded_lines": 0, "num_branches": 2, "num_partial_branches": 0, "covered_branches": 2, "missing_branches": 0}, "missing_lines": [], "excluded_lines": [], "executed_branches": [[61, 62], [61, 65]], "missing_branches": []}, "AlignmentFunctor.map_morphism": {"executed_lines": [78, 79, 80], "summary": {"covered_lines": 3, "num_statements": 3, "percent_covered": 100.0, "percent_covered_display": "100.00", "missing_lines": 0, "excluded_lines": 0, "num_branches": 0, "num_partial_branches": 0, "covered_branches": 0, "missing_branches": 0}, "missing_lines": [], "excluded_lines": [], "executed_branches": [], "missing_branches": []}, "AlignmentFunctor.preserves_identity": {"executed_lines": [93, 94, 95, 96, 100, 101, 105], "summary": {"covered_lines": 7, "num_statements": 7, "percent_covered": 100.0, "percent_covered_display": "100.00", "missing_lines": 0, "excluded_lines": 0, "num_branches": 2, "num_partial_branches": 0, "covered_branches": 2, "missing_branches": 0}, "missing_lines": [], "excluded_lines": [], "executed_branches": [[100, 101], [100, 105]], "missing_branches": []}, "AlignmentFunctor.preserves_composition": {"executed_lines": [117, 118, 121, 125, 131, 132, 133, 144], "summary": {"covered_lines": 8, "num_statements": 8, "percent_covered": 100.0, "percent_covered_display": "100.00", "missing_lines": 0, "excluded_lines": 0, "num_branches": 2, "num_partial_branches": 0, "covered_branches": 2, "missing_branches": 0}, "missing_lines": [], "excluded_lines": [], "executed_branches": [[132, 133], [132, 144]], "missing_branches": []}, "AlignmentFunctor.is_injective": {"executed_lines": [151, 152], "summary": {"covered_lines": 2, "num_statements": 2, "percent_covered": 100.0, "percent_covered_display": "100.00", "missing_lines": 0, "excluded_lines": 0, "num_branches": 0, "num_partial_branches": 0, "covered_branches": 0, "missing_branches": 0}, "missing_lines": [], "excluded_lines": [], "executed_branches": [], "missing_branches": []}, "AlignmentFunctor.image_roles": {"executed_lines": [156], "summary": {"covered_lines": 1, "num_statements": 1, "percent_covered": 100.0, "percent_covered_display": "100.00", "missing_lines": 0, "excluded_lines": 0, "num_branches": 0, "num_partial_branches": 0, "covered_branches": 0, "missing_branches": 0}, "missing_lines": [], "excluded_lines": [], "executed_branches": [], "missing_branches": []}, "accusative_to_ergative_functor": {"executed_lines": [166, 167, 168, 171, 172, 173, 180, 188, 194, 195], "summary": {"covered_lines": 10, "num_statements": 10, "percent_covered": 100.0, "percent_covered_display": "100.00", "missing_lines": 0, "excluded_lines": 0, "num_branches": 4, "num_partial_branches": 0, "covered_branches": 4, "missing_branches": 0}, "missing_lines": [], "excluded_lines": [], "executed_branches": [[167, 168], [167, 171], [172, 173], [172, 180]], "missing_branches": []}, "tripartite_functor": {"executed_lines": [203, 204, 205, 206, 207, 208, 210, 211, 217, 218], "summary": {"covered_lines": 10, "num_statements": 10, "percent_covered": 100.0, "percent_covered_display": "100.00", "missing_lines": 0, "excluded_lines": 0, "num_branches": 4, "num_partial_branches": 0, "covered_branches": 4, "missing_branches": 0}, "missing_lines": [], "excluded_lines": [], "executed_branches": [[205, 206], [205, 207], [207, 208], [207, 210]], "missing_branches": []}, "MonoidalFunctor.preserves_tensor": {"executed_lines": [258, 259, 260, 261, 262, 266, 269, 270, 275, 278, 279, 280, 281, 282, 291, 295], "summary": {"covered_lines": 16, "num_statements": 18, "percent_covered": 88.46153846153847, "percent_covered_display": "88.46", "missing_lines": 2, "excluded_lines": 0, "num_branches": 8, "num_partial_branches": 1, "covered_branches": 7, "missing_branches": 1}, "missing_lines": [283, 289], "excluded_lines": [], "executed_branches": [[269, 270], [269, 278], [279, 280], [279, 291], [280, 279], [280, 281], [282, 279]], "missing_branches": [[282, 283]]}, "": {"executed_lines": [1, 11, 13, 14, 15, 17, 26, 29, 30, 31, 44, 45, 46, 47, 49, 67, 87, 107, 146, 154, 159, 198, 221, 222, 223, 238], "summary": {"covered_lines": 23, "num_statements": 23, "percent_covered": 100.0, "percent_covered_display": "100.00", "missing_lines": 0, "excluded_lines": 0, "num_branches": 0, "num_partial_branches": 0, "covered_branches": 0, "missing_branches": 0}, "missing_lines": [], "excluded_lines": [], "executed_branches": [], "missing_branches": []}}, "classes": {"AlignmentFunctor": {"executed_lines": [61, 62, 65, 78, 79, 80, 93, 94, 95, 96, 100, 101, 105, 117, 118, 121, 125, 131, 132, 133, 144, 151, 152, 156], "summary": {"covered_lines": 24, "num_statements": 24, "percent_covered": 100.0, "percent_covered_display": "100.00", "missing_lines": 0, "excluded_lines": 0, "num_branches": 6, "num_partial_branches": 0, "covered_branches": 6, "missing_branches": 0}, "missing_lines": [], "excluded_lines": [], "executed_branches": [[61, 62], [61, 65], [100, 101], [100, 105], [132, 133], [132, 144]], "missing_branches": []}, "MonoidalFunctor": {"executed_lines": [258, 259, 260, 261, 262, 266, 269, 270, 275, 278, 279, 280, 281, 282, 291, 295], "summary": {"covered_lines": 16, "num_statements": 18, "percent_covered": 88.46153846153847, "percent_covered_display": "88.46", "missing_lines": 2, "excluded_lines": 0, "num_branches": 8, "num_partial_branches": 1, "covered_branches": 7, "missing_branches": 1}, "missing_lines": [283, 289], "excluded_lines": [], "executed_branches": [[269, 270], [269, 278], [279, 280], [279, 291], [280, 279], [280, 281], [282, 279]], "missing_branches": [[282, 283]]}, "": {"executed_lines": [1, 11, 13, 14, 15, 17, 26, 29, 30, 31, 44, 45, 46, 47, 49, 67, 87, 107, 146, 154, 159, 166, 167, 168, 171, 172, 173, 180, 188, 194, 195, 198, 203, 204, 205, 206, 207, 208, 210, 211, 217, 218, 221, 222, 223, 238], "summary": {"covered_lines": 43, "num_statements": 43, "percent_covered": 100.0, "percent_covered_display": "100.00", "missing_lines": 0, "excluded_lines": 0, "num_branches": 8, "num_partial_branches": 0, "covered_branches": 8, "missing_branches": 0}, "missing_lines": [], "excluded_lines": [], "executed_branches": [[167, 168], [167, 171], [172, 173], [172, 180], [205, 206], [205, 207], [207, 208], [207, 210]], "missing_branches": []}}}, "src/case_systems/natural_transformation.py": {"executed_lines": [1, 16, 18, 19, 20, 22, 23, 25, 28, 29, 30, 38, 39, 40, 42, 44, 51, 52, 53, 62, 63, 64, 65, 67, 69, 77, 87, 88, 91, 96, 97, 99, 100, 104, 110, 111, 116, 122, 123, 124, 125, 126, 127, 131, 133, 139, 141, 143, 145, 168, 169, 173, 175, 176, 178, 179, 182, 185, 187, 188, 189, 190, 193, 195, 197, 207, 216, 217, 219, 226, 229, 230, 231, 236, 242, 248, 249, 254, 257, 275, 276, 281, 287, 288, 289, 290, 291, 297, 301], "summary": {"covered_lines": 85, "num_statements": 92, "percent_covered": 89.34426229508196, "percent_covered_display": "89.34", "missing_lines": 7, "excluded_lines": 0, "num_branches": 30, "num_partial_branches": 6, "covered_branches": 24, "missing_branches": 6}, "missing_lines": [71, 92, 105, 198, 206, 208, 214], "excluded_lines": [], "executed_branches": [[69, -67], [87, 88], [87, 91], [91, 96], [99, 100], [99, 104], [104, 110], [125, 126], [125, 131], [168, 169], [168, 175], [178, 179], [178, 216], [179, 182], [179, 187], [197, 207], [207, 178], [248, 249], [248, 254], [275, 276], [275, 281], [287, 288], [287, 297], [288, 289]], "missing_branches": [[69, 71], [91, 92], [104, 105], [197, 198], [207, 208], [288, 287]], "functions": {"ComponentMorphism.as_morphism": {"executed_lines": [44], "summary": {"covered_lines": 1, "num_statements": 1, "percent_covered": 100.0, "percent_covered_display": "100.00", "missing_lines": 0, "excluded_lines": 0, "num_branches": 0, "num_partial_branches": 0, "covered_branches": 0, "missing_branches": 0}, "missing_lines": [], "excluded_lines": [], "executed_branches": [], "missing_branches": []}, "NaturalTransformation.__post_init__": {"executed_lines": [69], "summary": {"covered_lines": 1, "num_statements": 2, "percent_covered": 50.0, "percent_covered_display": "50.00", "missing_lines": 1, "excluded_lines": 0, "num_branches": 2, "num_partial_branches": 1, "covered_branches": 1, "missing_branches": 1}, "missing_lines": [71], "excluded_lines": [], "executed_branches": [[69, -67]], "missing_branches": [[69, 71]]}, "NaturalTransformation.set_component": {"executed_lines": [87, 88, 91, 96, 97, 99, 100, 104, 110, 111], "summary": {"covered_lines": 10, "num_statements": 12, "percent_covered": 80.0, "percent_covered_display": "80.00", "missing_lines": 2, "excluded_lines": 0, "num_branches": 8, "num_partial_branches": 2, "covered_branches": 6, "missing_branches": 2}, "missing_lines": [92, 105], "excluded_lines": [], "executed_branches": [[87, 88], [87, 91], [91, 96], [99, 100], [99, 104], [104, 110]], "missing_branches": [[91, 92], [104, 105]]}, "NaturalTransformation.is_complete": {"executed_lines": [122, 123, 124, 125, 126, 127, 131], "summary": {"covered_lines": 7, "num_statements": 7, "percent_covered": 100.0, "percent_covered_display": "100.00", "missing_lines": 0, "excluded_lines": 0, "num_branches": 2, "num_partial_branches": 0, "covered_branches": 2, "missing_branches": 0}, "missing_lines": [], "excluded_lines": [], "executed_branches": [[125, 126], [125, 131]], "missing_branches": []}, "NaturalTransformation.component_morphisms": {"executed_lines": [139], "summary": {"covered_lines": 1, "num_statements": 1, "percent_covered": 100.0, "percent_covered_display": "100.00", "missing_lines": 0, "excluded_lines": 0, "num_branches": 0, "num_partial_branches": 0, "covered_branches": 0, "missing_branches": 0}, "missing_lines": [], "excluded_lines": [], "executed_branches": [], "missing_branches": []}, "NaturalTransformation.image_roles": {"executed_lines": [143], "summary": {"covered_lines": 1, "num_statements": 1, "percent_covered": 100.0, "percent_covered_display": "100.00", "missing_lines": 0, "excluded_lines": 0, "num_branches": 0, "num_partial_branches": 0, "covered_branches": 0, "missing_branches": 0}, "missing_lines": [], "excluded_lines": [], "executed_branches": [], "missing_branches": []}, "NaturalTransformation.naturality_holds": {"executed_lines": [168, 169, 173, 175, 176, 178, 179, 182, 185, 187, 188, 189, 190, 193, 195, 197, 207, 216, 217], "summary": {"covered_lines": 19, "num_statements": 23, "percent_covered": 81.81818181818181, "percent_covered_display": "81.82", "missing_lines": 4, "excluded_lines": 0, "num_branches": 10, "num_partial_branches": 2, "covered_branches": 8, "missing_branches": 2}, "missing_lines": [198, 206, 208, 214], "excluded_lines": [], "executed_branches": [[168, 169], [168, 175], [178, 179], [178, 216], [179, 182], [179, 187], [197, 207], [207, 178]], "missing_branches": [[197, 198], [207, 208]]}, "NaturalTransformation.verify_naturality": {"executed_lines": [226], "summary": {"covered_lines": 1, "num_statements": 1, "percent_covered": 100.0, "percent_covered_display": "100.00", "missing_lines": 0, "excluded_lines": 0, "num_branches": 0, "num_partial_branches": 0, "covered_branches": 0, "missing_branches": 0}, "missing_lines": [], "excluded_lines": [], "executed_branches": [], "missing_branches": []}, "IdentityNaturalTransformation.__init__": {"executed_lines": [242, 248, 249, 254], "summary": {"covered_lines": 4, "num_statements": 4, "percent_covered": 100.0, "percent_covered_display": "100.00", "missing_lines": 0, "excluded_lines": 0, "num_branches": 2, "num_partial_branches": 0, "covered_branches": 2, "missing_branches": 0}, "missing_lines": [], "excluded_lines": [], "executed_branches": [[248, 249], [248, 254]], "missing_branches": []}, "compose_transformations": {"executed_lines": [275, 276, 281, 287, 288, 289, 290, 291, 297, 301], "summary": {"covered_lines": 10, "num_statements": 10, "percent_covered": 93.75, "percent_covered_display": "93.75", "missing_lines": 0, "excluded_lines": 0, "num_branches": 6, "num_partial_branches": 1, "covered_branches": 5, "missing_branches": 1}, "missing_lines": [], "excluded_lines": [], "executed_branches": [[275, 276], [275, 281], [287, 288], [287, 297], [288, 289]], "missing_branches": [[288, 287]]}, "": {"executed_lines": [1, 16, 18, 19, 20, 22, 23, 25, 28, 29, 30, 38, 39, 40, 42, 51, 52, 53, 62, 63, 64, 65, 67, 77, 116, 133, 141, 145, 219, 229, 230, 231, 236, 257], "summary": {"covered_lines": 30, "num_statements": 30, "percent_covered": 100.0, "percent_covered_display": "100.00", "missing_lines": 0, "excluded_lines": 0, "num_branches": 0, "num_partial_branches": 0, "covered_branches": 0, "missing_branches": 0}, "missing_lines": [], "excluded_lines": [], "executed_branches": [], "missing_branches": []}}, "classes": {"ComponentMorphism": {"executed_lines": [44], "summary": {"covered_lines": 1, "num_statements": 1, "percent_covered": 100.0, "percent_covered_display": "100.00", "missing_lines": 0, "excluded_lines": 0, "num_branches": 0, "num_partial_branches": 0, "covered_branches": 0, "missing_branches": 0}, "missing_lines": [], "excluded_lines": [], "executed_branches": [], "missing_branches": []}, "NaturalTransformation": {"executed_lines": [69, 87, 88, 91, 96, 97, 99, 100, 104, 110, 111, 122, 123, 124, 125, 126, 127, 131, 139, 143, 168, 169, 173, 175, 176, 178, 179, 182, 185, 187, 188, 189, 190, 193, 195, 197, 207, 216, 217, 226], "summary": {"covered_lines": 40, "num_statements": 47, "percent_covered": 82.6086956521739, "percent_covered_display": "82.61", "missing_lines": 7, "excluded_lines": 0, "num_branches": 22, "num_partial_branches": 5, "covered_branches": 17, "missing_branches": 5}, "missing_lines": [71, 92, 105, 198, 206, 208, 214], "excluded_lines": [], "executed_branches": [[69, -67], [87, 88], [87, 91], [91, 96], [99, 100], [99, 104], [104, 110], [125, 126], [125, 131], [168, 169], [168, 175], [178, 179], [178, 216], [179, 182], [179, 187], [197, 207], [207, 178]], "missing_branches": [[69, 71], [91, 92], [104, 105], [197, 198], [207, 208]]}, "IdentityNaturalTransformation": {"executed_lines": [242, 248, 249, 254], "summary": {"covered_lines": 4, "num_statements": 4, "percent_covered": 100.0, "percent_covered_display": "100.00", "missing_lines": 0, "excluded_lines": 0, "num_branches": 2, "num_partial_branches": 0, "covered_branches": 2, "missing_branches": 0}, "missing_lines": [], "excluded_lines": [], "executed_branches": [[248, 249], [248, 254]], "missing_branches": []}, "": {"executed_lines": [1, 16, 18, 19, 20, 22, 23, 25, 28, 29, 30, 38, 39, 40, 42, 51, 52, 53, 62, 63, 64, 65, 67, 77, 116, 133, 141, 145, 219, 229, 230, 231, 236, 257, 275, 276, 281, 287, 288, 289, 290, 291, 297, 301], "summary": {"covered_lines": 40, "num_statements": 40, "percent_covered": 97.82608695652173, "percent_covered_display": "97.83", "missing_lines": 0, "excluded_lines": 0, "num_branches": 6, "num_partial_branches": 1, "covered_branches": 5, "missing_branches": 1}, "missing_lines": [], "excluded_lines": [], "executed_branches": [[275, 276], [275, 281], [287, 288], [287, 297], [288, 289]], "missing_branches": [[288, 287]]}}}, "src/cognitive/action_selection.py": {"executed_lines": [1, 7, 9, 11, 14, 49, 50, 51, 52, 55, 58, 61, 63, 64, 66], "summary": {"covered_lines": 14, "num_statements": 14, "percent_covered": 100.0, "percent_covered_display": "100.00", "missing_lines": 0, "excluded_lines": 0, "num_branches": 0, "num_partial_branches": 0, "covered_branches": 0, "missing_branches": 0}, "missing_lines": [], "excluded_lines": [], "executed_branches": [], "missing_branches": [], "functions": {"expected_free_energy": {"executed_lines": [49, 50, 51, 52, 55, 58, 61, 63, 64, 66], "summary": {"covered_lines": 10, "num_statements": 10, "percent_covered": 100.0, "percent_covered_display": "100.00", "missing_lines": 0, "excluded_lines": 0, "num_branches": 0, "num_partial_branches": 0, "covered_branches": 0, "missing_branches": 0}, "missing_lines": [], "excluded_lines": [], "executed_branches": [], "missing_branches": []}, "": {"executed_lines": [1, 7, 9, 11, 14], "summary": {"covered_lines": 4, "num_statements": 4, "percent_covered": 100.0, "percent_covered_display": "100.00", "missing_lines": 0, "excluded_lines": 0, "num_branches": 0, "num_partial_branches": 0, "covered_branches": 0, "missing_branches": 0}, "missing_lines": [], "excluded_lines": [], "executed_branches": [], "missing_branches": []}}, "classes": {"": {"executed_lines": [1, 7, 9, 11, 14, 49, 50, 51, 52, 55, 58, 61, 63, 64, 66], "summary": {"covered_lines": 14, "num_statements": 14, "percent_covered": 100.0, "percent_covered_display": "100.00", "missing_lines": 0, "excluded_lines": 0, "num_branches": 0, "num_partial_branches": 0, "covered_branches": 0, "missing_branches": 0}, "missing_lines": [], "excluded_lines": [], "executed_branches": [], "missing_branches": []}}}, "src/cognitive/belief.py": {"executed_lines": [1, 6, 8, 9, 11, 13, 15, 18, 19, 20, 30, 31, 32, 34, 36, 37, 38, 42, 43, 46, 47, 48, 50, 58, 59, 61, 67, 68, 70, 82, 83, 84, 85], "summary": {"covered_lines": 31, "num_statements": 31, "percent_covered": 100.0, "percent_covered_display": "100.00", "missing_lines": 0, "excluded_lines": 0, "num_branches": 8, "num_partial_branches": 0, "covered_branches": 8, "missing_branches": 0}, "missing_lines": [], "excluded_lines": [], "executed_branches": [[37, 38], [37, 42], [42, 43], [42, 46], [46, 47], [46, 48], [82, 83], [82, 84]], "missing_branches": [], "functions": {"CaseDiagramBelief.__post_init__": {"executed_lines": [36, 37, 38, 42, 43, 46, 47, 48], "summary": {"covered_lines": 8, "num_statements": 8, "percent_covered": 100.0, "percent_covered_display": "100.00", "missing_lines": 0, "excluded_lines": 0, "num_branches": 6, "num_partial_branches": 0, "covered_branches": 6, "missing_branches": 0}, "missing_lines": [], "excluded_lines": [], "executed_branches": [[37, 38], [37, 42], [42, 43], [42, 46], [46, 47], [46, 48]], "missing_branches": []}, "CaseDiagramBelief.entropy": {"executed_lines": [58, 59], "summary": {"covered_lines": 2, "num_statements": 2, "percent_covered": 100.0, "percent_covered_display": "100.00", "missing_lines": 0, "excluded_lines": 0, "num_branches": 0, "num_partial_branches": 0, "covered_branches": 0, "missing_branches": 0}, "missing_lines": [], "excluded_lines": [], "executed_branches": [], "missing_branches": []}, "CaseDiagramBelief.most_likely_role": {"executed_lines": [67, 68], "summary": {"covered_lines": 2, "num_statements": 2, "percent_covered": 100.0, "percent_covered_display": "100.00", "missing_lines": 0, "excluded_lines": 0, "num_branches": 0, "num_partial_branches": 0, "covered_branches": 0, "missing_branches": 0}, "missing_lines": [], "excluded_lines": [], "executed_branches": [], "missing_branches": []}, "CaseDiagramBelief.probability_of": {"executed_lines": [82, 83, 84, 85], "summary": {"covered_lines": 4, "num_statements": 4, "percent_covered": 100.0, "percent_covered_display": "100.00", "missing_lines": 0, "excluded_lines": 0, "num_branches": 2, "num_partial_branches": 0, "covered_branches": 2, "missing_branches": 0}, "missing_lines": [], "excluded_lines": [], "executed_branches": [[82, 83], [82, 84]], "missing_branches": []}, "": {"executed_lines": [1, 6, 8, 9, 11, 13, 15, 18, 19, 20, 30, 31, 32, 34, 50, 61, 70], "summary": {"covered_lines": 15, "num_statements": 15, "percent_covered": 100.0, "percent_covered_display": "100.00", "missing_lines": 0, "excluded_lines": 0, "num_branches": 0, "num_partial_branches": 0, "covered_branches": 0, "missing_branches": 0}, "missing_lines": [], "excluded_lines": [], "executed_branches": [], "missing_branches": []}}, "classes": {"CaseDiagramBelief": {"executed_lines": [36, 37, 38, 42, 43, 46, 47, 48, 58, 59, 67, 68, 82, 83, 84, 85], "summary": {"covered_lines": 16, "num_statements": 16, "percent_covered": 100.0, "percent_covered_display": "100.00", "missing_lines": 0, "excluded_lines": 0, "num_branches": 8, "num_partial_branches": 0, "covered_branches": 8, "missing_branches": 0}, "missing_lines": [], "excluded_lines": [], "executed_branches": [[37, 38], [37, 42], [42, 43], [42, 46], [46, 47], [46, 48], [82, 83], [82, 84]], "missing_branches": []}, "": {"executed_lines": [1, 6, 8, 9, 11, 13, 15, 18, 19, 20, 30, 31, 32, 34, 50, 61, 70], "summary": {"covered_lines": 15, "num_statements": 15, "percent_covered": 100.0, "percent_covered_display": "100.00", "missing_lines": 0, "excluded_lines": 0, "num_branches": 0, "num_partial_branches": 0, "covered_branches": 0, "missing_branches": 0}, "missing_lines": [], "excluded_lines": [], "executed_branches": [], "missing_branches": []}}}, "src/cognitive/belief_updating.py": {"executed_lines": [1, 6, 8, 9, 11, 13, 15, 18, 36, 37, 38, 44, 45, 47, 48, 50, 51, 57, 64, 88, 89, 90, 92, 93, 95, 96, 97, 102, 107, 109], "summary": {"covered_lines": 29, "num_statements": 29, "percent_covered": 100.0, "percent_covered_display": "100.00", "missing_lines": 0, "excluded_lines": 0, "num_branches": 8, "num_partial_branches": 0, "covered_branches": 8, "missing_branches": 0}, "missing_lines": [], "excluded_lines": [], "executed_branches": [[37, 38], [37, 44], [47, 48], [47, 50], [88, 89], [88, 92], [95, 96], [95, 109]], "missing_branches": [], "functions": {"update_belief": {"executed_lines": [36, 37, 38, 44, 45, 47, 48, 50, 51, 57], "summary": {"covered_lines": 10, "num_statements": 10, "percent_covered": 100.0, "percent_covered_display": "100.00", "missing_lines": 0, "excluded_lines": 0, "num_branches": 4, "num_partial_branches": 0, "covered_branches": 4, "missing_branches": 0}, "missing_lines": [], "excluded_lines": [], "executed_branches": [[37, 38], [37, 44], [47, 48], [47, 50]], "missing_branches": []}, "sequential_belief_update": {"executed_lines": [88, 89, 90, 92, 93, 95, 96, 97, 102, 107, 109], "summary": {"covered_lines": 11, "num_statements": 11, "percent_covered": 100.0, "percent_covered_display": "100.00", "missing_lines": 0, "excluded_lines": 0, "num_branches": 4, "num_partial_branches": 0, "covered_branches": 4, "missing_branches": 0}, "missing_lines": [], "excluded_lines": [], "executed_branches": [[88, 89], [88, 92], [95, 96], [95, 109]], "missing_branches": []}, "": {"executed_lines": [1, 6, 8, 9, 11, 13, 15, 18, 64], "summary": {"covered_lines": 8, "num_statements": 8, "percent_covered": 100.0, "percent_covered_display": "100.00", "missing_lines": 0, "excluded_lines": 0, "num_branches": 0, "num_partial_branches": 0, "covered_branches": 0, "missing_branches": 0}, "missing_lines": [], "excluded_lines": [], "executed_branches": [], "missing_branches": []}}, "classes": {"": {"executed_lines": [1, 6, 8, 9, 11, 13, 15, 18, 36, 37, 38, 44, 45, 47, 48, 50, 51, 57, 64, 88, 89, 90, 92, 93, 95, 96, 97, 102, 107, 109], "summary": {"covered_lines": 29, "num_statements": 29, "percent_covered": 100.0, "percent_covered_display": "100.00", "missing_lines": 0, "excluded_lines": 0, "num_branches": 8, "num_partial_branches": 0, "covered_branches": 8, "missing_branches": 0}, "missing_lines": [], "excluded_lines": [], "executed_branches": [[37, 38], [37, 44], [47, 48], [47, 50], [88, 89], [88, 92], [95, 96], [95, 109]], "missing_branches": []}}}, "src/cognitive/figure_data.py": {"executed_lines": [1, 8, 10, 11, 13, 15, 16, 17, 18, 19, 27, 30, 36, 41, 48, 49, 57, 63, 64, 68, 69, 73, 82, 88, 89, 94, 102, 103, 110, 122, 123, 128, 136, 138, 139, 140, 141, 142, 143, 144, 145, 146, 147, 148, 149, 151, 160, 172, 176, 180, 181, 187, 188, 189, 190, 191, 193, 194, 201, 212], "summary": {"covered_lines": 59, "num_statements": 59, "percent_covered": 100.0, "percent_covered_display": "100.00", "missing_lines": 0, "excluded_lines": 0, "num_branches": 2, "num_partial_branches": 0, "covered_branches": 2, "missing_branches": 0}, "missing_lines": [], "excluded_lines": [], "executed_branches": [[143, 144], [143, 151]], "missing_branches": [], "functions": {"make_belief_trajectory_data": {"executed_lines": [36, 41, 48, 49], "summary": {"covered_lines": 4, "num_statements": 4, "percent_covered": 100.0, "percent_covered_display": "100.00", "missing_lines": 0, "excluded_lines": 0, "num_branches": 0, "num_partial_branches": 0, "covered_branches": 0, "missing_branches": 0}, "missing_lines": [], "excluded_lines": [], "executed_branches": [], "missing_branches": []}, "make_fluid_s_landscape_data": {"executed_lines": [63, 64, 68, 69, 73], "summary": {"covered_lines": 5, "num_statements": 5, "percent_covered": 100.0, "percent_covered_display": "100.00", "missing_lines": 0, "excluded_lines": 0, "num_branches": 0, "num_partial_branches": 0, "covered_branches": 0, "missing_branches": 0}, "missing_lines": [], "excluded_lines": [], "executed_branches": [], "missing_branches": []}, "make_daif_belief_trajectory_data": {"executed_lines": [88, 89, 94, 102, 103], "summary": {"covered_lines": 5, "num_statements": 5, "percent_covered": 100.0, "percent_covered_display": "100.00", "missing_lines": 0, "excluded_lines": 0, "num_branches": 0, "num_partial_branches": 0, "covered_branches": 0, "missing_branches": 0}, "missing_lines": [], "excluded_lines": [], "executed_branches": [], "missing_branches": []}, "make_free_energy_convergence_data": {"executed_lines": [122, 123, 128, 136, 138, 139, 140, 141, 142, 143, 144, 145, 146, 147, 148, 149, 151], "summary": {"covered_lines": 17, "num_statements": 17, "percent_covered": 100.0, "percent_covered_display": "100.00", "missing_lines": 0, "excluded_lines": 0, "num_branches": 2, "num_partial_branches": 0, "covered_branches": 2, "missing_branches": 0}, "missing_lines": [], "excluded_lines": [], "executed_branches": [[143, 144], [143, 151]], "missing_branches": []}, "make_erp_prediction_data": {"executed_lines": [172, 176, 180, 181, 187, 188, 189, 190, 191, 193, 194, 201, 212], "summary": {"covered_lines": 13, "num_statements": 13, "percent_covered": 100.0, "percent_covered_display": "100.00", "missing_lines": 0, "excluded_lines": 0, "num_branches": 0, "num_partial_branches": 0, "covered_branches": 0, "missing_branches": 0}, "missing_lines": [], "excluded_lines": [], "executed_branches": [], "missing_branches": []}, "": {"executed_lines": [1, 8, 10, 11, 13, 15, 16, 17, 18, 19, 27, 30, 57, 82, 110, 160], "summary": {"covered_lines": 15, "num_statements": 15, "percent_covered": 100.0, "percent_covered_display": "100.00", "missing_lines": 0, "excluded_lines": 0, "num_branches": 0, "num_partial_branches": 0, "covered_branches": 0, "missing_branches": 0}, "missing_lines": [], "excluded_lines": [], "executed_branches": [], "missing_branches": []}}, "classes": {"": {"executed_lines": [1, 8, 10, 11, 13, 15, 16, 17, 18, 19, 27, 30, 36, 41, 48, 49, 57, 63, 64, 68, 69, 73, 82, 88, 89, 94, 102, 103, 110, 122, 123, 128, 136, 138, 139, 140, 141, 142, 143, 144, 145, 146, 147, 148, 149, 151, 160, 172, 176, 180, 181, 187, 188, 189, 190, 191, 193, 194, 201, 212], "summary": {"covered_lines": 59, "num_statements": 59, "percent_covered": 100.0, "percent_covered_display": "100.00", "missing_lines": 0, "excluded_lines": 0, "num_branches": 2, "num_partial_branches": 0, "covered_branches": 2, "missing_branches": 0}, "missing_lines": [], "excluded_lines": [], "executed_branches": [[143, 144], [143, 151]], "missing_branches": []}}}, "src/cognitive/free_energy.py": {"executed_lines": [1, 7, 9, 11, 14, 33, 34, 36, 37, 38, 39, 40, 41, 42, 43, 46, 47, 48, 50, 51, 52, 55, 82, 83, 84, 86, 87, 90, 91, 94, 95, 96], "summary": {"covered_lines": 31, "num_statements": 31, "percent_covered": 100.0, "percent_covered_display": "100.00", "missing_lines": 0, "excluded_lines": 0, "num_branches": 12, "num_partial_branches": 0, "covered_branches": 12, "missing_branches": 0}, "missing_lines": [], "excluded_lines": [], "executed_branches": [[36, 37], [36, 38], [38, 39], [38, 40], [40, 41], [40, 42], [42, 43], [42, 46], [47, 48], [47, 50], [86, 87], [86, 90]], "missing_branches": [], "functions": {"kl_divergence": {"executed_lines": [33, 34, 36, 37, 38, 39, 40, 41, 42, 43, 46, 47, 48, 50, 51, 52], "summary": {"covered_lines": 16, "num_statements": 16, "percent_covered": 100.0, "percent_covered_display": "100.00", "missing_lines": 0, "excluded_lines": 0, "num_branches": 10, "num_partial_branches": 0, "covered_branches": 10, "missing_branches": 0}, "missing_lines": [], "excluded_lines": [], "executed_branches": [[36, 37], [36, 38], [38, 39], [38, 40], [40, 41], [40, 42], [42, 43], [42, 46], [47, 48], [47, 50]], "missing_branches": []}, "variational_free_energy": {"executed_lines": [82, 83, 84, 86, 87, 90, 91, 94, 95, 96], "summary": {"covered_lines": 10, "num_statements": 10, "percent_covered": 100.0, "percent_covered_display": "100.00", "missing_lines": 0, "excluded_lines": 0, "num_branches": 2, "num_partial_branches": 0, "covered_branches": 2, "missing_branches": 0}, "missing_lines": [], "excluded_lines": [], "executed_branches": [[86, 87], [86, 90]], "missing_branches": []}, "": {"executed_lines": [1, 7, 9, 11, 14, 55], "summary": {"covered_lines": 5, "num_statements": 5, "percent_covered": 100.0, "percent_covered_display": "100.00", "missing_lines": 0, "excluded_lines": 0, "num_branches": 0, "num_partial_branches": 0, "covered_branches": 0, "missing_branches": 0}, "missing_lines": [], "excluded_lines": [], "executed_branches": [], "missing_branches": []}}, "classes": {"": {"executed_lines": [1, 7, 9, 11, 14, 33, 34, 36, 37, 38, 39, 40, 41, 42, 43, 46, 47, 48, 50, 51, 52, 55, 82, 83, 84, 86, 87, 90, 91, 94, 95, 96], "summary": {"covered_lines": 31, "num_statements": 31, "percent_covered": 100.0, "percent_covered_display": "100.00", "missing_lines": 0, "excluded_lines": 0, "num_branches": 12, "num_partial_branches": 0, "covered_branches": 12, "missing_branches": 0}, "missing_lines": [], "excluded_lines": [], "executed_branches": [[36, 37], [36, 38], [38, 39], [38, 40], [40, 41], [40, 42], [42, 43], [42, 46], [47, 48], [47, 50], [86, 87], [86, 90]], "missing_branches": []}}}, "src/cognitive/prediction_error.py": {"executed_lines": [1, 7, 9, 12, 35, 36, 38, 39, 40, 43, 62, 63, 64, 65, 66, 69, 70, 71], "summary": {"covered_lines": 17, "num_statements": 18, "percent_covered": 92.3076923076923, "percent_covered_display": "92.31", "missing_lines": 1, "excluded_lines": 0, "num_branches": 8, "num_partial_branches": 1, "covered_branches": 7, "missing_branches": 1}, "missing_lines": [67], "excluded_lines": [], "executed_branches": [[35, 36], [35, 38], [62, 63], [62, 64], [64, 65], [64, 66], [66, 69]], "missing_branches": [[66, 67]], "functions": {"prediction_error": {"executed_lines": [35, 36, 38, 39, 40], "summary": {"covered_lines": 5, "num_statements": 5, "percent_covered": 100.0, "percent_covered_display": "100.00", "missing_lines": 0, "excluded_lines": 0, "num_branches": 2, "num_partial_branches": 0, "covered_branches": 2, "missing_branches": 0}, "missing_lines": [], "excluded_lines": [], "executed_branches": [[35, 36], [35, 38]], "missing_branches": []}, "p600_amplitude_ratio": {"executed_lines": [62, 63, 64, 65, 66, 69, 70, 71], "summary": {"covered_lines": 8, "num_statements": 9, "percent_covered": 86.66666666666667, "percent_covered_display": "86.67", "missing_lines": 1, "excluded_lines": 0, "num_branches": 6, "num_partial_branches": 1, "covered_branches": 5, "missing_branches": 1}, "missing_lines": [67], "excluded_lines": [], "executed_branches": [[62, 63], [62, 64], [64, 65], [64, 66], [66, 69]], "missing_branches": [[66, 67]]}, "": {"executed_lines": [1, 7, 9, 12, 43], "summary": {"covered_lines": 4, "num_statements": 4, "percent_covered": 100.0, "percent_covered_display": "100.00", "missing_lines": 0, "excluded_lines": 0, "num_branches": 0, "num_partial_branches": 0, "covered_branches": 0, "missing_branches": 0}, "missing_lines": [], "excluded_lines": [], "executed_branches": [], "missing_branches": []}}, "classes": {"": {"executed_lines": [1, 7, 9, 12, 35, 36, 38, 39, 40, 43, 62, 63, 64, 65, 66, 69, 70, 71], "summary": {"covered_lines": 17, "num_statements": 18, "percent_covered": 92.3076923076923, "percent_covered_display": "92.31", "missing_lines": 1, "excluded_lines": 0, "num_branches": 8, "num_partial_branches": 1, "covered_branches": 7, "missing_branches": 1}, "missing_lines": [67], "excluded_lines": [], "executed_branches": [[35, 36], [35, 38], [62, 63], [62, 64], [64, 65], [64, 66], [66, 69]], "missing_branches": [[66, 67]]}}}, "src/cognitive/reanalysis.py": {"executed_lines": [1, 7, 9, 11, 14, 19, 22, 42, 43, 47, 50, 74, 75, 79], "summary": {"covered_lines": 13, "num_statements": 13, "percent_covered": 100.0, "percent_covered_display": "100.00", "missing_lines": 0, "excluded_lines": 0, "num_branches": 0, "num_partial_branches": 0, "covered_branches": 0, "missing_branches": 0}, "missing_lines": [], "excluded_lines": [], "executed_branches": [], "missing_branches": [], "functions": {"_enrichment_magnitude_delta": {"executed_lines": [19], "summary": {"covered_lines": 1, "num_statements": 1, "percent_covered": 100.0, "percent_covered_display": "100.00", "missing_lines": 0, "excluded_lines": 0, "num_branches": 0, "num_partial_branches": 0, "covered_branches": 0, "missing_branches": 0}, "missing_lines": [], "excluded_lines": [], "executed_branches": [], "missing_branches": []}, "magnitude_reanalysis_cost": {"executed_lines": [42, 43, 47], "summary": {"covered_lines": 3, "num_statements": 3, "percent_covered": 100.0, "percent_covered_display": "100.00", "missing_lines": 0, "excluded_lines": 0, "num_branches": 0, "num_partial_branches": 0, "covered_branches": 0, "missing_branches": 0}, "missing_lines": [], "excluded_lines": [], "executed_branches": [], "missing_branches": []}, "n400_amplitude_proxy": {"executed_lines": [74, 75, 79], "summary": {"covered_lines": 3, "num_statements": 3, "percent_covered": 100.0, "percent_covered_display": "100.00", "missing_lines": 0, "excluded_lines": 0, "num_branches": 0, "num_partial_branches": 0, "covered_branches": 0, "missing_branches": 0}, "missing_lines": [], "excluded_lines": [], "executed_branches": [], "missing_branches": []}, "": {"executed_lines": [1, 7, 9, 11, 14, 22, 50], "summary": {"covered_lines": 6, "num_statements": 6, "percent_covered": 100.0, "percent_covered_display": "100.00", "missing_lines": 0, "excluded_lines": 0, "num_branches": 0, "num_partial_branches": 0, "covered_branches": 0, "missing_branches": 0}, "missing_lines": [], "excluded_lines": [], "executed_branches": [], "missing_branches": []}}, "classes": {"": {"executed_lines": [1, 7, 9, 11, 14, 19, 22, 42, 43, 47, 50, 74, 75, 79], "summary": {"covered_lines": 13, "num_statements": 13, "percent_covered": 100.0, "percent_covered_display": "100.00", "missing_lines": 0, "excluded_lines": 0, "num_branches": 0, "num_partial_branches": 0, "covered_branches": 0, "missing_branches": 0}, "missing_lines": [], "excluded_lines": [], "executed_branches": [], "missing_branches": []}}}, "src/daif/core.py": {"executed_lines": [1, 14, 16, 17, 19, 21, 22, 24, 27, 71, 72, 75, 77, 78, 83, 85, 86, 88, 91, 92, 93, 94, 95, 99, 100, 102, 110, 144, 145, 146, 147, 149, 150, 151, 152, 153, 154, 155, 156, 157, 158, 160, 162, 167, 170, 202, 203, 204, 205, 207, 208, 209, 211, 213, 215, 216, 218, 219, 220, 222, 223, 224, 226, 232, 233, 234, 235, 240, 241, 244, 245, 246, 247, 249, 252, 277, 278, 279, 280, 282, 283, 284, 287, 288, 289, 290, 291, 292, 296, 297, 298, 299, 301, 302, 303, 305, 310], "summary": {"covered_lines": 96, "num_statements": 100, "percent_covered": 92.95774647887323, "percent_covered_display": "92.96", "missing_lines": 4, "excluded_lines": 0, "num_branches": 42, "num_partial_branches": 6, "covered_branches": 36, "missing_branches": 6}, "missing_lines": [210, 212, 214, 293], "excluded_lines": [], "executed_branches": [[77, 78], [77, 83], [94, 95], [94, 99], [149, 150], [149, 151], [151, 152], [151, 153], [153, 154], [153, 155], [155, 156], [155, 157], [157, 158], [157, 160], [207, 208], [207, 209], [209, 211], [211, 213], [213, 215], [215, 216], [215, 218], [222, 223], [222, 249], [232, 233], [232, 241], [234, 235], [234, 241], [246, 247], [277, 278], [277, 279], [279, 280], [279, 282], [287, 288], [287, 301], [292, 296], [302, 303]], "missing_branches": [[209, 210], [211, 212], [213, 214], [246, 222], [292, 293], [302, 305]], "functions": {"_single_bellman_step": {"executed_lines": [71, 72, 75, 77, 78, 83, 85, 86, 88, 91, 92, 93, 94, 95, 99, 100, 102], "summary": {"covered_lines": 17, "num_statements": 17, "percent_covered": 100.0, "percent_covered_display": "100.00", "missing_lines": 0, "excluded_lines": 0, "num_branches": 4, "num_partial_branches": 0, "covered_branches": 4, "missing_branches": 0}, "missing_lines": [], "excluded_lines": [], "executed_branches": [[77, 78], [77, 83], [94, 95], [94, 99]], "missing_branches": []}, "push_forward_return": {"executed_lines": [144, 145, 146, 147, 149, 150, 151, 152, 153, 154, 155, 156, 157, 158, 160, 162, 167], "summary": {"covered_lines": 17, "num_statements": 17, "percent_covered": 100.0, "percent_covered_display": "100.00", "missing_lines": 0, "excluded_lines": 0, "num_branches": 10, "num_partial_branches": 0, "covered_branches": 10, "missing_branches": 0}, "missing_lines": [], "excluded_lines": [], "executed_branches": [[149, 150], [149, 151], [151, 152], [151, 153], [153, 154], [153, 155], [155, 156], [155, 157], [157, 158], [157, 160]], "missing_branches": []}, "distributional_bellman_operator": {"executed_lines": [202, 203, 204, 205, 207, 208, 209, 211, 213, 215, 216, 218, 219, 220, 222, 223, 224, 226, 232, 233, 234, 235, 240, 241, 244, 245, 246, 247, 249], "summary": {"covered_lines": 29, "num_statements": 32, "percent_covered": 86.0, "percent_covered_display": "86.00", "missing_lines": 3, "excluded_lines": 0, "num_branches": 18, "num_partial_branches": 4, "covered_branches": 14, "missing_branches": 4}, "missing_lines": [210, 212, 214], "excluded_lines": [], "executed_branches": [[207, 208], [207, 209], [209, 211], [211, 213], [213, 215], [215, 216], [215, 218], [222, 223], [222, 249], [232, 233], [232, 241], [234, 235], [234, 241], [246, 247]], "missing_branches": [[209, 210], [211, 212], [213, 214], [246, 222]]}, "categorical_return_distribution": {"executed_lines": [277, 278, 279, 280, 282, 283, 284, 287, 288, 289, 290, 291, 292, 296, 297, 298, 299, 301, 302, 303, 305, 310], "summary": {"covered_lines": 22, "num_statements": 23, "percent_covered": 90.9090909090909, "percent_covered_display": "90.91", "missing_lines": 1, "excluded_lines": 0, "num_branches": 10, "num_partial_branches": 2, "covered_branches": 8, "missing_branches": 2}, "missing_lines": [293], "excluded_lines": [], "executed_branches": [[277, 278], [277, 279], [279, 280], [279, 282], [287, 288], [287, 301], [292, 296], [302, 303]], "missing_branches": [[292, 293], [302, 305]]}, "": {"executed_lines": [1, 14, 16, 17, 19, 21, 22, 24, 27, 110, 170, 252], "summary": {"covered_lines": 11, "num_statements": 11, "percent_covered": 100.0, "percent_covered_display": "100.00", "missing_lines": 0, "excluded_lines": 0, "num_branches": 0, "num_partial_branches": 0, "covered_branches": 0, "missing_branches": 0}, "missing_lines": [], "excluded_lines": [], "executed_branches": [], "missing_branches": []}}, "classes": {"": {"executed_lines": [1, 14, 16, 17, 19, 21, 22, 24, 27, 71, 72, 75, 77, 78, 83, 85, 86, 88, 91, 92, 93, 94, 95, 99, 100, 102, 110, 144, 145, 146, 147, 149, 150, 151, 152, 153, 154, 155, 156, 157, 158, 160, 162, 167, 170, 202, 203, 204, 205, 207, 208, 209, 211, 213, 215, 216, 218, 219, 220, 222, 223, 224, 226, 232, 233, 234, 235, 240, 241, 244, 245, 246, 247, 249, 252, 277, 278, 279, 280, 282, 283, 284, 287, 288, 289, 290, 291, 292, 296, 297, 298, 299, 301, 302, 303, 305, 310], "summary": {"covered_lines": 96, "num_statements": 100, "percent_covered": 92.95774647887323, "percent_covered_display": "92.96", "missing_lines": 4, "excluded_lines": 0, "num_branches": 42, "num_partial_branches": 6, "covered_branches": 36, "missing_branches": 6}, "missing_lines": [210, 212, 214, 293], "excluded_lines": [], "executed_branches": [[77, 78], [77, 83], [94, 95], [94, 99], [149, 150], [149, 151], [151, 152], [151, 153], [153, 154], [153, 155], [155, 156], [155, 157], [157, 158], [157, 160], [207, 208], [207, 209], [209, 211], [211, 213], [213, 215], [215, 216], [215, 218], [222, 223], [222, 249], [232, 233], [232, 241], [234, 235], [234, 241], [246, 247], [277, 278], [277, 279], [279, 280], [279, 282], [287, 288], [287, 301], [292, 296], [302, 303]], "missing_branches": [[209, 210], [211, 212], [213, 214], [246, 222], [292, 293], [302, 305]]}}}, "src/daif/inference.py": {"executed_lines": [1, 14, 16, 17, 19, 21, 22, 23, 25, 28, 63, 64, 66, 67, 69, 70, 74, 76, 77, 78, 79, 80, 82, 83, 84, 85, 86, 87, 90, 92, 93, 96, 97, 98, 102, 105, 106, 107, 108, 109, 110, 114, 115, 116, 117, 118, 119, 120, 123, 124, 125, 126, 127, 128, 131, 132, 133, 142, 151, 152, 153, 154, 156, 161, 167, 168, 169, 170, 171, 172, 173, 174, 175, 176, 177, 180, 182, 187, 197, 206, 242, 243, 245, 246, 248, 249, 250, 251, 254, 257, 260, 261, 264, 266, 267, 268, 271, 272, 273, 274, 275, 277, 279, 282, 317, 318, 319, 321, 322, 323, 324, 327, 330, 331, 335, 338, 339, 340, 342, 346, 348, 349, 351, 352, 354, 355, 357, 360, 387, 388, 389, 391, 392, 393, 394, 396, 398, 399, 401, 402, 403, 407, 409, 410, 411, 413, 415, 416], "summary": {"covered_lines": 147, "num_statements": 160, "percent_covered": 90.18691588785046, "percent_covered_display": "90.19", "missing_lines": 13, "excluded_lines": 0, "num_branches": 54, "num_partial_branches": 8, "covered_branches": 46, "missing_branches": 8}, "missing_lines": [99, 100, 134, 139, 143, 148, 179, 343, 344, 345, 347, 404, 405], "excluded_lines": [], "executed_branches": [[66, 67], [66, 69], [69, 70], [69, 76], [77, 78], [77, 79], [79, 80], [79, 82], [92, 93], [92, 167], [98, 102], [107, 108], [107, 110], [123, 124], [123, 156], [127, 128], [127, 131], [131, 132], [131, 142], [133, 142], [142, 151], [151, 152], [151, 156], [176, 177], [248, 249], [248, 250], [250, 251], [250, 254], [261, 264], [273, 261], [273, 274], [321, 322], [321, 323], [323, 324], [323, 327], [339, 340], [339, 354], [342, 346], [346, 348], [391, 392], [391, 393], [393, 394], [393, 396], [398, 399], [398, 415], [403, 407]], "missing_branches": [[98, 99], [133, 134], [142, 143], [176, 179], [261, 277], [342, 343], [346, 347], [403, 404]], "functions": {"distributional_case_assignment": {"executed_lines": [63, 64, 66, 67, 69, 70, 74, 76, 77, 78, 79, 80, 82, 83, 84, 85, 86, 87, 90, 92, 93, 96, 97, 98, 102, 105, 106, 107, 108, 109, 110, 114, 115, 116, 117, 118, 119, 120, 123, 124, 125, 126, 127, 128, 131, 132, 133, 142, 151, 152, 153, 154, 156, 161, 167, 168, 169, 170, 171, 172, 173, 174, 175, 176, 177, 180, 182, 187, 197], "summary": {"covered_lines": 69, "num_statements": 76, "percent_covered": 89.42307692307692, "percent_covered_display": "89.42", "missing_lines": 7, "excluded_lines": 0, "num_branches": 28, "num_partial_branches": 4, "covered_branches": 24, "missing_branches": 4}, "missing_lines": [99, 100, 134, 139, 143, 148, 179], "excluded_lines": [], "executed_branches": [[66, 67], [66, 69], [69, 70], [69, 76], [77, 78], [77, 79], [79, 80], [79, 82], [92, 93], [92, 167], [98, 102], [107, 108], [107, 110], [123, 124], [123, 156], [127, 128], [127, 131], [131, 132], [131, 142], [133, 142], [142, 151], [151, 152], [151, 156], [176, 177]], "missing_branches": [[98, 99], [133, 134], [142, 143], [176, 179]]}, "variational_message_passing": {"executed_lines": [242, 243, 245, 246, 248, 249, 250, 251, 254, 257, 260, 261, 264, 266, 267, 268, 271, 272, 273, 274, 275, 277, 279], "summary": {"covered_lines": 23, "num_statements": 23, "percent_covered": 96.7741935483871, "percent_covered_display": "96.77", "missing_lines": 0, "excluded_lines": 0, "num_branches": 8, "num_partial_branches": 1, "covered_branches": 7, "missing_branches": 1}, "missing_lines": [], "excluded_lines": [], "executed_branches": [[248, 249], [248, 250], [250, 251], [250, 254], [261, 264], [273, 261], [273, 274]], "missing_branches": [[261, 277]]}, "bethe_free_energy": {"executed_lines": [317, 318, 319, 321, 322, 323, 324, 327, 330, 331, 335, 338, 339, 340, 342, 346, 348, 349, 351, 352, 354, 355, 357], "summary": {"covered_lines": 23, "num_statements": 27, "percent_covered": 83.78378378378379, "percent_covered_display": "83.78", "missing_lines": 4, "excluded_lines": 0, "num_branches": 10, "num_partial_branches": 2, "covered_branches": 8, "missing_branches": 2}, "missing_lines": [343, 344, 345, 347], "excluded_lines": [], "executed_branches": [[321, 322], [321, 323], [323, 324], [323, 327], [339, 340], [339, 354], [342, 346], [346, 348]], "missing_branches": [[342, 343], [346, 347]]}, "expected_information_gain": {"executed_lines": [387, 388, 389, 391, 392, 393, 394, 396, 398, 399, 401, 402, 403, 407, 409, 410, 411, 413, 415, 416], "summary": {"covered_lines": 20, "num_statements": 22, "percent_covered": 90.0, "percent_covered_display": "90.00", "missing_lines": 2, "excluded_lines": 0, "num_branches": 8, "num_partial_branches": 1, "covered_branches": 7, "missing_branches": 1}, "missing_lines": [404, 405], "excluded_lines": [], "executed_branches": [[391, 392], [391, 393], [393, 394], [393, 396], [398, 399], [398, 415], [403, 407]], "missing_branches": [[403, 404]]}, "": {"executed_lines": [1, 14, 16, 17, 19, 21, 22, 23, 25, 28, 206, 282, 360], "summary": {"covered_lines": 12, "num_statements": 12, "percent_covered": 100.0, "percent_covered_display": "100.00", "missing_lines": 0, "excluded_lines": 0, "num_branches": 0, "num_partial_branches": 0, "covered_branches": 0, "missing_branches": 0}, "missing_lines": [], "excluded_lines": [], "executed_branches": [], "missing_branches": []}}, "classes": {"": {"executed_lines": [1, 14, 16, 17, 19, 21, 22, 23, 25, 28, 63, 64, 66, 67, 69, 70, 74, 76, 77, 78, 79, 80, 82, 83, 84, 85, 86, 87, 90, 92, 93, 96, 97, 98, 102, 105, 106, 107, 108, 109, 110, 114, 115, 116, 117, 118, 119, 120, 123, 124, 125, 126, 127, 128, 131, 132, 133, 142, 151, 152, 153, 154, 156, 161, 167, 168, 169, 170, 171, 172, 173, 174, 175, 176, 177, 180, 182, 187, 197, 206, 242, 243, 245, 246, 248, 249, 250, 251, 254, 257, 260, 261, 264, 266, 267, 268, 271, 272, 273, 274, 275, 277, 279, 282, 317, 318, 319, 321, 322, 323, 324, 327, 330, 331, 335, 338, 339, 340, 342, 346, 348, 349, 351, 352, 354, 355, 357, 360, 387, 388, 389, 391, 392, 393, 394, 396, 398, 399, 401, 402, 403, 407, 409, 410, 411, 413, 415, 416], "summary": {"covered_lines": 147, "num_statements": 160, "percent_covered": 90.18691588785046, "percent_covered_display": "90.19", "missing_lines": 13, "excluded_lines": 0, "num_branches": 54, "num_partial_branches": 8, "covered_branches": 46, "missing_branches": 8}, "missing_lines": [99, 100, 134, 139, 143, 148, 179, 343, 344, 345, 347, 404, 405], "excluded_lines": [], "executed_branches": [[66, 67], [66, 69], [69, 70], [69, 76], [77, 78], [77, 79], [79, 80], [79, 82], [92, 93], [92, 167], [98, 102], [107, 108], [107, 110], [123, 124], [123, 156], [127, 128], [127, 131], [131, 132], [131, 142], [133, 142], [142, 151], [151, 152], [151, 156], [176, 177], [248, 249], [248, 250], [250, 251], [250, 254], [261, 264], [273, 261], [273, 274], [321, 322], [321, 323], [323, 324], [323, 327], [339, 340], [339, 354], [342, 346], [346, 348], [391, 392], [391, 393], [393, 394], [393, 396], [398, 399], [398, 415], [403, 407]], "missing_branches": [[98, 99], [133, 134], [142, 143], [176, 179], [261, 277], [342, 343], [346, 347], [403, 404]]}}}, "src/daif/metrics.py": {"executed_lines": [1, 14, 16, 18, 20, 22, 25, 50, 51, 55, 56, 57, 59, 60, 61, 62, 63, 64, 70, 71, 72, 73, 75, 77, 87, 91, 94, 117, 118, 121, 122, 123, 124, 127, 130, 131, 133, 134, 136, 137, 138, 141, 169, 170, 171, 173, 174, 175, 176, 177, 178, 180, 181, 185, 186, 187, 189, 191, 195, 203, 226, 227, 229, 230, 231, 232, 236, 237, 238, 239, 241, 242], "summary": {"covered_lines": 71, "num_statements": 73, "percent_covered": 95.6989247311828, "percent_covered_display": "95.70", "missing_lines": 2, "excluded_lines": 0, "num_branches": 20, "num_partial_branches": 2, "covered_branches": 18, "missing_branches": 2}, "missing_lines": [125, 234], "excluded_lines": [], "executed_branches": [[50, 51], [50, 55], [70, 71], [70, 72], [72, 73], [72, 75], [117, 118], [117, 121], [124, 127], [173, 174], [173, 175], [175, 176], [175, 177], [177, 178], [177, 180], [226, 227], [226, 229], [232, 236]], "missing_branches": [[124, 125], [232, 234]], "functions": {"convergence_diagnostics": {"executed_lines": [50, 51, 55, 56, 57, 59, 60, 61, 62, 63, 64, 70, 71, 72, 73, 75, 77, 87, 91], "summary": {"covered_lines": 19, "num_statements": 19, "percent_covered": 100.0, "percent_covered_display": "100.00", "missing_lines": 0, "excluded_lines": 0, "num_branches": 6, "num_partial_branches": 0, "covered_branches": 6, "missing_branches": 0}, "missing_lines": [], "excluded_lines": [], "executed_branches": [[50, 51], [50, 55], [70, 71], [70, 72], [72, 73], [72, 75]], "missing_branches": []}, "distributional_kl": {"executed_lines": [117, 118, 121, 122, 123, 124, 127, 130, 131, 133, 134, 136, 137, 138], "summary": {"covered_lines": 14, "num_statements": 15, "percent_covered": 89.47368421052632, "percent_covered_display": "89.47", "missing_lines": 1, "excluded_lines": 0, "num_branches": 4, "num_partial_branches": 1, "covered_branches": 3, "missing_branches": 1}, "missing_lines": [125], "excluded_lines": [], "executed_branches": [[117, 118], [117, 121], [124, 127]], "missing_branches": [[124, 125]]}, "quantile_coverage": {"executed_lines": [169, 170, 171, 173, 174, 175, 176, 177, 178, 180, 181, 185, 186, 187, 189, 191, 195], "summary": {"covered_lines": 17, "num_statements": 17, "percent_covered": 100.0, "percent_covered_display": "100.00", "missing_lines": 0, "excluded_lines": 0, "num_branches": 6, "num_partial_branches": 0, "covered_branches": 6, "missing_branches": 0}, "missing_lines": [], "excluded_lines": [], "executed_branches": [[173, 174], [173, 175], [175, 176], [175, 177], [177, 178], [177, 180]], "missing_branches": []}, "return_distribution_entropy": {"executed_lines": [226, 227, 229, 230, 231, 232, 236, 237, 238, 239, 241, 242], "summary": {"covered_lines": 12, "num_statements": 13, "percent_covered": 88.23529411764706, "percent_covered_display": "88.24", "missing_lines": 1, "excluded_lines": 0, "num_branches": 4, "num_partial_branches": 1, "covered_branches": 3, "missing_branches": 1}, "missing_lines": [234], "excluded_lines": [], "executed_branches": [[226, 227], [226, 229], [232, 236]], "missing_branches": [[232, 234]]}, "": {"executed_lines": [1, 14, 16, 18, 20, 22, 25, 94, 141, 203], "summary": {"covered_lines": 9, "num_statements": 9, "percent_covered": 100.0, "percent_covered_display": "100.00", "missing_lines": 0, "excluded_lines": 0, "num_branches": 0, "num_partial_branches": 0, "covered_branches": 0, "missing_branches": 0}, "missing_lines": [], "excluded_lines": [], "executed_branches": [], "missing_branches": []}}, "classes": {"": {"executed_lines": [1, 14, 16, 18, 20, 22, 25, 50, 51, 55, 56, 57, 59, 60, 61, 62, 63, 64, 70, 71, 72, 73, 75, 77, 87, 91, 94, 117, 118, 121, 122, 123, 124, 127, 130, 131, 133, 134, 136, 137, 138, 141, 169, 170, 171, 173, 174, 175, 176, 177, 178, 180, 181, 185, 186, 187, 189, 191, 195, 203, 226, 227, 229, 230, 231, 232, 236, 237, 238, 239, 241, 242], "summary": {"covered_lines": 71, "num_statements": 73, "percent_covered": 95.6989247311828, "percent_covered_display": "95.70", "missing_lines": 2, "excluded_lines": 0, "num_branches": 20, "num_partial_branches": 2, "covered_branches": 18, "missing_branches": 2}, "missing_lines": [125, 234], "excluded_lines": [], "executed_branches": [[50, 51], [50, 55], [70, 71], [70, 72], [72, 73], [72, 75], [117, 118], [117, 121], [124, 127], [173, 174], [173, 175], [175, 176], [175, 177], [177, 178], [177, 180], [226, 227], [226, 229], [232, 236]], "missing_branches": [[124, 125], [232, 234]]}}}, "src/daif/policy.py": {"executed_lines": [1, 16, 18, 20, 22, 23, 25, 28, 84, 85, 86, 87, 88, 90, 91, 92, 93, 94, 96, 97, 98, 99, 102, 105, 108, 111, 112, 113, 115, 116, 120, 123, 146, 147, 148, 149, 150, 153, 154, 155, 156, 158, 163, 166, 194, 195, 198, 200, 201, 203, 205, 207, 211], "summary": {"covered_lines": 52, "num_statements": 53, "percent_covered": 97.26027397260275, "percent_covered_display": "97.26", "missing_lines": 1, "excluded_lines": 0, "num_branches": 20, "num_partial_branches": 1, "covered_branches": 19, "missing_branches": 1}, "missing_lines": [95], "excluded_lines": [], "executed_branches": [[90, 91], [90, 92], [92, 93], [92, 94], [94, 96], [96, 97], [96, 98], [98, 99], [98, 102], [112, 113], [112, 115], [147, 148], [147, 149], [149, 150], [149, 153], [194, 195], [194, 198], [201, 203], [201, 205]], "missing_branches": [[94, 95]], "functions": {"G_policy": {"executed_lines": [84, 85, 86, 87, 88, 90, 91, 92, 93, 94, 96, 97, 98, 99, 102, 105, 108, 111, 112, 113, 115, 116, 120], "summary": {"covered_lines": 23, "num_statements": 24, "percent_covered": 94.44444444444444, "percent_covered_display": "94.44", "missing_lines": 1, "excluded_lines": 0, "num_branches": 12, "num_partial_branches": 1, "covered_branches": 11, "missing_branches": 1}, "missing_lines": [95], "excluded_lines": [], "executed_branches": [[90, 91], [90, 92], [92, 93], [92, 94], [94, 96], [96, 97], [96, 98], [98, 99], [98, 102], [112, 113], [112, 115]], "missing_branches": [[94, 95]]}, "softmax_policy_selection": {"executed_lines": [146, 147, 148, 149, 150, 153, 154, 155, 156, 158, 163], "summary": {"covered_lines": 11, "num_statements": 11, "percent_covered": 100.0, "percent_covered_display": "100.00", "missing_lines": 0, "excluded_lines": 0, "num_branches": 4, "num_partial_branches": 0, "covered_branches": 4, "missing_branches": 0}, "missing_lines": [], "excluded_lines": [], "executed_branches": [[147, 148], [147, 149], [149, 150], [149, 153]], "missing_branches": []}, "distributional_epistemic_value": {"executed_lines": [194, 195, 198, 200, 201, 203, 205, 207, 211], "summary": {"covered_lines": 9, "num_statements": 9, "percent_covered": 100.0, "percent_covered_display": "100.00", "missing_lines": 0, "excluded_lines": 0, "num_branches": 4, "num_partial_branches": 0, "covered_branches": 4, "missing_branches": 0}, "missing_lines": [], "excluded_lines": [], "executed_branches": [[194, 195], [194, 198], [201, 203], [201, 205]], "missing_branches": []}, "": {"executed_lines": [1, 16, 18, 20, 22, 23, 25, 28, 123, 166], "summary": {"covered_lines": 9, "num_statements": 9, "percent_covered": 100.0, "percent_covered_display": "100.00", "missing_lines": 0, "excluded_lines": 0, "num_branches": 0, "num_partial_branches": 0, "covered_branches": 0, "missing_branches": 0}, "missing_lines": [], "excluded_lines": [], "executed_branches": [], "missing_branches": []}}, "classes": {"": {"executed_lines": [1, 16, 18, 20, 22, 23, 25, 28, 84, 85, 86, 87, 88, 90, 91, 92, 93, 94, 96, 97, 98, 99, 102, 105, 108, 111, 112, 113, 115, 116, 120, 123, 146, 147, 148, 149, 150, 153, 154, 155, 156, 158, 163, 166, 194, 195, 198, 200, 201, 203, 205, 207, 211], "summary": {"covered_lines": 52, "num_statements": 53, "percent_covered": 97.26027397260275, "percent_covered_display": "97.26", "missing_lines": 1, "excluded_lines": 0, "num_branches": 20, "num_partial_branches": 1, "covered_branches": 19, "missing_branches": 1}, "missing_lines": [95], "excluded_lines": [], "executed_branches": [[90, 91], [90, 92], [92, 93], [92, 94], [94, 96], [96, 97], [96, 98], [98, 99], [98, 102], [112, 113], [112, 115], [147, 148], [147, 149], [149, 150], [149, 153], [194, 195], [194, 198], [201, 203], [201, 205]], "missing_branches": [[94, 95]]}}}, "src/daif/prediction.py": {"executed_lines": [1, 17, 19, 21, 22, 23, 25, 28, 29, 30, 31, 34, 61, 62, 63, 66, 67, 69, 70, 72, 73, 77, 80, 106, 107, 109, 110, 111, 115, 118, 147, 148, 149, 153, 155, 156, 160, 163, 198, 199, 200, 201, 202, 203, 204, 205, 206, 209, 210, 211, 215, 218, 265, 266, 267, 270, 271, 272, 274, 277, 280, 283, 284, 286, 289, 290, 291, 293, 297], "summary": {"covered_lines": 68, "num_statements": 71, "percent_covered": 92.78350515463917, "percent_covered_display": "92.78", "missing_lines": 3, "excluded_lines": 0, "num_branches": 26, "num_partial_branches": 4, "covered_branches": 22, "missing_branches": 4}, "missing_lines": [150, 207, 268], "excluded_lines": [], "executed_branches": [[62, 63], [62, 66], [66, 67], [66, 69], [106, 107], [106, 109], [147, 148], [147, 149], [149, 153], [198, 199], [198, 200], [200, 201], [200, 202], [202, 203], [202, 204], [204, 205], [204, 206], [206, 209], [265, 266], [265, 267], [267, 270], [290, 291]], "missing_branches": [[149, 150], [206, 207], [267, 268], [290, 293]], "functions": {"distributional_prediction_error": {"executed_lines": [61, 62, 63, 66, 67, 69, 70, 72, 73, 77], "summary": {"covered_lines": 10, "num_statements": 10, "percent_covered": 100.0, "percent_covered_display": "100.00", "missing_lines": 0, "excluded_lines": 0, "num_branches": 4, "num_partial_branches": 0, "covered_branches": 4, "missing_branches": 0}, "missing_lines": [], "excluded_lines": [], "executed_branches": [[62, 63], [62, 66], [66, 67], [66, 69]], "missing_branches": []}, "wasserstein_prediction_error": {"executed_lines": [106, 107, 109, 110, 111, 115], "summary": {"covered_lines": 6, "num_statements": 6, "percent_covered": 100.0, "percent_covered_display": "100.00", "missing_lines": 0, "excluded_lines": 0, "num_branches": 2, "num_partial_branches": 0, "covered_branches": 2, "missing_branches": 0}, "missing_lines": [], "excluded_lines": [], 
[...]
1, 332, 333, 334, 336, 348, 349, 350, 351, 352, 356, 357, 363, 364, 365], "summary": {"covered_lines": 124, "num_statements": 126, "percent_covered": 97.36842105263158, "percent_covered_display": "97.37", "missing_lines": 2, "excluded_lines": 0, "num_branches": 26, "num_partial_branches": 2, "covered_branches": 24, "missing_branches": 2}, "missing_lines": [298, 323], "excluded_lines": [], "executed_branches": [[105, 106], [105, 107], [116, 117], [116, 118], [119, 120], [119, 124], [122, 119], [122, 123], [190, 194], [190, 226], [196, 197], [196, 203], [241, 242], [241, 247], [266, 267], [266, 273], [295, 296], [295, 321], [297, 299], [321, 322], [321, 348], [322, 324], [348, 349], [348, 363]], "missing_branches": [[297, 298], [322, 323]]}}}, "src/visualization/quantum_plots.py": {"executed_lines": [1, 7, 8, 10, 11, 12, 13, 15, 16, 21, 24, 42, 44, 45, 46, 49, 51, 54, 56, 59, 61, 62, 65, 76, 77, 78, 79, 80, 81, 82, 83, 85, 87, 88, 89, 90, 91, 93], "summary": {"covered_lines": 37, "num_statements": 37, "percent_covered": 100.0, "percent_covered_display": "100.00", "missing_lines": 0, "excluded_lines": 0, "num_branches": 4, "num_partial_branches": 0, "covered_branches": 4, "missing_branches": 0}, "missing_lines": [], "excluded_lines": [], "executed_branches": [[51, 54], [51, 76], [87, 88], [87, 89]], "missing_branches": [], "functions": {"plot_povm_probabilities": {"executed_lines": [42, 44, 45, 46, 49, 51, 54, 56, 59, 61, 62, 65, 76, 77, 78, 79, 80, 81, 82, 83, 85, 87, 88, 89, 90, 91, 93], "summary": {"covered_lines": 27, "num_statements": 27, "percent_covered": 100.0, "percent_covered_display": "100.00", "missing_lines": 0, "excluded_lines": 0, "num_branches": 4, "num_partial_branches": 0, "covered_branches": 4, "missing_branches": 0}, "missing_lines": [], "excluded_lines": [], "executed_branches": [[51, 54], [51, 76], [87, 88], [87, 89]], "missing_branches": []}, "": {"executed_lines": [1, 7, 8, 10, 11, 12, 13, 15, 16, 21, 24], "summary": {"covered_lines": 10, "num_statements": 10, "percent_covered": 100.0, "percent_covered_display": "100.00", "missing_lines": 0, "excluded_lines": 0, "num_branches": 0, "num_partial_branches": 0, "covered_branches": 0, "missing_branches": 0}, "missing_lines": [], "excluded_lines": [], "executed_branches": [], "missing_branches": []}}, "classes": {"": {"executed_lines": [1, 7, 8, 10, 11, 12, 13, 15, 16, 21, 24, 42, 44, 45, 46, 49, 51, 54, 56, 59, 61, 62, 65, 76, 77, 78, 79, 80, 81, 82, 83, 85, 87, 88, 89, 90, 91, 93], "summary": {"covered_lines": 37, "num_statements": 37, "percent_covered": 100.0, "percent_covered_display": "100.00", "missing_lines": 0, "excluded_lines": 0, "num_branches": 4, "num_partial_branches": 0, "covered_branches": 4, "missing_branches": 0}, "missing_lines": [], "excluded_lines": [], "executed_branches": [[51, 54], [51, 76], [87, 88], [87, 89]], "missing_branches": []}}}, "src/visualization/security_plots.py": {"executed_lines": [1, 5, 7, 8, 10, 11, 12, 13, 14, 16, 17, 26, 29, 44, 45, 46, 48, 50, 52, 58, 60, 61, 63, 70, 72, 73, 75, 76, 77, 79, 99, 108, 110, 111, 112, 113, 114, 116, 119, 133, 134, 136, 137, 138, 139, 141, 142, 143, 144, 146, 149, 150, 151, 152, 154, 159, 160, 161, 162, 163, 165, 166, 167, 169, 173, 174, 177, 187, 193, 195, 203, 206, 208, 209, 210, 211, 212, 213, 216, 240, 242, 243, 245, 246, 249, 250, 251, 252, 253, 255, 256, 259, 260, 261, 262, 265, 266, 267, 268, 269, 270, 271, 272, 282, 283, 284, 288, 289, 290, 293, 295, 297, 306, 316, 317, 318, 319, 320, 321, 322, 323, 324, 327, 328, 329, 332, 333, 335, 336, 337, 338, 339, 340, 341, 342, 347, 348, 349, 350, 353, 357, 360, 361, 363, 364, 365, 366, 367, 368], "summary": {"covered_lines": 148, "num_statements": 150, "percent_covered": 98.87640449438203, "percent_covered_display": "98.88", "missing_lines": 2, "excluded_lines": 0, "num_branches": 28, "num_partial_branches": 0, "covered_branches": 28, "missing_branches": 0}, "missing_lines": [325, 326], "excluded_lines": [], "executed_branches": [[44, 45], [44, 48], [110, 111], [110, 112], [142, -141], [142, 143], [150, -149], [150, 151], [159, 160], [159, 165], [208, 209], [208, 210], [265, 266], [265, 282], [282, 283], [282, 288], [288, 289], [288, 293], [320, 321], [320, 332], [322, 323], [322, 329], [347, 348], [347, 353], [348, 347], [348, 349], [363, 364], [363, 365]], "missing_branches": [], "functions": {"plot_type_violations": {"executed_lines": [44, 45, 46, 48, 50, 52, 58, 60, 61, 63, 70, 72, 73, 75, 76, 77, 79, 99, 108, 110, 111, 112, 113, 114, 116], "summary": {"covered_lines": 25, "num_statements": 25, "percent_covered": 100.0, "percent_covered_display": "100.00", "missing_lines": 0, "excluded_lines": 0, "num_branches": 4, "num_partial_branches": 0, "covered_branches": 4, "missing_branches": 0}, "missing_lines": [], "excluded_lines": [], "executed_branches": [[44, 45], [44, 48], [110, 111], [110, 112]], "missing_branches": []}, "plot_case_interaction_graph": {"executed_lines": [133, 134, 136, 137, 138, 139, 141, 149, 159, 160, 161, 162, 163, 165, 166, 167, 169, 173, 174, 177, 187, 193, 195, 203, 206, 208, 209, 210, 211, 212, 213], "summary": {"covered_lines": 31, "num_statements": 31, "percent_covered": 100.0, "percent_covered_display": "100.00", "missing_lines": 0, "excluded_lines": 0, "num_branches": 4, "num_partial_branches": 0, "covered_branches": 4, "missing_branches": 0}, "missing_lines": [], "excluded_lines": [], "executed_branches": [[159, 160], [159, 165], [208, 209], [208, 210]], "missing_branches": []}, "plot_case_interaction_graph._draw_nodes": {"executed_lines": [142, 143, 144, 146], "summary": {"covered_lines": 4, "num_statements": 4, "percent_covered": 100.0, "percent_covered_display": "100.00", "missing_lines": 0, "excluded_lines": 0, "num_branches": 2, "num_partial_branches": 0, "covered_branches": 2, "missing_branches": 0}, "missing_lines": [], "excluded_lines": [], "executed_branches": [[142, -141], [142, 143]], "missing_branches": []}, "plot_case_interaction_graph._draw_main_edges": {"executed_lines": [150, 151, 152, 154], "summary": {"covered_lines": 4, "num_statements": 4, "percent_covered": 100.0, "percent_covered_display": "100.00", "missing_lines": 0, "excluded_lines": 0, "num_branches": 2, "num_partial_branches": 0, "covered_branches": 2, "missing_branches": 0}, "missing_lines": [], "excluded_lines": [], "executed_branches": [[150, -149], [150, 151]], "missing_branches": []}, "plot_monoidal_functor_security": {"executed_lines": [240, 242, 243, 245, 246, 249, 250, 251, 252, 253, 255, 256, 259, 260, 261, 262, 265, 266, 267, 268, 269, 270, 271, 272, 282, 283, 284, 288, 289, 290, 293, 295, 297, 306, 316, 317, 318, 319, 320, 321, 322, 323, 324, 327, 328, 329, 332, 333, 335, 336, 337, 338, 339, 340, 341, 342, 347, 348, 349, 350, 353, 357, 360, 361, 363, 364, 365, 366, 367, 368], "summary": {"covered_lines": 70, "num_statements": 72, "percent_covered": 97.72727272727273, "percent_covered_display": "97.73", "missing_lines": 2, "excluded_lines": 0, "num_branches": 16, "num_partial_branches": 0, "covered_branches": 16, "missing_branches": 0}, "missing_lines": [325, 326], "excluded_lines": [], "executed_branches": [[265, 266], [265, 282], [282, 283], [282, 288], [288, 289], [288, 293], [320, 321], [320, 332], [322, 323], [322, 329], [347, 348], [347, 353], [348, 347], [348, 349], [363, 364], [363, 365]], "missing_branches": []}, "": {"executed_lines": [1, 5, 7, 8, 10, 11, 12, 13, 14, 16, 17, 26, 29, 119, 216], "summary": {"covered_lines": 14, "num_statements": 14, "percent_covered": 100.0, "percent_covered_display": "100.00", "missing_lines": 0, "excluded_lines": 0, "num_branches": 0, "num_partial_branches": 0, "covered_branches": 0, "missing_branches": 0}, "missing_lines": [], "excluded_lines": [], "executed_branches": [], "missing_branches": []}}, "classes": {"": {"executed_lines": [1, 5, 7, 8, 10, 11, 12, 13, 14, 16, 17, 26, 29, 44, 45, 46, 48, 50, 52, 58, 60, 61, 63, 70, 72, 73, 75, 76, 77, 79, 99, 108, 110, 111, 112, 113, 114, 116, 119, 133, 134, 136, 137, 138, 139, 141, 142, 143, 144, 146, 149, 150, 151, 152, 154, 159, 160, 161, 162, 163, 165, 166, 167, 169, 173, 174, 177, 187, 193, 195, 203, 206, 208, 209, 210, 211, 212, 213, 216, 240, 242, 243, 245, 246, 249, 250, 251, 252, 253, 255, 256, 259, 260, 261, 262, 265, 266, 267, 268, 269, 270, 271, 272, 282, 283, 284, 288, 289, 290, 293, 295, 297, 306, 316, 317, 318, 319, 320, 321, 322, 323, 324, 327, 328, 329, 332, 333, 335, 336, 337, 338, 339, 340, 341, 342, 347, 348, 349, 350, 353, 357, 360, 361, 363, 364, 365, 366, 367, 368], "summary": {"covered_lines": 148, "num_statements": 150, "percent_covered": 98.87640449438203, "percent_covered_display": "98.88", "missing_lines": 2, "excluded_lines": 0, "num_branches": 28, "num_partial_branches": 0, "covered_branches": 28, "missing_branches": 0}, "missing_lines": [325, 326], "excluded_lines": [], "executed_branches": [[44, 45], [44, 48], [110, 111], [110, 112], [142, -141], [142, 143], [150, -149], [150, 151], [159, 160], [159, 165], [208, 209], [208, 210], [265, 266], [265, 282], [282, 283], [282, 288], [288, 289], [288, 293], [320, 321], [320, 332], [322, 323], [322, 329], [347, 348], [347, 353], [348, 347], [348, 349], [363, 364], [363, 365]], "missing_branches": []}}}, "src/visualization/string_diagrams.py": {"executed_lines": [1, 7, 8, 10, 11, 12, 13, 15, 16, 17, 26, 29, 44, 46, 47, 48, 51, 52, 53, 58, 64, 65, 73, 74, 78, 79, 80, 81, 88, 89, 90, 91, 92, 94, 95, 96, 97, 98, 99, 100, 101, 107, 108, 110, 111, 112, 113, 114, 115, 117, 118, 119, 121, 124, 142, 144, 145, 146, 149, 152, 155, 156, 157, 161, 169, 170, 173, 174, 175, 176, 179, 182, 184, 190, 191, 199, 200, 201, 202, 203, 210, 211, 212, 213, 214, 215, 217, 218, 219, 221, 224, 231, 232, 239, 246, 247], "summary": {"covered_lines": 95, "num_statements": 95, "percent_covered": 98.31932773109244, "percent_covered_display": "98.32", "missing_lines": 0, "excluded_lines": 0, "num_branches": 24, "num_partial_branches": 2, "covered_branches": 22, "missing_branches": 2}, "missing_lines": [], "excluded_lines": [], "executed_branches": [[51, 52], [51, 88], [73, 51], [73, 74], [79, 80], [79, 81], [89, 90], [89, 110], [94, 95], [94, 110], [95, 96], [117, 118], [117, 121], [155, 156], [155, 169], [169, 170], [169, 210], [174, 175], [199, 169], [199, 200], [217, 218], [217, 221]], "missing_branches": [[95, 94], [174, 199]], "functions": {"render_discocat_sentence": {"executed_lines": [44, 46, 47, 48, 51, 52, 53, 58, 64, 65, 73, 74, 78, 79, 80, 81, 88, 89, 90, 91, 92, 94, 95, 96, 97, 98, 99, 100, 101, 107, 108, 110, 111, 112, 113, 114, 115, 117, 118, 119, 121], "summary": {"covered_lines": 41, "num_statements": 41, "percent_covered": 98.18181818181819, "percent_covered_display": "98.18", "missing_lines": 0, "excluded_lines": 0, "num_branches": 14, "num_partial_branches": 1, "covered_branches": 13, "missing_branches": 1}, "missing_lines": [], "excluded_lines": [], "executed_branches": [[51, 52], [51, 88], [73, 51], [73, 74], [79, 80], [79, 81], [89, 90], [89, 110], [94, 95], [94, 110], [95, 96], [117, 118], [117, 121]], "missing_branches": [[95, 94]]}, "render_discourse_diagram": {"executed_lines": [142, 144, 145, 146, 149, 152, 155, 156, 157, 161, 169, 170, 173, 174, 175, 176, 179, 182, 184, 190, 191, 199, 200, 201, 202, 203, 210, 211, 212, 213, 214, 215, 217, 218, 219, 221], "summary": {"covered_lines": 36, "num_statements": 36, "percent_covered": 97.82608695652173, "percent_covered_display": "97.83", "missing_lines": 0, "excluded_lines": 0, "num_branches": 10, "num_partial_branches": 1, "covered_branches": 9, "missing_branches": 1}, "missing_lines": [], "excluded_lines": [], "executed_branches": [[155, 156], [155, 169], [169, 170], [169, 210], [174, 175], [199, 169], [199, 200], [217, 218], [217, 221]], "missing_branches": [[174, 199]]}, "render_discocirc_discourse": {"executed_lines": [231, 232], "summary": {"covered_lines": 2, "num_statements": 2, "percent_covered": 100.0, "percent_covered_display": "100.00", "missing_lines": 0, "excluded_lines": 0, "num_branches": 0, "num_partial_branches": 0, "covered_branches": 0, "missing_branches": 0}, "missing_lines": [], "excluded_lines": [], "executed_branches": [], "missing_branches": []}, "render_three_sentence_discourse": {"executed_lines": [246, 247], "summary": {"covered_lines": 2, "num_statements": 2, "percent_covered": 100.0, "percent_covered_display": "100.00", "missing_lines": 0, "excluded_lines": 0, "num_branches": 0, "num_partial_branches": 0, "covered_branches": 0, "missing_branches": 0}, "missing_lines": [], "excluded_lines": [], "executed_branches": [], "missing_branches": []}, "": {"executed_lines": [1, 7, 8, 10, 11, 12, 13, 15, 16, 17, 26, 29, 124, 224, 239], "summary": {"covered_lines": 14, "num_statements": 14, "percent_covered": 100.0, "percent_covered_display": "100.00", "missing_lines": 0, "excluded_lines": 0, "num_branches": 0, "num_partial_branches": 0, "covered_branches": 0, "missing_branches": 0}, "missing_lines": [], "excluded_lines": [], "executed_branches": [], "missing_branches": []}}, "classes": {"": {"executed_lines": [1, 7, 8, 10, 11, 12, 13, 15, 16, 17, 26, 29, 44, 46, 47, 48, 51, 52, 53, 58, 64, 65, 73, 74, 78, 79, 80, 81, 88, 89, 90, 91, 92, 94, 95, 96, 97, 98, 99, 100, 101, 107, 108, 110, 111, 112, 113, 114, 115, 117, 118, 119, 121, 124, 142, 144, 145, 146, 149, 152, 155, 156, 157, 161, 169, 170, 173, 174, 175, 176, 179, 182, 184, 190, 191, 199, 200, 201, 202, 203, 210, 211, 212, 213, 214, 215, 217, 218, 219, 221, 224, 231, 232, 239, 246, 247], "summary": {"covered_lines": 95, "num_statements": 95, "percent_covered": 98.31932773109244, "percent_covered_display": "98.32", "missing_lines": 0, "excluded_lines": 0, "num_branches": 24, "num_partial_branches": 2, "covered_branches": 22, "missing_branches": 2}, "missing_lines": [], "excluded_lines": [], "executed_branches": [[51, 52], [51, 88], [73, 51], [73, 74], [79, 80], [79, 81], [89, 90], [89, 110], [94, 95], [94, 110], [95, 96], [117, 118], [117, 121], [155, 156], [155, 169], [169, 170], [169, 210], [174, 175], [199, 169], [199, 200], [217, 218], [217, 221]], "missing_branches": [[95, 94], [174, 199]]}}}, "src/visualization/styles.py": {"executed_lines": [1, 19, 22, 23, 24, 25, 28, 45, 48, 49, 50, 51, 52, 53, 54, 55, 56, 59, 60, 61, 62, 63, 64, 65, 66, 67, 70, 71, 72, 74, 75, 78, 79, 80, 81, 82, 85, 86, 87, 88, 91, 92, 95, 101, 103], "summary": {"covered_lines": 44, "num_statements": 45, "percent_covered": 95.74468085106383, "percent_covered_display": "95.74", "missing_lines": 1, "excluded_lines": 0, "num_branches": 2, "num_partial_branches": 1, "covered_branches": 1, "missing_branches": 1}, "missing_lines": [102], "excluded_lines": [], "executed_branches": [[101, 103]], "missing_branches": [[101, 102]], "functions": {"mathtext_safe_arrows": {"executed_lines": [101, 103], "summary": {"covered_lines": 2, "num_statements": 3, "percent_covered": 60.0, "percent_covered_display": "60.00", "missing_lines": 1, "excluded_lines": 0, "num_branches": 2, "num_partial_branches": 1, "covered_branches": 1, "missing_branches": 1}, "missing_lines": [102], "excluded_lines": [], "executed_branches": [[101, 103]], "missing_branches": [[101, 102]]}, "": {"executed_lines": [1, 19, 22, 23, 24, 25, 28, 45, 48, 49, 50, 51, 52, 53, 54, 55, 56, 59, 60, 61, 62, 63, 64, 65, 66, 67, 70, 71, 72, 74, 75, 78, 79, 80, 81, 82, 85, 86, 87, 88, 91, 92, 95], "summary": {"covered_lines": 42, "num_statements": 42, "percent_covered": 100.0, "percent_covered_display": "100.00", "missing_lines": 0, "excluded_lines": 0, "num_branches": 0, "num_partial_branches": 0, "covered_branches": 0, "missing_branches": 0}, "missing_lines": [], "excluded_lines": [], "executed_branches": [], "missing_branches": []}}, "classes": {"": {"executed_lines": [1, 19, 22, 23, 24, 25, 28, 45, 48, 49, 50, 51, 52, 53, 54, 55, 56, 59, 60, 61, 62, 63, 64, 65, 66, 67, 70, 71, 72, 74, 75, 78, 79, 80, 81, 82, 85, 86, 87, 88, 91, 92, 95, 101, 103], "summary": {"covered_lines": 44, "num_statements": 45, "percent_covered": 95.74468085106383, "percent_covered_display": "95.74", "missing_lines": 1, "excluded_lines": 0, "num_branches": 2, "num_partial_branches": 1, "covered_branches": 1, "missing_branches": 1}, "missing_lines": [102], "excluded_lines": [], "executed_branches": [[101, 103]], "missing_branches": [[101, 102]]}}}, "src/visualization/syntactic_sentence_diagrams.py": {"executed_lines": [1, 11, 12, 14, 15, 16, 17, 18, 19, 21, 23, 35, 52, 120, 130, 131, 132, 135, 136, 139, 140, 141, 142, 143, 145, 146, 148, 161, 168, 169, 171, 175, 177, 183, 189, 190, 191, 194, 211, 212, 213, 216, 217, 219, 220, 222, 224, 225, 226, 229, 235, 241, 248, 254, 266, 272, 275, 282, 286, 297, 298, 300, 306, 307, 308], "summary": {"covered_lines": 64, "num_statements": 64, "percent_covered": 100.0, "percent_covered_display": "100.00", "missing_lines": 0, "excluded_lines": 0, "num_branches": 14, "num_partial_branches": 0, "covered_branches": 14, "missing_branches": 0}, "missing_lines": [], "excluded_lines": [], "executed_branches": [[131, 132], [131, 135], [139, 140], [139, 168], [140, 141], [140, 142], [168, 169], [168, 189], [211, 212], [211, 213], [224, 225], [224, 275], [297, 298], [297, 300]], "missing_branches": [], "functions": {"_draw_tree_panel": {"executed_lines": [130, 131, 132, 135, 136, 139, 140, 141, 142, 143, 145, 146, 148, 161, 168, 169, 171, 175, 177, 183, 189, 190, 191], "summary": {"covered_lines": 23, "num_statements": 23, "percent_covered": 100.0, "percent_covered_display": "100.00", "missing_lines": 0, "excluded_lines": 0, "num_branches": 8, "num_partial_branches": 0, "covered_branches": 8, "missing_branches": 0}, "missing_lines": [], "excluded_lines": [], "executed_branches": [[131, 132], [131, 135], [139, 140], [139, 168], [140, 141], [140, 142], [168, 169], [168, 189]], "missing_branches": []}, "render_syntactic_panel": {"executed_lines": [211, 212, 213, 216, 217, 219, 220, 222, 224, 225, 226, 229, 235, 241, 248, 254, 266, 272, 275, 282, 286, 297, 298, 300, 306, 307, 308], "summary": {"covered_lines": 27, "num_statements": 27, "percent_covered": 100.0, "percent_covered_display": "100.00", "missing_lines": 0, "excluded_lines": 0, "num_branches": 6, "num_partial_branches": 0, "covered_branches": 6, "missing_branches": 0}, "missing_lines": [], "excluded_lines": [], "executed_branches": [[211, 212], [211, 213], [224, 225], [224, 275], [297, 298], [297, 300]], "missing_branches": []}, "": {"executed_lines": [1, 11, 12, 14, 15, 16, 17, 18, 19, 21, 23, 35, 52, 120, 194], "summary": {"covered_lines": 14, "num_statements": 14, "percent_covered": 100.0, "percent_covered_display": "100.00", "missing_lines": 0, "excluded_lines": 0, "num_branches": 0, "num_partial_branches": 0, "covered_branches": 0, "missing_branches": 0}, "missing_lines": [], "excluded_lines": [], "executed_branches": [], "missing_branches": []}}, "classes": {"": {"executed_lines": [1, 11, 12, 14, 15, 16, 17, 18, 19, 21, 23, 35, 52, 120, 130, 131, 132, 135, 136, 139, 140, 141, 142, 143, 145, 146, 148, 161, 168, 169, 171, 175, 177, 183, 189, 190, 191, 194, 211, 212, 213, 216, 217, 219, 220, 222, 224, 225, 226, 229, 235, 241, 248, 254, 266, 272, 275, 282, 286, 297, 298, 300, 306, 307, 308], "summary": {"covered_lines": 64, "num_statements": 64, "percent_covered": 100.0, "percent_covered_display": "100.00", "missing_lines": 0, "excluded_lines": 0, "num_branches": 14, "num_partial_branches": 0, "covered_branches": 14, "missing_branches": 0}, "missing_lines": [], "excluded_lines": [], "executed_branches": [[131, 132], [131, 135], [139, 140], [139, 168], [140, 141], [140, 142], [168, 169], [168, 189], [211, 212], [211, 213], [224, 225], [224, 275], [297, 298], [297, 300]], "missing_branches": []}}}}, "totals": {"covered_lines": 3510, "num_statements": 3604, "percent_covered": 95.95982142857143, "percent_covered_display": "95.96", "missing_lines": 94, "excluded_lines": 26, "num_branches": 876, "num_partial_branches": 83, "covered_branches": 789, "missing_branches": 87}}