{"meta": {"format": 3, "version": "7.9.2", "timestamp": "2026-03-16T13:42:30.410635", "branch_coverage": true, "show_contexts": false}, "files": {"src/case_systems/case_category.py": {"executed_lines": [1, 15, 16, 17, 18, 20, 23, 24, 30, 31, 32, 33, 34, 35, 36, 37, 40, 41, 44, 45, 46, 49, 50, 51, 60, 61, 62, 63, 65, 66, 69, 70, 71, 84, 85, 86, 88, 90, 91, 93, 99, 100, 103, 104, 107, 108, 110, 116, 117, 120, 122, 137, 138, 141, 142, 143, 144, 146, 147, 149, 151, 153, 155, 157, 159, 167, 168, 169, 170, 171, 172, 173, 175, 176, 178, 179, 181, 186, 187, 189, 201, 202, 203, 204, 210, 214, 215, 216, 217, 218, 219, 221, 224, 225, 228, 234, 235, 239, 240, 243, 244, 245, 246, 247, 248, 249, 250, 252, 253, 256, 262, 263, 264, 265, 266, 267, 268, 269, 272, 274, 281, 283, 290, 292, 299, 311], "summary": {"covered_lines": 122, "num_statements": 130, "percent_covered": 92.16867469879519, "percent_covered_display": "92.17", "missing_lines": 8, "excluded_lines": 0, "num_branches": 36, "num_partial_branches": 5, "covered_branches": 31, "missing_branches": 5}, "missing_lines": [182, 185, 205, 206, 207, 211, 220, 222], "excluded_lines": [], "executed_branches": [[99, 100], [99, 103], [103, 104], [103, 107], [116, 117], [116, 120], [137, 138], [137, 141], [167, 168], [167, 186], [168, 167], [168, 169], [169, 170], [169, 171], [171, 168], [171, 172], [172, 173], [172, 175], [181, 171], [201, 202], [201, 210], [204, 201], [210, 214], [214, 215], [214, 224], [219, 221], [221, 214], [239, 240], [239, 243], [263, 264], [263, 265]], "missing_branches": [[181, 182], [204, 205], [210, 211], [219, 220], [221, 222]], "functions": {"Morphism.__repr__": {"executed_lines": [66], "summary": {"covered_lines": 1, "num_statements": 1, "percent_covered": 100.0, "percent_covered_display": "100.00", "missing_lines": 0, "excluded_lines": 0, "num_branches": 0, "num_partial_branches": 0, "covered_branches": 0, "missing_branches": 0}, "missing_lines": [], "excluded_lines": [], "executed_branches": [], "missing_branches": []}, "CaseCategory.add_role": {"executed_lines": [90, 91], "summary": {"covered_lines": 2, "num_statements": 2, "percent_covered": 100.0, "percent_covered_display": "100.00", "missing_lines": 0, "excluded_lines": 0, "num_branches": 0, "num_partial_branches": 0, "covered_branches": 0, "missing_branches": 0}, "missing_lines": [], "excluded_lines": [], "executed_branches": [], "missing_branches": []}, "CaseCategory.add_morphism": {"executed_lines": [99, 100, 103, 104, 107, 108], "summary": {"covered_lines": 6, "num_statements": 6, "percent_covered": 100.0, "percent_covered_display": "100.00", "missing_lines": 0, "excluded_lines": 0, "num_branches": 4, "num_partial_branches": 0, "covered_branches": 4, "missing_branches": 0}, "missing_lines": [], "excluded_lines": [], "executed_branches": [[99, 100], [99, 103], [103, 104], [103, 107]], "missing_branches": []}, "CaseCategory.identity": {"executed_lines": [116, 117, 120], "summary": {"covered_lines": 3, "num_statements": 3, "percent_covered": 100.0, "percent_covered_display": "100.00", "missing_lines": 0, "excluded_lines": 0, "num_branches": 2, "num_partial_branches": 0, "covered_branches": 2, "missing_branches": 0}, "missing_lines": [], "excluded_lines": [], "executed_branches": [[116, 117], [116, 120]], "missing_branches": []}, "CaseCategory.compose": {"executed_lines": [137, 138, 141, 142, 143, 144], "summary": {"covered_lines": 6, "num_statements": 6, "percent_covered": 100.0, "percent_covered_display": "100.00", "missing_lines": 0, "excluded_lines": 0, "num_branches": 2, "num_partial_branches": 0, "covered_branches": 2, "missing_branches": 0}, "missing_lines": [], "excluded_lines": [], "executed_branches": [[137, 138], [137, 141]], "missing_branches": []}, "CaseCategory.roles": {"executed_lines": [149], "summary": {"covered_lines": 1, "num_statements": 1, "percent_covered": 100.0, "percent_covered_display": "100.00", "missing_lines": 0, "excluded_lines": 0, "num_branches": 0, "num_partial_branches": 0, "covered_branches": 0, "missing_branches": 0}, "missing_lines": [], "excluded_lines": [], "executed_branches": [], "missing_branches": []}, "CaseCategory.get_morphisms_from": {"executed_lines": [153], "summary": {"covered_lines": 1, "num_statements": 1, "percent_covered": 100.0, "percent_covered_display": "100.00", "missing_lines": 0, "excluded_lines": 0, "num_branches": 0, "num_partial_branches": 0, "covered_branches": 0, "missing_branches": 0}, "missing_lines": [], "excluded_lines": [], "executed_branches": [], "missing_branches": []}, "CaseCategory.get_morphisms_to": {"executed_lines": [157], "summary": {"covered_lines": 1, "num_statements": 1, "percent_covered": 100.0, "percent_covered_display": "100.00", "missing_lines": 0, "excluded_lines": 0, "num_branches": 0, "num_partial_branches": 0, "covered_branches": 0, "missing_branches": 0}, "missing_lines": [], "excluded_lines": [], "executed_branches": [], "missing_branches": []}, "CaseCategory.associativity_holds": {"executed_lines": [167, 168, 169, 170, 171, 172, 173, 175, 176, 178, 179, 181, 186, 187], "summary": {"covered_lines": 14, "num_statements": 16, "percent_covered": 89.28571428571429, "percent_covered_display": "89.29", "missing_lines": 2, "excluded_lines": 0, "num_branches": 12, "num_partial_branches": 1, "covered_branches": 11, "missing_branches": 1}, "missing_lines": [182, 185], "excluded_lines": [], "executed_branches": [[167, 168], [167, 186], [168, 167], [168, 169], [169, 170], [169, 171], [171, 168], [171, 172], [172, 173], [172, 175], [181, 171]], "missing_branches": [[181, 182]]}, "CaseCategory.is_well_formed": {"executed_lines": [201, 202, 203, 204, 210, 214, 215, 216, 217, 218, 219, 221, 224, 225], "summary": {"covered_lines": 14, "num_statements": 20, "percent_covered": 68.75, "percent_covered_display": "68.75", "missing_lines": 6, "excluded_lines": 0, "num_branches": 12, "num_partial_branches": 4, "covered_branches": 8, "missing_branches": 4}, "missing_lines": [205, 206, 207, 211, 220, 222], "excluded_lines": [], "executed_branches": [[201, 202], [201, 210], [204, 201], [210, 214], [214, 215], [214, 224], [219, 221], [221, 214]], "missing_branches": [[204, 205], [210, 211], [219, 220], [221, 222]]}, "standard_case_category": {"executed_lines": [234, 235, 239, 240, 243, 244, 245, 246, 247, 248, 249, 250, 252, 253], "summary": {"covered_lines": 14, "num_statements": 14, "percent_covered": 100.0, "percent_covered_display": "100.00", "missing_lines": 0, "excluded_lines": 0, "num_branches": 2, "num_partial_branches": 0, "covered_branches": 2, "missing_branches": 0}, "missing_lines": [], "excluded_lines": [], "executed_branches": [[239, 240], [239, 243]], "missing_branches": []}, "minimal_case_category": {"executed_lines": [262, 263, 264, 265, 266, 267, 268, 269], "summary": {"covered_lines": 8, "num_statements": 8, "percent_covered": 100.0, "percent_covered_display": "100.00", "missing_lines": 0, "excluded_lines": 0, "num_branches": 2, "num_partial_branches": 0, "covered_branches": 2, "missing_branches": 0}, "missing_lines": [], "excluded_lines": [], "executed_branches": [[263, 264], [263, 265]], "missing_branches": []}, "accusative_alignment": {"executed_lines": [274], "summary": {"covered_lines": 1, "num_statements": 1, "percent_covered": 100.0, "percent_covered_display": "100.00", "missing_lines": 0, "excluded_lines": 0, "num_branches": 0, "num_partial_branches": 0, "covered_branches": 0, "missing_branches": 0}, "missing_lines": [], "excluded_lines": [], "executed_branches": [], "missing_branches": []}, "ergative_alignment": {"executed_lines": [283], "summary": {"covered_lines": 1, "num_statements": 1, "percent_covered": 100.0, "percent_covered_display": "100.00", "missing_lines": 0, "excluded_lines": 0, "num_branches": 0, "num_partial_branches": 0, "covered_branches": 0, "missing_branches": 0}, "missing_lines": [], "excluded_lines": [], "executed_branches": [], "missing_branches": []}, "tripartite_alignment": {"executed_lines": [292], "summary": {"covered_lines": 1, "num_statements": 1, "percent_covered": 100.0, "percent_covered_display": "100.00", "missing_lines": 0, "excluded_lines": 0, "num_branches": 0, "num_partial_branches": 0, "covered_branches": 0, "missing_branches": 0}, "missing_lines": [], "excluded_lines": [], "executed_branches": [], "missing_branches": []}, "active_stative_alignment": {"executed_lines": [311], "summary": {"covered_lines": 1, "num_statements": 1, "percent_covered": 100.0, "percent_covered_display": "100.00", "missing_lines": 0, "excluded_lines": 0, "num_branches": 0, "num_partial_branches": 0, "covered_branches": 0, "missing_branches": 0}, "missing_lines": [], "excluded_lines": [], "executed_branches": [], "missing_branches": []}, "": {"executed_lines": [1, 15, 16, 17, 18, 20, 23, 24, 30, 31, 32, 33, 34, 35, 36, 37, 40, 41, 44, 45, 46, 49, 50, 51, 60, 61, 62, 63, 65, 69, 70, 71, 84, 85, 86, 88, 93, 110, 122, 146, 147, 151, 155, 159, 189, 228, 256, 272, 281, 290, 299], "summary": {"covered_lines": 47, "num_statements": 47, "percent_covered": 100.0, "percent_covered_display": "100.00", "missing_lines": 0, "excluded_lines": 0, "num_branches": 0, "num_partial_branches": 0, "covered_branches": 0, "missing_branches": 0}, "missing_lines": [], "excluded_lines": [], "executed_branches": [], "missing_branches": []}}, "classes": {"CaseRole": {"executed_lines": [], "summary": {"covered_lines": 0, "num_statements": 0, "percent_covered": 100.0, "percent_covered_display": "100.00", "missing_lines": 0, "excluded_lines": 0, "num_branches": 0, "num_partial_branches": 0, "covered_branches": 0, "missing_branches": 0}, "missing_lines": [], "excluded_lines": [], "executed_branches": [], "missing_branches": []}, "Morphism": {"executed_lines": [66], "summary": {"covered_lines": 1, "num_statements": 1, "percent_covered": 100.0, "percent_covered_display": "100.00", "missing_lines": 0, "excluded_lines": 0, "num_branches": 0, "num_partial_branches": 0, "covered_branches": 0, "missing_branches": 0}, "missing_lines": [], "excluded_lines": [], "executed_branches": [], "missing_branches": []}, "CaseCategory": {"executed_lines": [90, 91, 99, 100, 103, 104, 107, 108, 116, 117, 120, 137, 138, 141, 142, 143, 144, 149, 153, 157, 167, 168, 169, 170, 171, 172, 173, 175, 176, 178, 179, 181, 186, 187, 201, 202, 203, 204, 210, 214, 215, 216, 217, 218, 219, 221, 224, 225], "summary": {"covered_lines": 48, "num_statements": 56, "percent_covered": 85.22727272727273, "percent_covered_display": "85.23", "missing_lines": 8, "excluded_lines": 0, "num_branches": 32, "num_partial_branches": 5, "covered_branches": 27, "missing_branches": 5}, "missing_lines": [182, 185, 205, 206, 207, 211, 220, 222], "excluded_lines": [], "executed_branches": [[99, 100], [99, 103], [103, 104], [103, 107], [116, 117], [116, 120], [137, 138], [137, 141], [167, 168], [167, 186], [168, 167], [168, 169], [169, 170], [169, 171], [171, 168], [171, 172], [172, 173], [172, 175], [181, 171], [201, 202], [201, 210], [204, 201], [210, 214], [214, 215], [214, 224], [219, 221], [221, 214]], "missing_branches": [[181, 182], [204, 205], [210, 211], [219, 220], [221, 222]]}, "": {"executed_lines": [1, 15, 16, 17, 18, 20, 23, 24, 30, 31, 32, 33, 34, 35, 36, 37, 40, 41, 44, 45, 46, 49, 50, 51, 60, 61, 62, 63, 65, 69, 70, 71, 84, 85, 86, 88, 93, 110, 122, 146, 147, 151, 155, 159, 189, 228, 234, 235, 239, 240, 243, 244, 245, 246, 247, 248, 249, 250, 252, 253, 256, 262, 263, 264, 265, 266, 267, 268, 269, 272, 274, 281, 283, 290, 292, 299, 311], "summary": {"covered_lines": 73, "num_statements": 73, "percent_covered": 100.0, "percent_covered_display": "100.00", "missing_lines": 0, "excluded_lines": 0, "num_branches": 4, "num_partial_branches": 0, "covered_branches": 4, "missing_branches": 0}, "missing_lines": [], "excluded_lines": [], "executed_branches": [[239, 240], [239, 243], [263, 264], [263, 265]], "missing_branches": []}}}, "src/case_systems/fluid_s.py": {"executed_lines": [1, 20, 21, 22, 23, 25, 27, 30, 31, 32, 33, 36, 37, 38, 52, 53, 54, 55, 56, 58, 60, 61, 64, 69, 83, 85, 86, 87, 89, 90, 91, 94, 96, 99, 101, 114, 115, 117, 119, 122, 127, 138, 140, 156, 161, 162, 164, 170, 171, 172, 173, 174, 175, 176, 179, 192, 194, 201, 211, 212, 213, 214, 217, 233, 234, 235, 236, 237], "summary": {"covered_lines": 65, "num_statements": 66, "percent_covered": 98.86363636363636, "percent_covered_display": "98.86", "missing_lines": 1, "excluded_lines": 0, "num_branches": 22, "num_partial_branches": 0, "covered_branches": 22, "missing_branches": 0}, "missing_lines": [149], "excluded_lines": [], "executed_branches": [[60, 61], [60, 64], [83, 85], [83, 94], [85, 86], [85, 89], [94, 96], [94, 99], [114, 115], [114, 117], [117, 119], [117, 122], [172, 173], [172, 176], [173, 172], [173, 174], [174, 173], [174, 175], [233, 234], [233, 235], [235, 236], [235, 237]], "missing_branches": [], "functions": {"FluidSFunctor.__post_init__": {"executed_lines": [60, 61, 64], "summary": {"covered_lines": 3, "num_statements": 3, "percent_covered": 100.0, "percent_covered_display": "100.00", "missing_lines": 0, "excluded_lines": 0, "num_branches": 2, "num_partial_branches": 0, "covered_branches": 2, "missing_branches": 0}, "missing_lines": [], "excluded_lines": [], "executed_branches": [[60, 61], [60, 64]], "missing_branches": []}, "FluidSFunctor.map_object": {"executed_lines": [83, 85, 86, 87, 89, 90, 91, 94, 96, 99], "summary": {"covered_lines": 10, "num_statements": 10, "percent_covered": 100.0, "percent_covered_display": "100.00", "missing_lines": 0, "excluded_lines": 0, "num_branches": 6, "num_partial_branches": 0, "covered_branches": 6, "missing_branches": 0}, "missing_lines": [], "excluded_lines": [], "executed_branches": [[83, 85], [83, 94], [85, 86], [85, 89], [94, 96], [94, 99]], "missing_branches": []}, "FluidSFunctor.map_object_in_context": {"executed_lines": [114, 115, 117, 119, 122], "summary": {"covered_lines": 5, "num_statements": 5, "percent_covered": 100.0, "percent_covered_display": "100.00", "missing_lines": 0, "excluded_lines": 0, "num_branches": 4, "num_partial_branches": 0, "covered_branches": 4, "missing_branches": 0}, "missing_lines": [], "excluded_lines": [], "executed_branches": [[114, 115], [114, 117], [117, 119], [117, 122]], "missing_branches": []}, "FluidSFunctor.split_probability": {"executed_lines": [138], "summary": {"covered_lines": 1, "num_statements": 1, "percent_covered": 100.0, "percent_covered_display": "100.00", "missing_lines": 0, "excluded_lines": 0, "num_branches": 0, "num_partial_branches": 0, "covered_branches": 0, "missing_branches": 0}, "missing_lines": [], "excluded_lines": [], "executed_branches": [], "missing_branches": []}, "FluidSFunctor.map_morphism": {"executed_lines": [], "summary": {"covered_lines": 0, "num_statements": 1, "percent_covered": 0.0, "percent_covered_display": "0.00", "missing_lines": 1, "excluded_lines": 0, "num_branches": 0, "num_partial_branches": 0, "covered_branches": 0, "missing_branches": 0}, "missing_lines": [149], "excluded_lines": [], "executed_branches": [], "missing_branches": []}, "FluidSFunctor.preserves_identity": {"executed_lines": [161, 162], "summary": {"covered_lines": 2, "num_statements": 2, "percent_covered": 100.0, "percent_covered_display": "100.00", "missing_lines": 0, "excluded_lines": 0, "num_branches": 0, "num_partial_branches": 0, "covered_branches": 0, "missing_branches": 0}, "missing_lines": [], "excluded_lines": [], "executed_branches": [], "missing_branches": []}, "FluidSFunctor.kernel": {"executed_lines": [170, 171, 172, 173, 174, 175, 176], "summary": {"covered_lines": 7, "num_statements": 7, "percent_covered": 100.0, "percent_covered_display": "100.00", "missing_lines": 0, "excluded_lines": 0, "num_branches": 6, "num_partial_branches": 0, "covered_branches": 6, "missing_branches": 0}, "missing_lines": [], "excluded_lines": [], "executed_branches": [[172, 173], [172, 176], [173, 172], [173, 174], [174, 173], [174, 175]], "missing_branches": []}, "create_fluid_s_functor": {"executed_lines": [192, 194], "summary": {"covered_lines": 2, "num_statements": 2, "percent_covered": 100.0, "percent_covered_display": "100.00", "missing_lines": 0, "excluded_lines": 0, "num_branches": 0, "num_partial_branches": 0, "covered_branches": 0, "missing_branches": 0}, "missing_lines": [], "excluded_lines": [], "executed_branches": [], "missing_branches": []}, "bats_fluid_s": {"executed_lines": [211, 212, 213, 214], "summary": {"covered_lines": 4, "num_statements": 4, "percent_covered": 100.0, "percent_covered_display": "100.00", "missing_lines": 0, "excluded_lines": 0, "num_branches": 0, "num_partial_branches": 0, "covered_branches": 0, "missing_branches": 0}, "missing_lines": [], "excluded_lines": [], "executed_branches": [], "missing_branches": []}, "fluid_s_enriched_weight": {"executed_lines": [233, 234, 235, 236, 237], "summary": {"covered_lines": 5, "num_statements": 5, "percent_covered": 100.0, "percent_covered_display": "100.00", "missing_lines": 0, "excluded_lines": 0, "num_branches": 4, "num_partial_branches": 0, "covered_branches": 4, "missing_branches": 0}, "missing_lines": [], "excluded_lines": [], "executed_branches": [[233, 234], [233, 235], [235, 236], [235, 237]], "missing_branches": []}, "": {"executed_lines": [1, 20, 21, 22, 23, 25, 27, 30, 31, 32, 33, 36, 37, 38, 52, 53, 54, 55, 56, 58, 69, 101, 127, 140, 156, 164, 179, 201, 217], "summary": {"covered_lines": 26, "num_statements": 26, "percent_covered": 100.0, "percent_covered_display": "100.00", "missing_lines": 0, "excluded_lines": 0, "num_branches": 0, "num_partial_branches": 0, "covered_branches": 0, "missing_branches": 0}, "missing_lines": [], "excluded_lines": [], "executed_branches": [], "missing_branches": []}}, "classes": {"VolitionContext": {"executed_lines": [], "summary": {"covered_lines": 0, "num_statements": 0, "percent_covered": 100.0, "percent_covered_display": "100.00", "missing_lines": 0, "excluded_lines": 0, "num_branches": 0, "num_partial_branches": 0, "covered_branches": 0, "missing_branches": 0}, "missing_lines": [], "excluded_lines": [], "executed_branches": [], "missing_branches": []}, "FluidSFunctor": {"executed_lines": [60, 61, 64, 83, 85, 86, 87, 89, 90, 91, 94, 96, 99, 114, 115, 117, 119, 122, 138, 161, 162, 170, 171, 172, 173, 174, 175, 176], "summary": {"covered_lines": 28, "num_statements": 29, "percent_covered": 97.87234042553192, "percent_covered_display": "97.87", "missing_lines": 1, "excluded_lines": 0, "num_branches": 18, "num_partial_branches": 0, "covered_branches": 18, "missing_branches": 0}, "missing_lines": [149], "excluded_lines": [], "executed_branches": [[60, 61], [60, 64], [83, 85], [83, 94], [85, 86], [85, 89], [94, 96], [94, 99], [114, 115], [114, 117], [117, 119], [117, 122], [172, 173], [172, 176], [173, 172], [173, 174], [174, 173], [174, 175]], "missing_branches": []}, "": {"executed_lines": [1, 20, 21, 22, 23, 25, 27, 30, 31, 32, 33, 36, 37, 38, 52, 53, 54, 55, 56, 58, 69, 101, 127, 140, 156, 164, 179, 192, 194, 201, 211, 212, 213, 214, 217, 233, 234, 235, 236, 237], "summary": {"covered_lines": 37, "num_statements": 37, "percent_covered": 100.0, "percent_covered_display": "100.00", "missing_lines": 0, "excluded_lines": 0, "num_branches": 4, "num_partial_branches": 0, "covered_branches": 4, "missing_branches": 0}, "missing_lines": [], "excluded_lines": [], "executed_branches": [[233, 234], [233, 235], [235, 236], [235, 237]], "missing_branches": []}}}, "src/case_systems/functor.py": {"executed_lines": [1, 12, 13, 15, 24, 27, 28, 29, 42, 43, 44, 45, 47, 59, 60, 63, 65, 76, 77, 78, 84, 90, 91, 92, 93, 97, 102, 104, 129, 134, 135, 137, 139, 142, 149, 150, 151, 154, 155, 156, 163, 171, 177, 178, 181, 186, 187, 188, 189, 190, 191, 193, 194, 200, 201], "summary": {"covered_lines": 53, "num_statements": 60, "percent_covered": 86.48648648648648, "percent_covered_display": "86.49", "missing_lines": 7, "excluded_lines": 0, "num_branches": 14, "num_partial_branches": 1, "covered_branches": 11, "missing_branches": 3}, "missing_lines": [98, 114, 115, 118, 122, 123, 127], "excluded_lines": [], "executed_branches": [[59, 60], [59, 63], [97, 102], [150, 151], [150, 154], [155, 156], [155, 163], [188, 189], [188, 190], [190, 191], [190, 193]], "missing_branches": [[97, 98], [122, 123], [122, 127]], "functions": {"AlignmentFunctor.map_object": {"executed_lines": [59, 60, 63], "summary": {"covered_lines": 3, "num_statements": 3, "percent_covered": 100.0, "percent_covered_display": "100.00", "missing_lines": 0, "excluded_lines": 0, "num_branches": 2, "num_partial_branches": 0, "covered_branches": 2, "missing_branches": 0}, "missing_lines": [], "excluded_lines": [], "executed_branches": [[59, 60], [59, 63]], "missing_branches": []}, "AlignmentFunctor.map_morphism": {"executed_lines": [76, 77, 78], "summary": {"covered_lines": 3, "num_statements": 3, "percent_covered": 100.0, "percent_covered_display": "100.00", "missing_lines": 0, "excluded_lines": 0, "num_branches": 0, "num_partial_branches": 0, "covered_branches": 0, "missing_branches": 0}, "missing_lines": [], "excluded_lines": [], "executed_branches": [], "missing_branches": []}, "AlignmentFunctor.preserves_identity": {"executed_lines": [90, 91, 92, 93, 97, 102], "summary": {"covered_lines": 6, "num_statements": 7, "percent_covered": 77.77777777777777, "percent_covered_display": "77.78", "missing_lines": 1, "excluded_lines": 0, "num_branches": 2, "num_partial_branches": 1, "covered_branches": 1, "missing_branches": 1}, "missing_lines": [98], "excluded_lines": [], "executed_branches": [[97, 102]], "missing_branches": [[97, 98]]}, "AlignmentFunctor.preserves_composition": {"executed_lines": [], "summary": {"covered_lines": 0, "num_statements": 6, "percent_covered": 0.0, "percent_covered_display": "0.00", "missing_lines": 6, "excluded_lines": 0, "num_branches": 2, "num_partial_branches": 0, "covered_branches": 0, "missing_branches": 2}, "missing_lines": [114, 115, 118, 122, 123, 127], "excluded_lines": [], "executed_branches": [], "missing_branches": [[122, 123], [122, 127]]}, "AlignmentFunctor.is_injective": {"executed_lines": [134, 135], "summary": {"covered_lines": 2, "num_statements": 2, "percent_covered": 100.0, "percent_covered_display": "100.00", "missing_lines": 0, "excluded_lines": 0, "num_branches": 0, "num_partial_branches": 0, "covered_branches": 0, "missing_branches": 0}, "missing_lines": [], "excluded_lines": [], "executed_branches": [], "missing_branches": []}, "AlignmentFunctor.image_roles": {"executed_lines": [139], "summary": {"covered_lines": 1, "num_statements": 1, "percent_covered": 100.0, "percent_covered_display": "100.00", "missing_lines": 0, "excluded_lines": 0, "num_branches": 0, "num_partial_branches": 0, "covered_branches": 0, "missing_branches": 0}, "missing_lines": [], "excluded_lines": [], "executed_branches": [], "missing_branches": []}, "accusative_to_ergative_functor": {"executed_lines": [149, 150, 151, 154, 155, 156, 163, 171, 177, 178], "summary": {"covered_lines": 10, "num_statements": 10, "percent_covered": 100.0, "percent_covered_display": "100.00", "missing_lines": 0, "excluded_lines": 0, "num_branches": 4, "num_partial_branches": 0, "covered_branches": 4, "missing_branches": 0}, "missing_lines": [], "excluded_lines": [], "executed_branches": [[150, 151], [150, 154], [155, 156], [155, 163]], "missing_branches": []}, "tripartite_functor": {"executed_lines": [186, 187, 188, 189, 190, 191, 193, 194, 200, 201], "summary": {"covered_lines": 10, "num_statements": 10, "percent_covered": 100.0, "percent_covered_display": "100.00", "missing_lines": 0, "excluded_lines": 0, "num_branches": 4, "num_partial_branches": 0, "covered_branches": 4, "missing_branches": 0}, "missing_lines": [], "excluded_lines": [], "executed_branches": [[188, 189], [188, 190], [190, 191], [190, 193]], "missing_branches": []}, "": {"executed_lines": [1, 12, 13, 15, 24, 27, 28, 29, 42, 43, 44, 45, 47, 65, 84, 104, 129, 137, 142, 181], "summary": {"covered_lines": 18, "num_statements": 18, "percent_covered": 100.0, "percent_covered_display": "100.00", "missing_lines": 0, "excluded_lines": 0, "num_branches": 0, "num_partial_branches": 0, "covered_branches": 0, "missing_branches": 0}, "missing_lines": [], "excluded_lines": [], "executed_branches": [], "missing_branches": []}}, "classes": {"AlignmentFunctor": {"executed_lines": [59, 60, 63, 76, 77, 78, 90, 91, 92, 93, 97, 102, 134, 135, 139], "summary": {"covered_lines": 15, "num_statements": 22, "percent_covered": 64.28571428571429, "percent_covered_display": "64.29", "missing_lines": 7, "excluded_lines": 0, "num_branches": 6, "num_partial_branches": 1, "covered_branches": 3, "missing_branches": 3}, "missing_lines": [98, 114, 115, 118, 122, 123, 127], "excluded_lines": [], "executed_branches": [[59, 60], [59, 63], [97, 102]], "missing_branches": [[97, 98], [122, 123], [122, 127]]}, "": {"executed_lines": [1, 12, 13, 15, 24, 27, 28, 29, 42, 43, 44, 45, 47, 65, 84, 104, 129, 137, 142, 149, 150, 151, 154, 155, 156, 163, 171, 177, 178, 181, 186, 187, 188, 189, 190, 191, 193, 194, 200, 201], "summary": {"covered_lines": 38, "num_statements": 38, "percent_covered": 100.0, "percent_covered_display": "100.00", "missing_lines": 0, "excluded_lines": 0, "num_branches": 8, "num_partial_branches": 0, "covered_branches": 8, "missing_branches": 0}, "missing_lines": [], "excluded_lines": [], "executed_branches": [[150, 151], [150, 154], [155, 156], [155, 163], [188, 189], [188, 190], [190, 191], [190, 193]], "missing_branches": []}}}, "src/case_systems/natural_transformation.py": {"executed_lines": [1, 17, 18, 20, 21, 23, 26, 27, 28, 36, 37, 38, 40, 42, 49, 50, 51, 60, 61, 62, 63, 65, 67, 75, 85, 86, 89, 94, 95, 97, 98, 102, 108, 109, 114, 120, 121, 122, 123, 124, 125, 129, 131, 137, 139, 141, 144, 145, 146, 151, 157, 163, 164, 169, 172, 190, 191, 196, 202, 203, 204, 205, 206, 212, 216], "summary": {"covered_lines": 61, "num_statements": 64, "percent_covered": 91.66666666666667, "percent_covered_display": "91.67", "missing_lines": 3, "excluded_lines": 0, "num_branches": 20, "num_partial_branches": 4, "covered_branches": 16, "missing_branches": 4}, "missing_lines": [69, 90, 103], "excluded_lines": [], "executed_branches": [[67, -65], [85, 86], [85, 89], [89, 94], [97, 98], [97, 102], [102, 108], [123, 124], [123, 129], [163, 164], [163, 169], [190, 191], [190, 196], [202, 203], [202, 212], [203, 204]], "missing_branches": [[67, 69], [89, 90], [102, 103], [203, 202]], "functions": {"ComponentMorphism.as_morphism": {"executed_lines": [42], "summary": {"covered_lines": 1, "num_statements": 1, "percent_covered": 100.0, "percent_covered_display": "100.00", "missing_lines": 0, "excluded_lines": 0, "num_branches": 0, "num_partial_branches": 0, "covered_branches": 0, "missing_branches": 0}, "missing_lines": [], "excluded_lines": [], "executed_branches": [], "missing_branches": []}, "NaturalTransformation.__post_init__": {"executed_lines": [67], "summary": {"covered_lines": 1, "num_statements": 2, "percent_covered": 50.0, "percent_covered_display": "50.00", "missing_lines": 1, "excluded_lines": 0, "num_branches": 2, "num_partial_branches": 1, "covered_branches": 1, "missing_branches": 1}, "missing_lines": [69], "excluded_lines": [], "executed_branches": [[67, -65]], "missing_branches": [[67, 69]]}, "NaturalTransformation.set_component": {"executed_lines": [85, 86, 89, 94, 95, 97, 98, 102, 108, 109], "summary": {"covered_lines": 10, "num_statements": 12, "percent_covered": 80.0, "percent_covered_display": "80.00", "missing_lines": 2, "excluded_lines": 0, "num_branches": 8, "num_partial_branches": 2, "covered_branches": 6, "missing_branches": 2}, "missing_lines": [90, 103], "excluded_lines": [], "executed_branches": [[85, 86], [85, 89], [89, 94], [97, 98], [97, 102], [102, 108]], "missing_branches": [[89, 90], [102, 103]]}, "NaturalTransformation.is_complete": {"executed_lines": [120, 121, 122, 123, 124, 125, 129], "summary": {"covered_lines": 7, "num_statements": 7, "percent_covered": 100.0, "percent_covered_display": "100.00", "missing_lines": 0, "excluded_lines": 0, "num_branches": 2, "num_partial_branches": 0, "covered_branches": 2, "missing_branches": 0}, "missing_lines": [], "excluded_lines": [], "executed_branches": [[123, 124], [123, 129]], "missing_branches": []}, "NaturalTransformation.component_morphisms": {"executed_lines": [137], "summary": {"covered_lines": 1, "num_statements": 1, "percent_covered": 100.0, "percent_covered_display": "100.00", "missing_lines": 0, "excluded_lines": 0, "num_branches": 0, "num_partial_branches": 0, "covered_branches": 0, "missing_branches": 0}, "missing_lines": [], "excluded_lines": [], "executed_branches": [], "missing_branches": []}, "NaturalTransformation.image_roles": {"executed_lines": [141], "summary": {"covered_lines": 1, "num_statements": 1, "percent_covered": 100.0, "percent_covered_display": "100.00", "missing_lines": 0, "excluded_lines": 0, "num_branches": 0, "num_partial_branches": 0, "covered_branches": 0, "missing_branches": 0}, "missing_lines": [], "excluded_lines": [], "executed_branches": [], "missing_branches": []}, "IdentityNaturalTransformation.__init__": {"executed_lines": [157, 163, 164, 169], "summary": {"covered_lines": 4, "num_statements": 4, "percent_covered": 100.0, "percent_covered_display": "100.00", "missing_lines": 0, "excluded_lines": 0, "num_branches": 2, "num_partial_branches": 0, "covered_branches": 2, "missing_branches": 0}, "missing_lines": [], "excluded_lines": [], "executed_branches": [[163, 164], [163, 169]], "missing_branches": []}, "compose_transformations": {"executed_lines": [190, 191, 196, 202, 203, 204, 205, 206, 212, 216], "summary": {"covered_lines": 10, "num_statements": 10, "percent_covered": 93.75, "percent_covered_display": "93.75", "missing_lines": 0, "excluded_lines": 0, "num_branches": 6, "num_partial_branches": 1, "covered_branches": 5, "missing_branches": 1}, "missing_lines": [], "excluded_lines": [], "executed_branches": [[190, 191], [190, 196], [202, 203], [202, 212], [203, 204]], "missing_branches": [[203, 202]]}, "": {"executed_lines": [1, 17, 18, 20, 21, 23, 26, 27, 28, 36, 37, 38, 40, 49, 50, 51, 60, 61, 62, 63, 65, 75, 114, 131, 139, 144, 145, 146, 151, 172], "summary": {"covered_lines": 26, "num_statements": 26, "percent_covered": 100.0, "percent_covered_display": "100.00", "missing_lines": 0, "excluded_lines": 0, "num_branches": 0, "num_partial_branches": 0, "covered_branches": 0, "missing_branches": 0}, "missing_lines": [], "excluded_lines": [], "executed_branches": [], "missing_branches": []}}, "classes": {"ComponentMorphism": {"executed_lines": [42], "summary": {"covered_lines": 1, "num_statements": 1, "percent_covered": 100.0, "percent_covered_display": "100.00", "missing_lines": 0, "excluded_lines": 0, "num_branches": 0, "num_partial_branches": 0, "covered_branches": 0, "missing_branches": 0}, "missing_lines": [], "excluded_lines": [], "executed_branches": [], "missing_branches": []}, "NaturalTransformation": {"executed_lines": [67, 85, 86, 89, 94, 95, 97, 98, 102, 108, 109, 120, 121, 122, 123, 124, 125, 129, 137, 141], "summary": {"covered_lines": 20, "num_statements": 23, "percent_covered": 82.85714285714286, "percent_covered_display": "82.86", "missing_lines": 3, "excluded_lines": 0, "num_branches": 12, "num_partial_branches": 3, "covered_branches": 9, "missing_branches": 3}, "missing_lines": [69, 90, 103], "excluded_lines": [], "executed_branches": [[67, -65], [85, 86], [85, 89], [89, 94], [97, 98], [97, 102], [102, 108], [123, 124], [123, 129]], "missing_branches": [[67, 69], [89, 90], [102, 103]]}, "IdentityNaturalTransformation": {"executed_lines": [157, 163, 164, 169], "summary": {"covered_lines": 4, "num_statements": 4, "percent_covered": 100.0, "percent_covered_display": "100.00", "missing_lines": 0, "excluded_lines": 0, "num_branches": 2, "num_partial_branches": 0, "covered_branches": 2, "missing_branches": 0}, "missing_lines": [], "excluded_lines": [], "executed_branches": [[163, 164], [163, 169]], "missing_branches": []}, "": {"executed_lines": [1, 17, 18, 20, 21, 23, 26, 27, 28, 36, 37, 38, 40, 49, 50, 51, 60, 61, 62, 63, 65, 75, 114, 131, 139, 144, 145, 146, 151, 172, 190, 191, 196, 202, 203, 204, 205, 206, 212, 216], "summary": {"covered_lines": 36, "num_statements": 36, "percent_covered": 97.61904761904762, "percent_covered_display": "97.62", "missing_lines": 0, "excluded_lines": 0, "num_branches": 6, "num_partial_branches": 1, "covered_branches": 5, "missing_branches": 1}, "missing_lines": [], "excluded_lines": [], "executed_branches": [[190, 191], [190, 196], [202, 203], [202, 212], [203, 204]], "missing_branches": [[203, 202]]}}}, "src/cognitive/action_selection.py": {"executed_lines": [1, 7, 9, 11, 14, 38, 39, 40, 41, 44, 47, 50, 52, 53, 55], "summary": {"covered_lines": 14, "num_statements": 14, "percent_covered": 100.0, "percent_covered_display": "100.00", "missing_lines": 0, "excluded_lines": 0, "num_branches": 0, "num_partial_branches": 0, "covered_branches": 0, "missing_branches": 0}, "missing_lines": [], "excluded_lines": [], "executed_branches": [], "missing_branches": [], "functions": {"expected_free_energy": {"executed_lines": [38, 39, 40, 41, 44, 47, 50, 52, 53, 55], "summary": {"covered_lines": 10, "num_statements": 10, "percent_covered": 100.0, "percent_covered_display": "100.00", "missing_lines": 0, "excluded_lines": 0, "num_branches": 0, "num_partial_branches": 0, "covered_branches": 0, "missing_branches": 0}, "missing_lines": [], "excluded_lines": [], "executed_branches": [], "missing_branches": []}, "": {"executed_lines": [1, 7, 9, 11, 14], "summary": {"covered_lines": 4, "num_statements": 4, "percent_covered": 100.0, "percent_covered_display": "100.00", "missing_lines": 0, "excluded_lines": 0, "num_branches": 0, "num_partial_branches": 0, "covered_branches": 0, "missing_branches": 0}, "missing_lines": [], "excluded_lines": [], "executed_branches": [], "missing_branches": []}}, "classes": {"": {"executed_lines": [1, 7, 9, 11, 14, 38, 39, 40, 41, 44, 47, 50, 52, 53, 55], "summary": {"covered_lines": 14, "num_statements": 14, "percent_covered": 100.0, "percent_covered_display": "100.00", "missing_lines": 0, "excluded_lines": 0, "num_branches": 0, "num_partial_branches": 0, "covered_branches": 0, "missing_branches": 0}, "missing_lines": [], "excluded_lines": [], "executed_branches": [], "missing_branches": []}}}, "src/cognitive/belief.py": {"executed_lines": [1, 7, 8, 10, 12, 14, 17, 18, 19, 29, 30, 31, 33, 35, 36, 37, 41, 42, 45, 46, 47, 49, 57, 58, 60, 66, 67, 69, 81, 82, 83, 84], "summary": {"covered_lines": 30, "num_statements": 30, "percent_covered": 100.0, "percent_covered_display": "100.00", "missing_lines": 0, "excluded_lines": 0, "num_branches": 8, "num_partial_branches": 0, "covered_branches": 8, "missing_branches": 0}, "missing_lines": [], "excluded_lines": [], "executed_branches": [[36, 37], [36, 41], [41, 42], [41, 45], [45, 46], [45, 47], [81, 82], [81, 83]], "missing_branches": [], "functions": {"CaseDiagramBelief.__post_init__": {"executed_lines": [35, 36, 37, 41, 42, 45, 46, 47], "summary": {"covered_lines": 8, "num_statements": 8, "percent_covered": 100.0, "percent_covered_display": "100.00", "missing_lines": 0, "excluded_lines": 0, "num_branches": 6, "num_partial_branches": 0, "covered_branches": 6, "missing_branches": 0}, "missing_lines": [], "excluded_lines": [], "executed_branches": [[36, 37], [36, 41], [41, 42], [41, 45], [45, 46], [45, 47]], "missing_branches": []}, "CaseDiagramBelief.entropy": {"executed_lines": [57, 58], "summary": {"covered_lines": 2, "num_statements": 2, "percent_covered": 100.0, "percent_covered_display": "100.00", "missing_lines": 0, "excluded_lines": 0, "num_branches": 0, "num_partial_branches": 0, "covered_branches": 0, "missing_branches": 0}, "missing_lines": [], "excluded_lines": [], "executed_branches": [], "missing_branches": []}, "CaseDiagramBelief.most_likely_role": {"executed_lines": [66, 67], "summary": {"covered_lines": 2, "num_statements": 2, "percent_covered": 100.0, "percent_covered_display": "100.00", "missing_lines": 0, "excluded_lines": 0, "num_branches": 0, "num_partial_branches": 0, "covered_branches": 0, "missing_branches": 0}, "missing_lines": [], "excluded_lines": [], "executed_branches": [], "missing_branches": []}, "CaseDiagramBelief.probability_of": {"executed_lines": [81, 82, 83, 84], "summary": {"covered_lines": 4, "num_statements": 4, "percent_covered": 100.0, "percent_covered_display": "100.00", "missing_lines": 0, "excluded_lines": 0, "num_branches": 2, "num_partial_branches": 0, "covered_branches": 2, "missing_branches": 0}, "missing_lines": [], "excluded_lines": [], "executed_branches": [[81, 82], [81, 83]], "missing_branches": []}, "": {"executed_lines": [1, 7, 8, 10, 12, 14, 17, 18, 19, 29, 30, 31, 33, 49, 60, 69], "summary": {"covered_lines": 14, "num_statements": 14, "percent_covered": 100.0, "percent_covered_display": "100.00", "missing_lines": 0, "excluded_lines": 0, "num_branches": 0, "num_partial_branches": 0, "covered_branches": 0, "missing_branches": 0}, "missing_lines": [], "excluded_lines": [], "executed_branches": [], "missing_branches": []}}, "classes": {"CaseDiagramBelief": {"executed_lines": [35, 36, 37, 41, 42, 45, 46, 47, 57, 58, 66, 67, 81, 82, 83, 84], "summary": {"covered_lines": 16, "num_statements": 16, "percent_covered": 100.0, "percent_covered_display": "100.00", "missing_lines": 0, "excluded_lines": 0, "num_branches": 8, "num_partial_branches": 0, "covered_branches": 8, "missing_branches": 0}, "missing_lines": [], "excluded_lines": [], "executed_branches": [[36, 37], [36, 41], [41, 42], [41, 45], [45, 46], [45, 47], [81, 82], [81, 83]], "missing_branches": []}, "": {"executed_lines": [1, 7, 8, 10, 12, 14, 17, 18, 19, 29, 30, 31, 33, 49, 60, 69], "summary": {"covered_lines": 14, "num_statements": 14, "percent_covered": 100.0, "percent_covered_display": "100.00", "missing_lines": 0, "excluded_lines": 0, "num_branches": 0, "num_partial_branches": 0, "covered_branches": 0, "missing_branches": 0}, "missing_lines": [], "excluded_lines": [], "executed_branches": [], "missing_branches": []}}}, "src/cognitive/belief_updating.py": {"executed_lines": [1, 7, 8, 10, 12, 14, 17, 35, 36, 37, 43, 44, 46, 47, 49, 50, 56, 63, 87, 88, 89, 91, 92, 94, 95, 96, 101, 106, 108], "summary": {"covered_lines": 28, "num_statements": 28, "percent_covered": 100.0, "percent_covered_display": "100.00", "missing_lines": 0, "excluded_lines": 0, "num_branches": 8, "num_partial_branches": 0, "covered_branches": 8, "missing_branches": 0}, "missing_lines": [], "excluded_lines": [], "executed_branches": [[36, 37], [36, 43], [46, 47], [46, 49], [87, 88], [87, 91], [94, 95], [94, 108]], "missing_branches": [], "functions": {"update_belief": {"executed_lines": [35, 36, 37, 43, 44, 46, 47, 49, 50, 56], "summary": {"covered_lines": 10, "num_statements": 10, "percent_covered": 100.0, "percent_covered_display": "100.00", "missing_lines": 0, "excluded_lines": 0, "num_branches": 4, "num_partial_branches": 0, "covered_branches": 4, "missing_branches": 0}, "missing_lines": [], "excluded_lines": [], "executed_branches": [[36, 37], [36, 43], [46, 47], [46, 49]], "missing_branches": []}, "sequential_belief_update": {"executed_lines": [87, 88, 89, 91, 92, 94, 95, 96, 101, 106, 108], "summary": {"covered_lines": 11, "num_statements": 11, "percent_covered": 100.0, "percent_covered_display": "100.00", "missing_lines": 0, "excluded_lines": 0, "num_branches": 4, "num_partial_branches": 0, "covered_branches": 4, "missing_branches": 0}, "missing_lines": [], "excluded_lines": [], "executed_branches": [[87, 88], [87, 91], [94, 95], [94, 108]], "missing_branches": []}, "": {"executed_lines": [1, 7, 8, 10, 12, 14, 17, 63], "summary": {"covered_lines": 7, "num_statements": 7, "percent_covered": 100.0, "percent_covered_display": "100.00", "missing_lines": 0, "excluded_lines": 0, "num_branches": 0, "num_partial_branches": 0, "covered_branches": 0, "missing_branches": 0}, "missing_lines": [], "excluded_lines": [], "executed_branches": [], "missing_branches": []}}, "classes": {"": {"executed_lines": [1, 7, 8, 10, 12, 14, 17, 35, 36, 37, 43, 44, 46, 47, 49, 50, 56, 63, 87, 88, 89, 91, 92, 94, 95, 96, 101, 106, 108], "summary": {"covered_lines": 28, "num_statements": 28, "percent_covered": 100.0, "percent_covered_display": "100.00", "missing_lines": 0, "excluded_lines": 0, "num_branches": 8, "num_partial_branches": 0, "covered_branches": 8, "missing_branches": 0}, "missing_lines": [], "excluded_lines": [], "executed_branches": [[36, 37], [36, 43], [46, 47], [46, 49], [87, 88], [87, 91], [94, 95], [94, 108]], "missing_branches": []}}}, "src/cognitive/daif.py": {"executed_lines": [1, 18, 19, 21, 23, 24, 26, 29, 58, 59, 60, 62, 63, 64, 65, 66, 67, 68, 69, 70, 73, 75, 77, 80, 108, 109, 111, 112, 113, 114, 115, 116, 118, 120, 123, 126, 129, 132, 134, 136, 139, 171, 172, 174, 175, 177, 178, 180, 181, 184, 185, 187, 188, 191, 192, 195, 196, 198, 202, 205, 206, 207, 208, 211, 212, 213, 214, 216, 218, 224, 228, 231, 260, 261, 264, 265, 267, 268, 271, 273, 274, 276], "summary": {"covered_lines": 81, "num_statements": 85, "percent_covered": 94.11764705882354, "percent_covered_display": "94.12", "missing_lines": 4, "excluded_lines": 0, "num_branches": 34, "num_partial_branches": 3, "covered_branches": 31, "missing_branches": 3}, "missing_lines": [182, 199, 200, 269], "excluded_lines": [], "executed_branches": [[63, 64], [63, 65], [65, 66], [65, 67], [67, 68], [67, 69], [69, 70], [69, 73], [111, 112], [111, 113], [113, 114], [113, 115], [115, 116], [115, 118], [174, 175], [174, 177], [177, 178], [177, 180], [181, 184], [187, 188], [187, 228], [198, 202], [211, 212], [211, 218], [213, 214], [213, 218], [260, 261], [260, 264], [264, 265], [264, 267], [268, 271]], "missing_branches": [[181, 182], [198, 199], [268, 269]], "functions": {"push_forward_return": {"executed_lines": [58, 59, 60, 62, 63, 64, 65, 66, 67, 68, 69, 70, 73, 75, 77], "summary": {"covered_lines": 15, "num_statements": 15, "percent_covered": 100.0, "percent_covered_display": "100.00", "missing_lines": 0, "excluded_lines": 0, "num_branches": 8, "num_partial_branches": 0, "covered_branches": 8, "missing_branches": 0}, "missing_lines": [], "excluded_lines": [], "executed_branches": [[63, 64], [63, 65], [65, 66], [65, 67], [67, 68], [67, 69], [69, 70], [69, 73]], "missing_branches": []}, "quantile_td_update": {"executed_lines": [108, 109, 111, 112, 113, 114, 115, 116, 118, 120, 123, 126, 129, 132, 134, 136], "summary": {"covered_lines": 16, "num_statements": 16, "percent_covered": 100.0, "percent_covered_display": "100.00", "missing_lines": 0, "excluded_lines": 0, "num_branches": 6, "num_partial_branches": 0, "covered_branches": 6, "missing_branches": 0}, "missing_lines": [], "excluded_lines": [], "executed_branches": [[111, 112], [111, 113], [113, 114], [113, 115], [115, 116], [115, 118]], "missing_branches": []}, "distributional_case_assignment": {"executed_lines": [171, 172, 174, 175, 177, 178, 180, 181, 184, 185, 187, 188, 191, 192, 195, 196, 198, 202, 205, 206, 207, 208, 211, 212, 213, 214, 216, 218, 224, 228], "summary": {"covered_lines": 30, "num_statements": 33, "percent_covered": 89.36170212765957, "percent_covered_display": "89.36", "missing_lines": 3, "excluded_lines": 0, "num_branches": 14, "num_partial_branches": 2, "covered_branches": 12, "missing_branches": 2}, "missing_lines": [182, 199, 200], "excluded_lines": [], "executed_branches": [[174, 175], [174, 177], [177, 178], [177, 180], [181, 184], [187, 188], [187, 228], [198, 202], [211, 212], [211, 218], [213, 214], [213, 218]], "missing_branches": [[181, 182], [198, 199]]}, "distributional_prediction_error": {"executed_lines": [260, 261, 264, 265, 267, 268, 271, 273, 274, 276], "summary": {"covered_lines": 10, "num_statements": 11, "percent_covered": 88.23529411764706, "percent_covered_display": "88.24", "missing_lines": 1, "excluded_lines": 0, "num_branches": 6, "num_partial_branches": 1, "covered_branches": 5, "missing_branches": 1}, "missing_lines": [269], "excluded_lines": [], "executed_branches": [[260, 261], [260, 264], [264, 265], [264, 267], [268, 271]], "missing_branches": [[268, 269]]}, "": {"executed_lines": [1, 18, 19, 21, 23, 24, 26, 29, 80, 139, 231], "summary": {"covered_lines": 10, "num_statements": 10, "percent_covered": 100.0, "percent_covered_display": "100.00", "missing_lines": 0, "excluded_lines": 0, "num_branches": 0, "num_partial_branches": 0, "covered_branches": 0, "missing_branches": 0}, "missing_lines": [], "excluded_lines": [], "executed_branches": [], "missing_branches": []}}, "classes": {"": {"executed_lines": [1, 18, 19, 21, 23, 24, 26, 29, 58, 59, 60, 62, 63, 64, 65, 66, 67, 68, 69, 70, 73, 75, 77, 80, 108, 109, 111, 112, 113, 114, 115, 116, 118, 120, 123, 126, 129, 132, 134, 136, 139, 171, 172, 174, 175, 177, 178, 180, 181, 184, 185, 187, 188, 191, 192, 195, 196, 198, 202, 205, 206, 207, 208, 211, 212, 213, 214, 216, 218, 224, 228, 231, 260, 261, 264, 265, 267, 268, 271, 273, 274, 276], "summary": {"covered_lines": 81, "num_statements": 85, "percent_covered": 94.11764705882354, "percent_covered_display": "94.12", "missing_lines": 4, "excluded_lines": 0, "num_branches": 34, "num_partial_branches": 3, "covered_branches": 31, "missing_branches": 3}, "missing_lines": [182, 199, 200, 269], "excluded_lines": [], "executed_branches": [[63, 64], [63, 65], [65, 66], [65, 67], [67, 68], [67, 69], [69, 70], [69, 73], [111, 112], [111, 113], [113, 114], [113, 115], [115, 116], [115, 118], [174, 175], [174, 177], [177, 178], [177, 180], [181, 184], [187, 188], [187, 228], [198, 202], [211, 212], [211, 218], [213, 214], [213, 218], [260, 261], [260, 264], [264, 265], [264, 267], [268, 271]], "missing_branches": [[181, 182], [198, 199], [268, 269]]}}}, "src/cognitive/free_energy.py": {"executed_lines": [1, 7, 9, 11, 14, 33, 34, 36, 37, 38, 39, 40, 41, 42, 46, 47, 48, 50, 51, 52, 55, 76, 77, 78, 80, 81, 84, 85, 88, 89, 90], "summary": {"covered_lines": 30, "num_statements": 31, "percent_covered": 95.34883720930233, "percent_covered_display": "95.35", "missing_lines": 1, "excluded_lines": 0, "num_branches": 12, "num_partial_branches": 1, "covered_branches": 11, "missing_branches": 1}, "missing_lines": [43], "excluded_lines": [], "executed_branches": [[36, 37], [36, 38], [38, 39], [38, 40], [40, 41], [40, 42], [42, 46], [47, 48], [47, 50], [80, 81], [80, 84]], "missing_branches": [[42, 43]], "functions": {"kl_divergence": {"executed_lines": [33, 34, 36, 37, 38, 39, 40, 41, 42, 46, 47, 48, 50, 51, 52], "summary": {"covered_lines": 15, "num_statements": 16, "percent_covered": 92.3076923076923, "percent_covered_display": "92.31", "missing_lines": 1, "excluded_lines": 0, "num_branches": 10, "num_partial_branches": 1, "covered_branches": 9, "missing_branches": 1}, "missing_lines": [43], "excluded_lines": [], "executed_branches": [[36, 37], [36, 38], [38, 39], [38, 40], [40, 41], [40, 42], [42, 46], [47, 48], [47, 50]], "missing_branches": [[42, 43]]}, "variational_free_energy": {"executed_lines": [76, 77, 78, 80, 81, 84, 85, 88, 89, 90], "summary": {"covered_lines": 10, "num_statements": 10, "percent_covered": 100.0, "percent_covered_display": "100.00", "missing_lines": 0, "excluded_lines": 0, "num_branches": 2, "num_partial_branches": 0, "covered_branches": 2, "missing_branches": 0}, "missing_lines": [], "excluded_lines": [], "executed_branches": [[80, 81], [80, 84]], "missing_branches": []}, "": {"executed_lines": [1, 7, 9, 11, 14, 55], "summary": {"covered_lines": 5, "num_statements": 5, "percent_covered": 100.0, "percent_covered_display": "100.00", "missing_lines": 0, "excluded_lines": 0, "num_branches": 0, "num_partial_branches": 0, "covered_branches": 0, "missing_branches": 0}, "missing_lines": [], "excluded_lines": [], "executed_branches": [], "missing_branches": []}}, "classes": {"": {"executed_lines": [1, 7, 9, 11, 14, 33, 34, 36, 37, 38, 39, 40, 41, 42, 46, 47, 48, 50, 51, 52, 55, 76, 77, 78, 80, 81, 84, 85, 88, 89, 90], "summary": {"covered_lines": 30, "num_statements": 31, "percent_covered": 95.34883720930233, "percent_covered_display": "95.35", "missing_lines": 1, "excluded_lines": 0, "num_branches": 12, "num_partial_branches": 1, "covered_branches": 11, "missing_branches": 1}, "missing_lines": [43], "excluded_lines": [], "executed_branches": [[36, 37], [36, 38], [38, 39], [38, 40], [40, 41], [40, 42], [42, 46], [47, 48], [47, 50], [80, 81], [80, 84]], "missing_branches": [[42, 43]]}}}, "src/cognitive/prediction_error.py": {"executed_lines": [1, 7, 9, 12, 35, 36, 38, 39, 40, 43, 62, 63, 64, 65, 66, 69, 70, 71], "summary": {"covered_lines": 17, "num_statements": 18, "percent_covered": 92.3076923076923, "percent_covered_display": "92.31", "missing_lines": 1, "excluded_lines": 0, "num_branches": 8, "num_partial_branches": 1, "covered_branches": 7, "missing_branches": 1}, "missing_lines": [67], "excluded_lines": [], "executed_branches": [[35, 36], [35, 38], [62, 63], [62, 64], [64, 65], [64, 66], [66, 69]], "missing_branches": [[66, 67]], "functions": {"prediction_error": {"executed_lines": [35, 36, 38, 39, 40], "summary": {"covered_lines": 5, "num_statements": 5, "percent_covered": 100.0, "percent_covered_display": "100.00", "missing_lines": 0, "excluded_lines": 0, "num_branches": 2, "num_partial_branches": 0, "covered_branches": 2, "missing_branches": 0}, "missing_lines": [], "excluded_lines": [], "executed_branches": [[35, 36], [35, 38]], "missing_branches": []}, "p600_amplitude_ratio": {"executed_lines": [62, 63, 64, 65, 66, 69, 70, 71], "summary": {"covered_lines": 8, "num_statements": 9, "percent_covered": 86.66666666666667, "percent_covered_display": "86.67", "missing_lines": 1, "excluded_lines": 0, "num_branches": 6, "num_partial_branches": 1, "covered_branches": 5, "missing_branches": 1}, "missing_lines": [67], "excluded_lines": [], "executed_branches": [[62, 63], [62, 64], [64, 65], [64, 66], [66, 69]], "missing_branches": [[66, 67]]}, "": {"executed_lines": [1, 7, 9, 12, 43], "summary": {"covered_lines": 4, "num_statements": 4, "percent_covered": 100.0, "percent_covered_display": "100.00", "missing_lines": 0, "excluded_lines": 0, "num_branches": 0, "num_partial_branches": 0, "covered_branches": 0, "missing_branches": 0}, "missing_lines": [], "excluded_lines": [], "executed_branches": [], "missing_branches": []}}, "classes": {"": {"executed_lines": [1, 7, 9, 12, 35, 36, 38, 39, 40, 43, 62, 63, 64, 65, 66, 69, 70, 71], "summary": {"covered_lines": 17, "num_statements": 18, "percent_covered": 92.3076923076923, "percent_covered_display": "92.31", "missing_lines": 1, "excluded_lines": 0, "num_branches": 8, "num_partial_branches": 1, "covered_branches": 7, "missing_branches": 1}, "missing_lines": [67], "excluded_lines": [], "executed_branches": [[35, 36], [35, 38], [62, 63], [62, 64], [64, 65], [64, 66], [66, 69]], "missing_branches": [[66, 67]]}}}, "src/cognitive/reanalysis.py": {"executed_lines": [1, 7, 9, 11, 14, 33, 34, 35, 36, 40, 43, 66, 67, 68, 69, 73], "summary": {"covered_lines": 15, "num_statements": 15, "percent_covered": 100.0, "percent_covered_display": "100.00", "missing_lines": 0, "excluded_lines": 0, "num_branches": 0, "num_partial_branches": 0, "covered_branches": 0, "missing_branches": 0}, "missing_lines": [], "excluded_lines": [], "executed_branches": [], "missing_branches": [], "functions": {"magnitude_reanalysis_cost": {"executed_lines": [33, 34, 35, 36, 40], "summary": {"covered_lines": 5, "num_statements": 5, "percent_covered": 100.0, "percent_covered_display": "100.00", "missing_lines": 0, "excluded_lines": 0, "num_branches": 0, "num_partial_branches": 0, "covered_branches": 0, "missing_branches": 0}, "missing_lines": [], "excluded_lines": [], "executed_branches": [], "missing_branches": []}, "n400_amplitude_proxy": {"executed_lines": [66, 67, 68, 69, 73], "summary": {"covered_lines": 5, "num_statements": 5, "percent_covered": 100.0, "percent_covered_display": "100.00", "missing_lines": 0, "excluded_lines": 0, "num_branches": 0, "num_partial_branches": 0, "covered_branches": 0, "missing_branches": 0}, "missing_lines": [], "excluded_lines": [], "executed_branches": [], "missing_branches": []}, "": {"executed_lines": [1, 7, 9, 11, 14, 43], "summary": {"covered_lines": 5, "num_statements": 5, "percent_covered": 100.0, "percent_covered_display": "100.00", "missing_lines": 0, "excluded_lines": 0, "num_branches": 0, "num_partial_branches": 0, "covered_branches": 0, "missing_branches": 0}, "missing_lines": [], "excluded_lines": [], "executed_branches": [], "missing_branches": []}}, "classes": {"": {"executed_lines": [1, 7, 9, 11, 14, 33, 34, 35, 36, 40, 43, 66, 67, 68, 69, 73], "summary": {"covered_lines": 15, "num_statements": 15, "percent_covered": 100.0, "percent_covered_display": "100.00", "missing_lines": 0, "excluded_lines": 0, "num_branches": 0, "num_partial_branches": 0, "covered_branches": 0, "missing_branches": 0}, "missing_lines": [], "excluded_lines": [], "executed_branches": [], "missing_branches": []}}}, "src/diagrams/complexity_examples.py": {"executed_lines": [1, 21, 22, 24, 27, 30, 42, 44, 45, 46, 50, 55, 59, 65, 69, 75, 76, 77, 78, 82, 83, 84, 85, 86, 87, 88, 89, 93, 94, 95, 96, 97, 101, 102, 103, 104, 105, 109, 110, 111, 112, 113, 114, 115, 116, 117, 118, 119, 123, 124, 125, 126, 127, 128, 129, 130, 131, 132, 140, 141, 142, 143, 144, 145, 146, 147, 148, 149, 150, 155, 156, 157, 158, 159, 160, 161, 162, 163, 164, 165, 166, 167, 169, 170], "summary": {"covered_lines": 83, "num_statements": 84, "percent_covered": 97.67441860465117, "percent_covered_display": "97.67", "missing_lines": 1, "excluded_lines": 0, "num_branches": 2, "num_partial_branches": 1, "covered_branches": 1, "missing_branches": 1}, "missing_lines": [25], "excluded_lines": [], "executed_branches": [[24, 27]], "missing_branches": [[24, 25]], "functions": {"build_complexity_examples": {"executed_lines": [42, 44, 45, 46, 50, 55, 59, 65, 69, 75, 76, 77, 78, 82, 83, 84, 85, 86, 87, 88, 89, 93, 94, 95, 96, 97, 101, 102, 103, 104, 105, 109, 110, 111, 112, 113, 114, 115, 116, 117, 118, 119, 123, 124, 125, 126, 127, 128, 129, 130, 131, 132, 140, 141, 142, 143, 144, 145, 146, 147, 148, 149, 150, 155, 156, 157, 158, 159, 160, 161, 162, 163, 164, 165, 166, 167, 169, 170], "summary": {"covered_lines": 78, "num_statements": 78, "percent_covered": 100.0, "percent_covered_display": "100.00", "missing_lines": 0, "excluded_lines": 0, "num_branches": 0, "num_partial_branches": 0, "covered_branches": 0, "missing_branches": 0}, "missing_lines": [], "excluded_lines": [], "executed_branches": [], "missing_branches": []}, "": {"executed_lines": [1, 21, 22, 24, 27, 30], "summary": {"covered_lines": 5, "num_statements": 6, "percent_covered": 75.0, "percent_covered_display": "75.00", "missing_lines": 1, "excluded_lines": 0, "num_branches": 2, "num_partial_branches": 1, "covered_branches": 1, "missing_branches": 1}, "missing_lines": [25], "excluded_lines": [], "executed_branches": [[24, 27]], "missing_branches": [[24, 25]]}}, "classes": {"": {"executed_lines": [1, 21, 22, 24, 27, 30, 42, 44, 45, 46, 50, 55, 59, 65, 69, 75, 76, 77, 78, 82, 83, 84, 85, 86, 87, 88, 89, 93, 94, 95, 96, 97, 101, 102, 103, 104, 105, 109, 110, 111, 112, 113, 114, 115, 116, 117, 118, 119, 123, 124, 125, 126, 127, 128, 129, 130, 131, 132, 140, 141, 142, 143, 144, 145, 146, 147, 148, 149, 150, 155, 156, 157, 158, 159, 160, 161, 162, 163, 164, 165, 166, 167, 169, 170], "summary": {"covered_lines": 83, "num_statements": 84, "percent_covered": 97.67441860465117, "percent_covered_display": "97.67", "missing_lines": 1, "excluded_lines": 0, "num_branches": 2, "num_partial_branches": 1, "covered_branches": 1, "missing_branches": 1}, "missing_lines": [25], "excluded_lines": [], "executed_branches": [[24, 27]], "missing_branches": [[24, 25]]}}}, "src/diagrams/complexity_metrics.py": {"executed_lines": [1, 19, 20, 22, 24, 25, 26, 32, 33, 34, 48, 49, 50, 51, 52, 53, 54, 55, 56, 59, 68, 70, 73, 85, 87, 93, 102, 104, 107, 116, 118, 121, 133, 135, 138, 147, 149, 150, 153, 165, 167, 170, 180, 183, 184, 195, 202, 205, 221, 223, 224, 225, 226, 227, 231, 234, 245, 246, 247, 248, 250, 251, 257], "summary": {"covered_lines": 52, "num_statements": 55, "percent_covered": 94.91525423728814, "percent_covered_display": "94.92", "missing_lines": 3, "excluded_lines": 18, "num_branches": 4, "num_partial_branches": 0, "covered_branches": 4, "missing_branches": 0}, "missing_lines": [27, 28, 29], "excluded_lines": [68, 69, 85, 86, 102, 103, 116, 117, 133, 134, 147, 148, 165, 166, 180, 181, 221, 222], "executed_branches": [[246, 247], [246, 250], [250, 251], [250, 257]], "missing_branches": [], "functions": {"count_boxes": {"executed_lines": [68, 70], "summary": {"covered_lines": 1, "num_statements": 1, "percent_covered": 100.0, "percent_covered_display": "100.00", "missing_lines": 0, "excluded_lines": 2, "num_branches": 0, "num_partial_branches": 0, "covered_branches": 0, "missing_branches": 0}, "missing_lines": [], "excluded_lines": [68, 69], "executed_branches": [], "missing_branches": []}, "count_words": {"executed_lines": [85, 87], "summary": {"covered_lines": 1, "num_statements": 1, "percent_covered": 100.0, "percent_covered_display": "100.00", "missing_lines": 0, "excluded_lines": 2, "num_branches": 0, "num_partial_branches": 0, "covered_branches": 0, "missing_branches": 0}, "missing_lines": [], "excluded_lines": [85, 86], "executed_branches": [], "missing_branches": []}, "count_cups": {"executed_lines": [102, 104], "summary": {"covered_lines": 1, "num_statements": 1, "percent_covered": 100.0, "percent_covered_display": "100.00", "missing_lines": 0, "excluded_lines": 2, "num_branches": 0, "num_partial_branches": 0, "covered_branches": 0, "missing_branches": 0}, "missing_lines": [], "excluded_lines": [102, 103], "executed_branches": [], "missing_branches": []}, "count_caps": {"executed_lines": [116, 118], "summary": {"covered_lines": 1, "num_statements": 1, "percent_covered": 100.0, "percent_covered_display": "100.00", "missing_lines": 0, "excluded_lines": 2, "num_branches": 0, "num_partial_branches": 0, "covered_branches": 0, "missing_branches": 0}, "missing_lines": [], "excluded_lines": [116, 117], "executed_branches": [], "missing_branches": []}, "compute_normal_form": {"executed_lines": [133, 135], "summary": {"covered_lines": 1, "num_statements": 1, "percent_covered": 100.0, "percent_covered_display": "100.00", "missing_lines": 0, "excluded_lines": 2, "num_branches": 0, "num_partial_branches": 0, "covered_branches": 0, "missing_branches": 0}, "missing_lines": [], "excluded_lines": [133, 134], "executed_branches": [], "missing_branches": []}, "is_in_normal_form": {"executed_lines": [147, 149, 150], "summary": {"covered_lines": 2, "num_statements": 2, "percent_covered": 100.0, "percent_covered_display": "100.00", "missing_lines": 0, "excluded_lines": 2, "num_branches": 0, "num_partial_branches": 0, "covered_branches": 0, "missing_branches": 0}, "missing_lines": [], "excluded_lines": [147, 148], "executed_branches": [], "missing_branches": []}, "diagrams_equal": {"executed_lines": [165, 167], "summary": {"covered_lines": 1, "num_statements": 1, "percent_covered": 100.0, "percent_covered_display": "100.00", "missing_lines": 0, "excluded_lines": 2, "num_branches": 0, "num_partial_branches": 0, "covered_branches": 0, "missing_branches": 0}, "missing_lines": [], "excluded_lines": [165, 166], "executed_branches": [], "missing_branches": []}, "analyze_diagram": {"executed_lines": [180, 183, 184, 195, 202], "summary": {"covered_lines": 4, "num_statements": 4, "percent_covered": 100.0, "percent_covered_display": "100.00", "missing_lines": 0, "excluded_lines": 2, "num_branches": 0, "num_partial_branches": 0, "covered_branches": 0, "missing_branches": 0}, "missing_lines": [], "excluded_lines": [180, 181], "executed_branches": [], "missing_branches": []}, "syntactic_complexity_score": {"executed_lines": [221, 223, 224, 225, 226, 227, 231], "summary": {"covered_lines": 6, "num_statements": 6, "percent_covered": 100.0, "percent_covered_display": "100.00", "missing_lines": 0, "excluded_lines": 2, "num_branches": 0, "num_partial_branches": 0, "covered_branches": 0, "missing_branches": 0}, "missing_lines": [], "excluded_lines": [221, 222], "executed_branches": [], "missing_branches": []}, "compare_diagrams": {"executed_lines": [245, 246, 247, 248, 250, 251, 257], "summary": {"covered_lines": 7, "num_statements": 7, "percent_covered": 100.0, "percent_covered_display": "100.00", "missing_lines": 0, "excluded_lines": 0, "num_branches": 4, "num_partial_branches": 0, "covered_branches": 4, "missing_branches": 0}, "missing_lines": [], "excluded_lines": [], "executed_branches": [[246, 247], [246, 250], [250, 251], [250, 257]], "missing_branches": []}, "": {"executed_lines": [1, 19, 20, 22, 24, 25, 26, 32, 33, 34, 48, 49, 50, 51, 52, 53, 54, 55, 56, 59, 73, 93, 107, 121, 138, 153, 170, 205, 234], "summary": {"covered_lines": 27, "num_statements": 30, "percent_covered": 90.0, "percent_covered_display": "90.00", "missing_lines": 3, "excluded_lines": 0, "num_branches": 0, "num_partial_branches": 0, "covered_branches": 0, "missing_branches": 0}, "missing_lines": [27, 28, 29], "excluded_lines": [], "executed_branches": [], "missing_branches": []}}, "classes": {"DiagramMetrics": {"executed_lines": [], "summary": {"covered_lines": 0, "num_statements": 0, "percent_covered": 100.0, "percent_covered_display": "100.00", "missing_lines": 0, "excluded_lines": 0, "num_branches": 0, "num_partial_branches": 0, "covered_branches": 0, "missing_branches": 0}, "missing_lines": [], "excluded_lines": [], "executed_branches": [], "missing_branches": []}, "": {"executed_lines": [1, 19, 20, 22, 24, 25, 26, 32, 33, 34, 48, 49, 50, 51, 52, 53, 54, 55, 56, 59, 68, 70, 73, 85, 87, 93, 102, 104, 107, 116, 118, 121, 133, 135, 138, 147, 149, 150, 153, 165, 167, 170, 180, 183, 184, 195, 202, 205, 221, 223, 224, 225, 226, 227, 231, 234, 245, 246, 247, 248, 250, 251, 257], "summary": {"covered_lines": 52, "num_statements": 55, "percent_covered": 94.91525423728814, "percent_covered_display": "94.92", "missing_lines": 3, "excluded_lines": 18, "num_branches": 4, "num_partial_branches": 0, "covered_branches": 4, "missing_branches": 0}, "missing_lines": [27, 28, 29], "excluded_lines": [68, 69, 85, 86, 102, 103, 116, 117, 133, 134, 147, 148, 165, 166, 180, 181, 221, 222], "executed_branches": [[246, 247], [246, 250], [250, 251], [250, 257]], "missing_branches": []}}}, "src/diagrams/ditransitive.py": {"executed_lines": [1, 14, 15, 17, 18, 20, 23, 24, 25, 40, 41, 42, 43, 44, 46, 48, 49, 52, 53, 54, 57, 58, 59, 60, 61, 66, 68, 73, 74, 76, 78, 79, 81, 83, 84, 86, 88, 89, 91, 93, 94, 96, 99, 116, 124, 149, 151, 152, 155, 156, 157, 158, 161, 164, 166, 168, 170, 171, 173], "summary": {"covered_lines": 57, "num_statements": 57, "percent_covered": 100.0, "percent_covered_display": "100.00", "missing_lines": 0, "excluded_lines": 0, "num_branches": 0, "num_partial_branches": 0, "covered_branches": 0, "missing_branches": 0}, "missing_lines": [], "excluded_lines": [], "executed_branches": [], "missing_branches": [], "functions": {"DitransitiveSentence.__post_init__": {"executed_lines": [48, 49, 52, 53, 54, 57, 58, 59, 60, 61, 66, 68], "summary": {"covered_lines": 12, "num_statements": 12, "percent_covered": 100.0, "percent_covered_display": "100.00", "missing_lines": 0, "excluded_lines": 0, "num_branches": 0, "num_partial_branches": 0, "covered_branches": 0, "missing_branches": 0}, "missing_lines": [], "excluded_lines": [], "executed_branches": [], "missing_branches": []}, "DitransitiveSentence.text": {"executed_lines": [76], "summary": {"covered_lines": 1, "num_statements": 1, "percent_covered": 100.0, "percent_covered_display": "100.00", "missing_lines": 0, "excluded_lines": 0, "num_branches": 0, "num_partial_branches": 0, "covered_branches": 0, "missing_branches": 0}, "missing_lines": [], "excluded_lines": [], "executed_branches": [], "missing_branches": []}, "DitransitiveSentence.case_assignments": {"executed_lines": [81], "summary": {"covered_lines": 1, "num_statements": 1, "percent_covered": 100.0, "percent_covered_display": "100.00", "missing_lines": 0, "excluded_lines": 0, "num_branches": 0, "num_partial_branches": 0, "covered_branches": 0, "missing_branches": 0}, "missing_lines": [], "excluded_lines": [], "executed_branches": [], "missing_branches": []}, "DitransitiveSentence.num_boxes": {"executed_lines": [86], "summary": {"covered_lines": 1, "num_statements": 1, "percent_covered": 100.0, "percent_covered_display": "100.00", "missing_lines": 0, "excluded_lines": 0, "num_branches": 0, "num_partial_branches": 0, "covered_branches": 0, "missing_branches": 0}, "missing_lines": [], "excluded_lines": [], "executed_branches": [], "missing_branches": []}, "DitransitiveSentence.num_arguments": {"executed_lines": [91], "summary": {"covered_lines": 1, "num_statements": 1, "percent_covered": 100.0, "percent_covered_display": "100.00", "missing_lines": 0, "excluded_lines": 0, "num_branches": 0, "num_partial_branches": 0, "covered_branches": 0, "missing_branches": 0}, "missing_lines": [], "excluded_lines": [], "executed_branches": [], "missing_branches": []}, "DitransitiveSentence.codomain_type": {"executed_lines": [96], "summary": {"covered_lines": 1, "num_statements": 1, "percent_covered": 100.0, "percent_covered_display": "100.00", "missing_lines": 0, "excluded_lines": 0, "num_branches": 0, "num_partial_branches": 0, "covered_branches": 0, "missing_branches": 0}, "missing_lines": [], "excluded_lines": [], "executed_branches": [], "missing_branches": []}, "create_ditransitive": {"executed_lines": [116], "summary": {"covered_lines": 1, "num_statements": 1, "percent_covered": 100.0, "percent_covered_display": "100.00", "missing_lines": 0, "excluded_lines": 0, "num_branches": 0, "num_partial_branches": 0, "covered_branches": 0, "missing_branches": 0}, "missing_lines": [], "excluded_lines": [], "executed_branches": [], "missing_branches": []}, "create_discopy_ditransitive": {"executed_lines": [149, 151, 152, 155, 156, 157, 158, 161, 164, 166, 168, 170, 171, 173], "summary": {"covered_lines": 14, "num_statements": 14, "percent_covered": 100.0, "percent_covered_display": "100.00", "missing_lines": 0, "excluded_lines": 0, "num_branches": 0, "num_partial_branches": 0, "covered_branches": 0, "missing_branches": 0}, "missing_lines": [], "excluded_lines": [], "executed_branches": [], "missing_branches": []}, "": {"executed_lines": [1, 14, 15, 17, 18, 20, 23, 24, 25, 40, 41, 42, 43, 44, 46, 73, 74, 78, 79, 83, 84, 88, 89, 93, 94, 99, 124], "summary": {"covered_lines": 25, "num_statements": 25, "percent_covered": 100.0, "percent_covered_display": "100.00", "missing_lines": 0, "excluded_lines": 0, "num_branches": 0, "num_partial_branches": 0, "covered_branches": 0, "missing_branches": 0}, "missing_lines": [], "excluded_lines": [], "executed_branches": [], "missing_branches": []}}, "classes": {"DitransitiveSentence": {"executed_lines": [48, 49, 52, 53, 54, 57, 58, 59, 60, 61, 66, 68, 76, 81, 86, 91, 96], "summary": {"covered_lines": 17, "num_statements": 17, "percent_covered": 100.0, "percent_covered_display": "100.00", "missing_lines": 0, "excluded_lines": 0, "num_branches": 0, "num_partial_branches": 0, "covered_branches": 0, "missing_branches": 0}, "missing_lines": [], "excluded_lines": [], "executed_branches": [], "missing_branches": []}, "": {"executed_lines": [1, 14, 15, 17, 18, 20, 23, 24, 25, 40, 41, 42, 43, 44, 46, 73, 74, 78, 79, 83, 84, 88, 89, 93, 94, 99, 116, 124, 149, 151, 152, 155, 156, 157, 158, 161, 164, 166, 168, 170, 171, 173], "summary": {"covered_lines": 40, "num_statements": 40, "percent_covered": 100.0, "percent_covered_display": "100.00", "missing_lines": 0, "excluded_lines": 0, "num_branches": 0, "num_partial_branches": 0, "covered_branches": 0, "missing_branches": 0}, "missing_lines": [], "excluded_lines": [], "executed_branches": [], "missing_branches": []}}}, "src/diagrams/string_diagram.py": {"executed_lines": [1, 16, 17, 18, 20, 22, 28, 29, 30, 35, 37, 38, 42, 43, 46, 47, 48, 56, 57, 58, 60, 69, 70, 71, 82, 83, 84, 86, 87, 89, 91, 92, 94, 96, 100, 101, 102, 115, 116, 117, 118, 120, 130, 131, 132, 133, 134, 135, 137, 153, 154, 155, 156, 157, 158, 160, 161, 163, 164, 165, 166, 168, 169, 171, 173, 174, 179, 180, 181, 182, 183, 184, 186, 187, 192, 193, 194, 195, 196, 199, 200, 201, 214, 215, 216, 218, 223, 224, 225, 226, 227, 228, 231, 232, 237, 238, 240, 242, 243, 245, 247, 248, 250, 252, 253, 255, 257, 262, 263, 264, 265, 266, 268, 269, 276, 277, 278, 279, 281, 282, 291, 292, 293, 294, 295, 301, 318, 320, 321, 324, 325, 326, 329, 331, 333, 334, 337, 350, 352, 353, 355, 356, 359, 361, 362, 365, 379, 381, 382, 385, 386, 387, 389, 390, 392, 393, 396, 405, 407, 409, 410, 411, 413, 414, 417, 429, 431, 432, 434, 435, 436, 439, 442, 444, 446, 449, 459, 460, 469, 470, 471, 472, 474, 475], "summary": {"covered_lines": 178, "num_statements": 185, "percent_covered": 93.5960591133005, "percent_covered_display": "93.60", "missing_lines": 7, "excluded_lines": 0, "num_branches": 18, "num_partial_branches": 2, "covered_branches": 12, "missing_branches": 6}, "missing_lines": [61, 62, 63, 64, 65, 66, 97], "excluded_lines": [], "executed_branches": [[164, 165], [164, 166], [224, 225], [224, 232], [225, 226], [225, 228], [263, 264], [263, 266], [264, 265], [459, 460], [470, 471], [470, 474]], "missing_branches": [[62, 63], [62, 64], [64, 65], [64, 66], [264, 263], [459, 469]], "functions": {"AtomicType.__repr__": {"executed_lines": [38], "summary": {"covered_lines": 1, "num_statements": 1, "percent_covered": 100.0, "percent_covered_display": "100.00", "missing_lines": 0, "excluded_lines": 0, "num_branches": 0, "num_partial_branches": 0, "covered_branches": 0, "missing_branches": 0}, "missing_lines": [], "excluded_lines": [], "executed_branches": [], "missing_branches": []}, "Wire.__repr__": {"executed_lines": [], "summary": {"covered_lines": 0, "num_statements": 6, "percent_covered": 0.0, "percent_covered_display": "0.00", "missing_lines": 6, "excluded_lines": 0, "num_branches": 4, "num_partial_branches": 0, "covered_branches": 0, "missing_branches": 4}, "missing_lines": [61, 62, 63, 64, 65, 66], "excluded_lines": [], "executed_branches": [], "missing_branches": [[62, 63], [62, 64], [64, 65], [64, 66]]}, "Box.dom_type": {"executed_lines": [89], "summary": {"covered_lines": 1, "num_statements": 1, "percent_covered": 100.0, "percent_covered_display": "100.00", "missing_lines": 0, "excluded_lines": 0, "num_branches": 0, "num_partial_branches": 0, "covered_branches": 0, "missing_branches": 0}, "missing_lines": [], "excluded_lines": [], "executed_branches": [], "missing_branches": []}, "Box.cod_type": {"executed_lines": [94], "summary": {"covered_lines": 1, "num_statements": 1, "percent_covered": 100.0, "percent_covered_display": "100.00", "missing_lines": 0, "excluded_lines": 0, "num_branches": 0, "num_partial_branches": 0, "covered_branches": 0, "missing_branches": 0}, "missing_lines": [], "excluded_lines": [], "executed_branches": [], "missing_branches": []}, "Box.__repr__": {"executed_lines": [], "summary": {"covered_lines": 0, "num_statements": 1, "percent_covered": 0.0, "percent_covered_display": "0.00", "missing_lines": 1, "excluded_lines": 0, "num_branches": 0, "num_partial_branches": 0, "covered_branches": 0, "missing_branches": 0}, "missing_lines": [97], "excluded_lines": [], "executed_branches": [], "missing_branches": []}, "Sentence.add_noun": {"executed_lines": [130, 131, 132, 133, 134, 135], "summary": {"covered_lines": 6, "num_statements": 6, "percent_covered": 100.0, "percent_covered_display": "100.00", "missing_lines": 0, "excluded_lines": 0, "num_branches": 0, "num_partial_branches": 0, "covered_branches": 0, "missing_branches": 0}, "missing_lines": [], "excluded_lines": [], "executed_branches": [], "missing_branches": []}, "Sentence.add_verb": {"executed_lines": [153, 154, 155, 156, 157, 158], "summary": {"covered_lines": 6, "num_statements": 6, "percent_covered": 100.0, "percent_covered_display": "100.00", "missing_lines": 0, "excluded_lines": 0, "num_branches": 0, "num_partial_branches": 0, "covered_branches": 0, "missing_branches": 0}, "missing_lines": [], "excluded_lines": [], "executed_branches": [], "missing_branches": []}, "Sentence.codomain_type": {"executed_lines": [163, 164, 165, 166], "summary": {"covered_lines": 4, "num_statements": 4, "percent_covered": 100.0, "percent_covered_display": "100.00", "missing_lines": 0, "excluded_lines": 0, "num_branches": 2, "num_partial_branches": 0, "covered_branches": 2, "missing_branches": 0}, "missing_lines": [], "excluded_lines": [], "executed_branches": [[164, 165], [164, 166]], "missing_branches": []}, "Sentence.num_boxes": {"executed_lines": [171], "summary": {"covered_lines": 1, "num_statements": 1, "percent_covered": 100.0, "percent_covered_display": "100.00", "missing_lines": 0, "excluded_lines": 0, "num_branches": 0, "num_partial_branches": 0, "covered_branches": 0, "missing_branches": 0}, "missing_lines": [], "excluded_lines": [], "executed_branches": [], "missing_branches": []}, "Sentence.transitive": {"executed_lines": [179, 180, 181, 182, 183, 184], "summary": {"covered_lines": 6, "num_statements": 6, "percent_covered": 100.0, "percent_covered_display": "100.00", "missing_lines": 0, "excluded_lines": 0, "num_branches": 0, "num_partial_branches": 0, "covered_branches": 0, "missing_branches": 0}, "missing_lines": [], "excluded_lines": [], "executed_branches": [], "missing_branches": []}, "Sentence.intransitive": {"executed_lines": [192, 193, 194, 195, 196], "summary": {"covered_lines": 5, "num_statements": 5, "percent_covered": 100.0, "percent_covered_display": "100.00", "missing_lines": 0, "excluded_lines": 0, "num_branches": 0, "num_partial_branches": 0, "covered_branches": 0, "missing_branches": 0}, "missing_lines": [], "excluded_lines": [], "executed_branches": [], "missing_branches": []}, "Discourse.add_sentence": {"executed_lines": [223, 224, 225, 226, 227, 228, 231, 232], "summary": {"covered_lines": 8, "num_statements": 8, "percent_covered": 100.0, "percent_covered_display": "100.00", "missing_lines": 0, "excluded_lines": 0, "num_branches": 4, "num_partial_branches": 0, "covered_branches": 4, "missing_branches": 0}, "missing_lines": [], "excluded_lines": [], "executed_branches": [[224, 225], [224, 232], [225, 226], [225, 228]], "missing_branches": []}, "Discourse.entities": {"executed_lines": [240], "summary": {"covered_lines": 1, "num_statements": 1, "percent_covered": 100.0, "percent_covered_display": "100.00", "missing_lines": 0, "excluded_lines": 0, "num_branches": 0, "num_partial_branches": 0, "covered_branches": 0, "missing_branches": 0}, "missing_lines": [], "excluded_lines": [], "executed_branches": [], "missing_branches": []}, "Discourse.num_sentences": {"executed_lines": [245], "summary": {"covered_lines": 1, "num_statements": 1, "percent_covered": 100.0, "percent_covered_display": "100.00", "missing_lines": 0, "excluded_lines": 0, "num_branches": 0, "num_partial_branches": 0, "covered_branches": 0, "missing_branches": 0}, "missing_lines": [], "excluded_lines": [], "executed_branches": [], "missing_branches": []}, "Discourse.total_boxes": {"executed_lines": [250], "summary": {"covered_lines": 1, "num_statements": 1, "percent_covered": 100.0, "percent_covered_display": "100.00", "missing_lines": 0, "excluded_lines": 0, "num_branches": 0, "num_partial_branches": 0, "covered_branches": 0, "missing_branches": 0}, "missing_lines": [], "excluded_lines": [], "executed_branches": [], "missing_branches": []}, "Discourse.codomain_type": {"executed_lines": [255], "summary": {"covered_lines": 1, "num_statements": 1, "percent_covered": 100.0, "percent_covered_display": "100.00", "missing_lines": 0, "excluded_lines": 0, "num_branches": 0, "num_partial_branches": 0, "covered_branches": 0, "missing_branches": 0}, "missing_lines": [], "excluded_lines": [], "executed_branches": [], "missing_branches": []}, "Discourse.role_reversal_entities": {"executed_lines": [262, 263, 264, 265, 266], "summary": {"covered_lines": 5, "num_statements": 5, "percent_covered": 88.88888888888889, "percent_covered_display": "88.89", "missing_lines": 0, "excluded_lines": 0, "num_branches": 4, "num_partial_branches": 1, "covered_branches": 3, "missing_branches": 1}, "missing_lines": [], "excluded_lines": [], "executed_branches": [[263, 264], [263, 266], [264, 265]], "missing_branches": [[264, 263]]}, "Discourse.two_sentence": {"executed_lines": [276, 277, 278, 279], "summary": {"covered_lines": 4, "num_statements": 4, "percent_covered": 100.0, "percent_covered_display": "100.00", "missing_lines": 0, "excluded_lines": 0, "num_branches": 0, "num_partial_branches": 0, "covered_branches": 0, "missing_branches": 0}, "missing_lines": [], "excluded_lines": [], "executed_branches": [], "missing_branches": []}, "Discourse.role_reversal": {"executed_lines": [291, 292, 293, 294, 295], "summary": {"covered_lines": 5, "num_statements": 5, "percent_covered": 100.0, "percent_covered_display": "100.00", "missing_lines": 0, "excluded_lines": 0, "num_branches": 0, "num_partial_branches": 0, "covered_branches": 0, "missing_branches": 0}, "missing_lines": [], "excluded_lines": [], "executed_branches": [], "missing_branches": []}, "create_discopy_transitive": {"executed_lines": [318, 320, 321, 324, 325, 326, 329, 331, 333, 334], "summary": {"covered_lines": 10, "num_statements": 10, "percent_covered": 100.0, "percent_covered_display": "100.00", "missing_lines": 0, "excluded_lines": 0, "num_branches": 0, "num_partial_branches": 0, "covered_branches": 0, "missing_branches": 0}, "missing_lines": [], "excluded_lines": [], "executed_branches": [], "missing_branches": []}, "create_discopy_intransitive": {"executed_lines": [350, 352, 353, 355, 356, 359, 361, 362], "summary": {"covered_lines": 8, "num_statements": 8, "percent_covered": 100.0, "percent_covered_display": "100.00", "missing_lines": 0, "excluded_lines": 0, "num_branches": 0, "num_partial_branches": 0, "covered_branches": 0, "missing_branches": 0}, "missing_lines": [], "excluded_lines": [], "executed_branches": [], "missing_branches": []}, "create_discopy_passive": {"executed_lines": [379, 381, 382, 385, 386, 387, 389, 390, 392, 393], "summary": {"covered_lines": 10, "num_statements": 10, "percent_covered": 100.0, "percent_covered_display": "100.00", "missing_lines": 0, "excluded_lines": 0, "num_branches": 0, "num_partial_branches": 0, "covered_branches": 0, "missing_branches": 0}, "missing_lines": [], "excluded_lines": [], "executed_branches": [], "missing_branches": []}, "create_discopy_snake_equation": {"executed_lines": [405, 407, 409, 410, 411, 413, 414], "summary": {"covered_lines": 7, "num_statements": 7, "percent_covered": 100.0, "percent_covered_display": "100.00", "missing_lines": 0, "excluded_lines": 0, "num_branches": 0, "num_partial_branches": 0, "covered_branches": 0, "missing_branches": 0}, "missing_lines": [], "excluded_lines": [], "executed_branches": [], "missing_branches": []}, "create_discopy_composition": {"executed_lines": [429, 431, 432, 434, 435, 436, 439, 442, 444, 446], "summary": {"covered_lines": 10, "num_statements": 10, "percent_covered": 100.0, "percent_covered_display": "100.00", "missing_lines": 0, "excluded_lines": 0, "num_branches": 0, "num_partial_branches": 0, "covered_branches": 0, "missing_branches": 0}, "missing_lines": [], "excluded_lines": [], "executed_branches": [], "missing_branches": []}, "create_discopy_multilingual": {"executed_lines": [459, 460, 469, 470, 471, 472, 474, 475], "summary": {"covered_lines": 8, "num_statements": 8, "percent_covered": 91.66666666666667, "percent_covered_display": "91.67", "missing_lines": 0, "excluded_lines": 0, "num_branches": 4, "num_partial_branches": 1, "covered_branches": 3, "missing_branches": 1}, "missing_lines": [], "excluded_lines": [], "executed_branches": [[4
[...]
: 0, "missing_branches": 0}, "missing_lines": [], "excluded_lines": [], "executed_branches": [], "missing_branches": []}, "plot_fluid_s_volition_landscape": {"executed_lines": [72, 73, 74, 77, 78, 79, 83, 84, 88, 89, 90, 94, 95, 96, 97, 98, 99, 103, 107, 111, 112, 113, 115, 116, 117, 123, 124, 125, 136, 142, 150, 160, 161, 162, 164, 171, 172, 173, 174, 175, 176, 177, 179, 181, 182, 183, 185, 186, 188], "summary": {"covered_lines": 49, "num_statements": 49, "percent_covered": 100.0, "percent_covered_display": "100.00", "missing_lines": 0, "excluded_lines": 0, "num_branches": 4, "num_partial_branches": 0, "covered_branches": 4, "missing_branches": 0}, "missing_lines": [], "excluded_lines": [], "executed_branches": [[111, 112], [111, 136], [181, 182], [181, 183]], "missing_branches": []}, "": {"executed_lines": [1, 9, 10, 11, 12, 13, 14, 15, 17, 18, 24, 27, 41, 46], "summary": {"covered_lines": 13, "num_statements": 13, "percent_covered": 100.0, "percent_covered_display": "100.00", "missing_lines": 0, "excluded_lines": 0, "num_branches": 0, "num_partial_branches": 0, "covered_branches": 0, "missing_branches": 0}, "missing_lines": [], "excluded_lines": [], "executed_branches": [], "missing_branches": []}}, "classes": {"": {"executed_lines": [1, 9, 10, 11, 12, 13, 14, 15, 17, 18, 24, 27, 41, 43, 46, 72, 73, 74, 77, 78, 79, 83, 84, 88, 89, 90, 94, 95, 96, 97, 98, 99, 103, 107, 111, 112, 113, 115, 116, 117, 123, 124, 125, 136, 142, 150, 160, 161, 162, 164, 171, 172, 173, 174, 175, 176, 177, 179, 181, 182, 183, 185, 186, 188], "summary": {"covered_lines": 63, "num_statements": 63, "percent_covered": 100.0, "percent_covered_display": "100.00", "missing_lines": 0, "excluded_lines": 0, "num_branches": 4, "num_partial_branches": 0, "covered_branches": 4, "missing_branches": 0}, "missing_lines": [], "excluded_lines": [], "executed_branches": [[111, 112], [111, 136], [181, 182], [181, 183]], "missing_branches": []}}}, "src/visualization/functor_diagrams.py": {"executed_lines": [1, 10, 11, 12, 14, 15, 16, 17, 19, 20, 26, 31, 41, 50, 56, 63, 66, 85, 88, 93, 94, 95, 97, 98, 99, 100, 103, 113, 126, 134, 135, 145, 148, 153, 157, 164, 165, 172, 181, 186, 191, 192, 196, 198, 201, 217, 220, 221, 222, 224, 225, 226, 227, 233, 237, 238, 246, 247, 249, 250, 253, 254, 255, 257, 258, 259, 260, 262, 274, 275, 276, 277, 279, 283, 284, 290, 294, 295, 296], "summary": {"covered_lines": 78, "num_statements": 80, "percent_covered": 95.91836734693878, "percent_covered_display": "95.92", "missing_lines": 2, "excluded_lines": 0, "num_branches": 18, "num_partial_branches": 2, "covered_branches": 16, "missing_branches": 2}, "missing_lines": [223, 248], "excluded_lines": [], "executed_branches": [[97, 98], [97, 103], [134, 135], [134, 148], [164, 165], [164, 172], [191, 192], [191, 198], [220, 221], [220, 246], [222, 224], [246, 247], [246, 274], [247, 249], [274, 275], [274, 290]], "missing_branches": [[222, 223], [247, 248]], "functions": {"render_functor_diagram": {"executed_lines": [85, 88, 93, 94, 95, 97, 98, 99, 100, 103, 113, 126, 134, 135, 145, 148, 153, 157, 164, 165, 172, 181, 186, 191, 192, 196, 198], "summary": {"covered_lines": 27, "num_statements": 27, "percent_covered": 100.0, "percent_covered_display": "100.00", "missing_lines": 0, "excluded_lines": 0, "num_branches": 8, "num_partial_branches": 0, "covered_branches": 8, "missing_branches": 0}, "missing_lines": [], "excluded_lines": [], "executed_branches": [[97, 98], [97, 103], [134, 135], [134, 148], [164, 165], [164, 172], [191, 192], [191, 198]], "missing_branches": []}, "_draw_category_panel": {"executed_lines": [217, 220, 221, 222, 224, 225, 226, 227, 233, 237, 238, 246, 247, 249, 250, 253, 254, 255, 257, 258, 259, 260, 262, 274, 275, 276, 277, 279, 283, 284, 290, 294, 295, 296], "summary": {"covered_lines": 34, "num_statements": 36, "percent_covered": 91.30434782608695, "percent_covered_display": "91.30", "missing_lines": 2, "excluded_lines": 0, "num_branches": 10, "num_partial_branches": 2, "covered_branches": 8, "missing_branches": 2}, "missing_lines": [223, 248], "excluded_lines": [], "executed_branches": [[220, 221], [220, 246], [222, 224], [246, 247], [246, 274], [247, 249], [274, 275], [274, 290]], "missing_branches": [[222, 223], [247, 248]]}, "": {"executed_lines": [1, 10, 11, 12, 14, 15, 16, 17, 19, 20, 26, 31, 41, 50, 56, 63, 66, 201], "summary": {"covered_lines": 17, "num_statements": 17, "percent_covered": 100.0, "percent_covered_display": "100.00", "missing_lines": 0, "excluded_lines": 0, "num_branches": 0, "num_partial_branches": 0, "covered_branches": 0, "missing_branches": 0}, "missing_lines": [], "excluded_lines": [], "executed_branches": [], "missing_branches": []}}, "classes": {"": {"executed_lines": [1, 10, 11, 12, 14, 15, 16, 17, 19, 20, 26, 31, 41, 50, 56, 63, 66, 85, 88, 93, 94, 95, 97, 98, 99, 100, 103, 113, 126, 134, 135, 145, 148, 153, 157, 164, 165, 172, 181, 186, 191, 192, 196, 198, 201, 217, 220, 221, 222, 224, 225, 226, 227, 233, 237, 238, 246, 247, 249, 250, 253, 254, 255, 257, 258, 259, 260, 262, 274, 275, 276, 277, 279, 283, 284, 290, 294, 295, 296], "summary": {"covered_lines": 78, "num_statements": 80, "percent_covered": 95.91836734693878, "percent_covered_display": "95.92", "missing_lines": 2, "excluded_lines": 0, "num_branches": 18, "num_partial_branches": 2, "covered_branches": 16, "missing_branches": 2}, "missing_lines": [223, 248], "excluded_lines": [], "executed_branches": [[97, 98], [97, 103], [134, 135], [134, 148], [164, 165], [164, 172], [191, 192], [191, 198], [220, 221], [220, 246], [222, 224], [246, 247], [246, 274], [247, 249], [274, 275], [274, 290]], "missing_branches": [[222, 223], [247, 248]]}}}, "src/visualization/quantum_plots.py": {"executed_lines": [1, 6, 7, 8, 9, 11, 12, 17, 20, 37, 39, 40, 42, 44, 46, 47, 48, 49, 52, 53, 54, 63, 65, 66, 67, 68, 69, 71], "summary": {"covered_lines": 27, "num_statements": 27, "percent_covered": 100.0, "percent_covered_display": "100.00", "missing_lines": 0, "excluded_lines": 0, "num_branches": 4, "num_partial_branches": 0, "covered_branches": 4, "missing_branches": 0}, "missing_lines": [], "excluded_lines": [], "executed_branches": [[52, 53], [52, 63], [65, 66], [65, 67]], "missing_branches": [], "functions": {"plot_povm_probabilities": {"executed_lines": [37, 39, 40, 42, 44, 46, 47, 48, 49, 52, 53, 54, 63, 65, 66, 67, 68, 69, 71], "summary": {"covered_lines": 19, "num_statements": 19, "percent_covered": 100.0, "percent_covered_display": "100.00", "missing_lines": 0, "excluded_lines": 0, "num_branches": 4, "num_partial_branches": 0, "covered_branches": 4, "missing_branches": 0}, "missing_lines": [], "excluded_lines": [], "executed_branches": [[52, 53], [52, 63], [65, 66], [65, 67]], "missing_branches": []}, "": {"executed_lines": [1, 6, 7, 8, 9, 11, 12, 17, 20], "summary": {"covered_lines": 8, "num_statements": 8, "percent_covered": 100.0, "percent_covered_display": "100.00", "missing_lines": 0, "excluded_lines": 0, "num_branches": 0, "num_partial_branches": 0, "covered_branches": 0, "missing_branches": 0}, "missing_lines": [], "excluded_lines": [], "executed_branches": [], "missing_branches": []}}, "classes": {"": {"executed_lines": [1, 6, 7, 8, 9, 11, 12, 17, 20, 37, 39, 40, 42, 44, 46, 47, 48, 49, 52, 53, 54, 63, 65, 66, 67, 68, 69, 71], "summary": {"covered_lines": 27, "num_statements": 27, "percent_covered": 100.0, "percent_covered_display": "100.00", "missing_lines": 0, "excluded_lines": 0, "num_branches": 4, "num_partial_branches": 0, "covered_branches": 4, "missing_branches": 0}, "missing_lines": [], "excluded_lines": [], "executed_branches": [[52, 53], [52, 63], [65, 66], [65, 67]], "missing_branches": []}}}, "src/visualization/security_plots.py": {"executed_lines": [1, 6, 7, 8, 9, 11, 12, 20, 23, 38, 39, 40, 42, 45, 47, 51, 54, 55, 58, 65, 67, 68, 70, 71, 72, 74, 76, 77, 78, 79, 80, 82], "summary": {"covered_lines": 31, "num_statements": 31, "percent_covered": 100.0, "percent_covered_display": "100.00", "missing_lines": 0, "excluded_lines": 0, "num_branches": 4, "num_partial_branches": 0, "covered_branches": 4, "missing_branches": 0}, "missing_lines": [], "excluded_lines": [], "executed_branches": [[38, 39], [38, 42], [76, 77], [76, 78]], "missing_branches": [], "functions": {"plot_type_violations": {"executed_lines": [38, 39, 40, 42, 45, 47, 51, 54, 55, 58, 65, 67, 68, 70, 71, 72, 74, 76, 77, 78, 79, 80, 82], "summary": {"covered_lines": 23, "num_statements": 23, "percent_covered": 100.0, "percent_covered_display": "100.00", "missing_lines": 0, "excluded_lines": 0, "num_branches": 4, "num_partial_branches": 0, "covered_branches": 4, "missing_branches": 0}, "missing_lines": [], "excluded_lines": [], "executed_branches": [[38, 39], [38, 42], [76, 77], [76, 78]], "missing_branches": []}, "": {"executed_lines": [1, 6, 7, 8, 9, 11, 12, 20, 23], "summary": {"covered_lines": 8, "num_statements": 8, "percent_covered": 100.0, "percent_covered_display": "100.00", "missing_lines": 0, "excluded_lines": 0, "num_branches": 0, "num_partial_branches": 0, "covered_branches": 0, "missing_branches": 0}, "missing_lines": [], "excluded_lines": [], "executed_branches": [], "missing_branches": []}}, "classes": {"": {"executed_lines": [1, 6, 7, 8, 9, 11, 12, 20, 23, 38, 39, 40, 42, 45, 47, 51, 54, 55, 58, 65, 67, 68, 70, 71, 72, 74, 76, 77, 78, 79, 80, 82], "summary": {"covered_lines": 31, "num_statements": 31, "percent_covered": 100.0, "percent_covered_display": "100.00", "missing_lines": 0, "excluded_lines": 0, "num_branches": 4, "num_partial_branches": 0, "covered_branches": 4, "missing_branches": 0}, "missing_lines": [], "excluded_lines": [], "executed_branches": [[38, 39], [38, 42], [76, 77], [76, 78]], "missing_branches": []}}}, "src/visualization/string_diagrams.py": {"executed_lines": [1, 7, 8, 9, 11, 12, 13, 14, 16, 17, 18, 26, 29, 44, 46, 47, 48, 51, 52, 53, 58, 64, 65, 73, 74, 78, 79, 80, 81, 88, 89, 90, 91, 92, 94, 95, 96, 97, 98, 99, 100, 101, 110, 111, 112, 113, 114, 115, 117, 121, 124, 142, 144, 145, 146, 149, 152, 155, 156, 157, 161, 169, 170, 173, 174, 175, 176, 179, 182, 184, 190, 191, 199, 200, 201, 202, 203, 210, 211, 212, 213, 214, 215, 217, 221, 224, 231, 232, 239, 246, 247], "summary": {"covered_lines": 90, "num_statements": 96, "percent_covered": 90.83333333333333, "percent_covered_display": "90.83", "missing_lines": 6, "excluded_lines": 0, "num_branches": 24, "num_partial_branches": 5, "covered_branches": 19, "missing_branches": 5}, "missing_lines": [107, 108, 118, 119, 218, 219], "excluded_lines": [], "executed_branches": [[51, 52], [51, 88], [73, 51], [73, 74], [79, 80], [79, 81], [89, 90], [94, 95], [94, 110], [95, 96], [117, 121], [155, 156], [155, 169], [169, 170], [169, 210], [174, 175], [199, 169], [199, 200], [217, 221]], "missing_branches": [[89, 110], [95, 94], [117, 118], [174, 199], [217, 218]], "functions": {"render_discocat_sentence": {"executed_lines": [44, 46, 47, 48, 51, 52, 53, 58, 64, 65, 73, 74, 78, 79, 80, 81, 88, 89, 90, 91, 92, 94, 95, 96, 97, 98, 99, 100, 101, 110, 111, 112, 113, 114, 115, 117, 121], "summary": {"covered_lines": 37, "num_statements": 41, "percent_covered": 87.27272727272727, "percent_covered_display": "87.27", "missing_lines": 4, "excluded_lines": 0, "num_branches": 14, "num_partial_branches": 3, "covered_branches": 11, "missing_branches": 3}, "missing_lines": [107, 108, 118, 119], "excluded_lines": [], "executed_branches": [[51, 52], [51, 88], [73, 51], [73, 74], [79, 80], [79, 81], [89, 90], [94, 95], [94, 110], [95, 96], [117, 121]], "missing_branches": [[89, 110], [95, 94], [117, 118]]}, "render_discourse_diagram": {"executed_lines": [142, 144, 145, 146, 149, 152, 155, 156, 157, 161, 169, 170, 173, 174, 175, 176, 179, 182, 184, 190, 191, 199, 200, 201, 202, 203, 210, 211, 212, 213, 214, 215, 217, 221], "summary": {"covered_lines": 34, "num_statements": 36, "percent_covered": 91.30434782608695, "percent_covered_display": "91.30", "missing_lines": 2, "excluded_lines": 0, "num_branches": 10, "num_partial_branches": 2, "covered_branches": 8, "missing_branches": 2}, "missing_lines": [218, 219], "excluded_lines": [], "executed_branches": [[155, 156], [155, 169], [169, 170], [169, 210], [174, 175], [199, 169], [199, 200], [217, 221]], "missing_branches": [[174, 199], [217, 218]]}, "render_discocirc_discourse": {"executed_lines": [231, 232], "summary": {"covered_lines": 2, "num_statements": 2, "percent_covered": 100.0, "percent_covered_display": "100.00", "missing_lines": 0, "excluded_lines": 0, "num_branches": 0, "num_partial_branches": 0, "covered_branches": 0, "missing_branches": 0}, "missing_lines": [], "excluded_lines": [], "executed_branches": [], "missing_branches": []}, "render_three_sentence_discourse": {"executed_lines": [246, 247], "summary": {"covered_lines": 2, "num_statements": 2, "percent_covered": 100.0, "percent_covered_display": "100.00", "missing_lines": 0, "excluded_lines": 0, "num_branches": 0, "num_partial_branches": 0, "covered_branches": 0, "missing_branches": 0}, "missing_lines": [], "excluded_lines": [], "executed_branches": [], "missing_branches": []}, "": {"executed_lines": [1, 7, 8, 9, 11, 12, 13, 14, 16, 17, 18, 26, 29, 124, 224, 239], "summary": {"covered_lines": 15, "num_statements": 15, "percent_covered": 100.0, "percent_covered_display": "100.00", "missing_lines": 0, "excluded_lines": 0, "num_branches": 0, "num_partial_branches": 0, "covered_branches": 0, "missing_branches": 0}, "missing_lines": [], "excluded_lines": [], "executed_branches": [], "missing_branches": []}}, "classes": {"": {"executed_lines": [1, 7, 8, 9, 11, 12, 13, 14, 16, 17, 18, 26, 29, 44, 46, 47, 48, 51, 52, 53, 58, 64, 65, 73, 74, 78, 79, 80, 81, 88, 89, 90, 91, 92, 94, 95, 96, 97, 98, 99, 100, 101, 110, 111, 112, 113, 114, 115, 117, 121, 124, 142, 144, 145, 146, 149, 152, 155, 156, 157, 161, 169, 170, 173, 174, 175, 176, 179, 182, 184, 190, 191, 199, 200, 201, 202, 203, 210, 211, 212, 213, 214, 215, 217, 221, 224, 231, 232, 239, 246, 247], "summary": {"covered_lines": 90, "num_statements": 96, "percent_covered": 90.83333333333333, "percent_covered_display": "90.83", "missing_lines": 6, "excluded_lines": 0, "num_branches": 24, "num_partial_branches": 5, "covered_branches": 19, "missing_branches": 5}, "missing_lines": [107, 108, 118, 119, 218, 219], "excluded_lines": [], "executed_branches": [[51, 52], [51, 88], [73, 51], [73, 74], [79, 80], [79, 81], [89, 90], [94, 95], [94, 110], [95, 96], [117, 121], [155, 156], [155, 169], [169, 170], [169, 210], [174, 175], [199, 169], [199, 200], [217, 221]], "missing_branches": [[89, 110], [95, 94], [117, 118], [174, 199], [217, 218]]}}}, "src/visualization/styles.py": {"executed_lines": [1, 9, 10, 11, 12, 15, 32, 35, 36, 37, 38, 39, 40, 41, 42, 43, 46, 47, 48, 49, 50, 51, 52, 53, 54, 57, 58, 59, 61, 62, 65, 66, 67, 68, 69, 72, 73, 74, 75, 78, 79], "summary": {"covered_lines": 40, "num_statements": 40, "percent_covered": 100.0, "percent_covered_display": "100.00", "missing_lines": 0, "excluded_lines": 0, "num_branches": 0, "num_partial_branches": 0, "covered_branches": 0, "missing_branches": 0}, "missing_lines": [], "excluded_lines": [], "executed_branches": [], "missing_branches": [], "functions": {"": {"executed_lines": [1, 9, 10, 11, 12, 15, 32, 35, 36, 37, 38, 39, 40, 41, 42, 43, 46, 47, 48, 49, 50, 51, 52, 53, 54, 57, 58, 59, 61, 62, 65, 66, 67, 68, 69, 72, 73, 74, 75, 78, 79], "summary": {"covered_lines": 40, "num_statements": 40, "percent_covered": 100.0, "percent_covered_display": "100.00", "missing_lines": 0, "excluded_lines": 0, "num_branches": 0, "num_partial_branches": 0, "covered_branches": 0, "missing_branches": 0}, "missing_lines": [], "excluded_lines": [], "executed_branches": [], "missing_branches": []}}, "classes": {"": {"executed_lines": [1, 9, 10, 11, 12, 15, 32, 35, 36, 37, 38, 39, 40, 41, 42, 43, 46, 47, 48, 49, 50, 51, 52, 53, 54, 57, 58, 59, 61, 62, 65, 66, 67, 68, 69, 72, 73, 74, 75, 78, 79], "summary": {"covered_lines": 40, "num_statements": 40, "percent_covered": 100.0, "percent_covered_display": "100.00", "missing_lines": 0, "excluded_lines": 0, "num_branches": 0, "num_partial_branches": 0, "covered_branches": 0, "missing_branches": 0}, "missing_lines": [], "excluded_lines": [], "executed_branches": [], "missing_branches": []}}}, "src/visualization/syntactic_sentence_diagrams.py": {"executed_lines": [1, 11, 12, 13, 15, 16, 17, 18, 19, 20, 22, 34, 51, 119, 129, 130, 134, 135, 138, 139, 141, 142, 144, 145, 147, 160, 167, 168, 170, 174, 176, 182, 188, 189, 190, 193, 210, 211, 212, 215, 216, 218, 219, 221, 223, 224, 225, 228, 234, 240, 247, 253, 265, 271, 274, 281, 285, 296, 299, 301, 307, 308, 309], "summary": {"covered_lines": 62, "num_statements": 65, "percent_covered": 91.13924050632912, "percent_covered_display": "91.14", "missing_lines": 3, "excluded_lines": 0, "num_branches": 14, "num_partial_branches": 4, "covered_branches": 10, "missing_branches": 4}, "missing_lines": [131, 140, 297], "excluded_lines": [], "executed_branches": [[130, 134], [138, 139], [138, 167], [139, 141], [167, 168], [167, 188], [210, 211], [223, 224], [223, 274], [296, 299]], "missing_branches": [[130, 131], [139, 140], [210, 212], [296, 297]], "functions": {"_draw_tree_panel": {"executed_lines": [129, 130, 134, 135, 138, 139, 141, 142, 144, 145, 147, 160, 167, 168, 170, 174, 176, 182, 188, 189, 190], "summary": {"covered_lines": 21, "num_statements": 23, "percent_covered": 87.09677419354838, "percent_covered_display": "87.10", "missing_lines": 2, "excluded_lines": 0, "num_branches": 8, "num_partial_branches": 2, "covered_branches": 6, "missing_branches": 2}, "missing_lines": [131, 140], "excluded_lines": [], "executed_branches": [[130, 134], [138, 139], [138, 167], [139, 141], [167, 168], [167, 188]], "missing_branches": [[130, 131], [139, 140]]}, "render_syntactic_panel": {"executed_lines": [210, 211, 212, 215, 216, 218, 219, 221, 223, 224, 225, 228, 234, 240, 247, 253, 265, 271, 274, 281, 285, 296, 299, 301, 307, 308, 309], "summary": {"covered_lines": 27, "num_statements": 28, "percent_covered": 91.17647058823529, "percent_covered_display": "91.18", "missing_lines": 1, "excluded_lines": 0, "num_branches": 6, "num_partial_branches": 2, "covered_branches": 4, "missing_branches": 2}, "missing_lines": [297], "excluded_lines": [], "executed_branches": [[210, 211], [223, 224], [223, 274], [296, 299]], "missing_branches": [[210, 212], [296, 297]]}, "": {"executed_lines": [1, 11, 12, 13, 15, 16, 17, 18, 19, 20, 22, 34, 51, 119, 193], "summary": {"covered_lines": 14, "num_statements": 14, "percent_covered": 100.0, "percent_covered_display": "100.00", "missing_lines": 0, "excluded_lines": 0, "num_branches": 0, "num_partial_branches": 0, "covered_branches": 0, "missing_branches": 0}, "missing_lines": [], "excluded_lines": [], "executed_branches": [], "missing_branches": []}}, "classes": {"": {"executed_lines": [1, 11, 12, 13, 15, 16, 17, 18, 19, 20, 22, 34, 51, 119, 129, 130, 134, 135, 138, 139, 141, 142, 144, 145, 147, 160, 167, 168, 170, 174, 176, 182, 188, 189, 190, 193, 210, 211, 212, 215, 216, 218, 219, 221, 223, 224, 225, 228, 234, 240, 247, 253, 265, 271, 274, 281, 285, 296, 299, 301, 307, 308, 309], "summary": {"covered_lines": 62, "num_statements": 65, "percent_covered": 91.13924050632912, "percent_covered_display": "91.14", "missing_lines": 3, "excluded_lines": 0, "num_branches": 14, "num_partial_branches": 4, "covered_branches": 10, "missing_branches": 4}, "missing_lines": [131, 140, 297], "excluded_lines": [], "executed_branches": [[130, 134], [138, 139], [138, 167], [139, 141], [167, 168], [167, 188], [210, 211], [223, 224], [223, 274], [296, 299]], "missing_branches": [[130, 131], [139, 140], [210, 212], [296, 297]]}}}}, "totals": {"covered_lines": 1963, "num_statements": 2222, "percent_covered": 87.37900223380491, "percent_covered_display": "87.38", "missing_lines": 259, "excluded_lines": 18, "num_branches": 464, "num_partial_branches": 40, "covered_branches": 384, "missing_branches": 80}}